# JRE version: OpenJDK Runtime Environment (8.0_181-b13) (build 1.8.0_181-b13)
# Java VM: OpenJDK 64-Bit Server VM (25.181-b13 mixed mode linux-amd64 compressed oops)
Heap:
 def new generation   total 140928K, used 1639K [0x00000000c0000000, 0x00000000c98e0000, 0x00000000d5550000)
  eden space 125312K,   1% used [0x00000000c0000000, 0x00000000c0199eb0, 0x00000000c7a60000)
  from space 15616K,   0% used [0x00000000c89a0000, 0x00000000c89a0000, 0x00000000c98e0000)
  to   space 15616K,   0% used [0x00000000c7a60000, 0x00000000c7a60000, 0x00000000c89a0000)
 tenured generation   total 314592K, used 314591K [0x00000000d5550000, 0x00000000e8888000, 0x0000000100000000)
   the space 314592K,  99% used [0x00000000d5550000, 0x00000000e8887d90, 0x00000000e8887e00, 0x00000000e8888000)
 Metaspace       used 75613K, capacity 80510K, committed 80768K, reserved 1118208K
  class space    used 9748K, capacity 11042K, committed 11136K, reserved 1048576K
GC Heap History (250 events):
Event: 20.064 GC heap after
Heap after GC invocations=105 (full 5):
 def new generation   total 45760K, used 489K [0x00000000c0000000, 0x00000000c31a0000, 0x00000000d5550000)
  eden space 40704K,   0% used [0x00000000c0000000, 0x00000000c0000000, 0x00000000c27c0000)
  from space 5056K,   9% used [0x00000000c2cb0000, 0x00000000c2d2a688, 0x00000000c31a0000)
  to   space 5056K,   0% used [0x00000000c27c0000, 0x00000000c27c0000, 0x00000000c2cb0000)
 tenured generation   total 101600K, used 80244K [0x00000000d5550000, 0x00000000db888000, 0x0000000100000000)
   the space 101600K,  78% used [0x00000000d5550000, 0x00000000da3ad108, 0x00000000da3ad200, 0x00000000db888000)
 Metaspace       used 43083K, capacity 46140K, committed 46464K, reserved 1089536K
  class space    used 5909K, capacity 6697K, committed 6784K, reserved 1048576K
}
Event: 20.170 GC heap before
{Heap before GC invocations=105 (full 5):
 def new generation   total 45760K, used 41193K [0x00000000c0000000, 0x00000000c31a0000, 0x00000000d5550000)
  eden space 40704K, 100% used [0x00000000c0000000, 0x00000000c27c0000, 0x00000000c27c0000)
  from space 5056K,   9% used [0x00000000c2cb0000, 0x00000000c2d2a688, 0x00000000c31a0000)
  to   space 5056K,   0% used [0x00000000c27c0000, 0x00000000c27c0000, 0x00000000c2cb0000)
 tenured generation   total 101600K, used 80244K [0x00000000d5550000, 0x00000000db888000, 0x0000000100000000)
   the space 101600K,  78% used [0x00000000d5550000, 0x00000000da3ad108, 0x00000000da3ad200, 0x00000000db888000)
 Metaspace       used 43083K, capacity 46140K, committed 46464K, reserved 1089536K
  class space    used 5909K, capacity 6697K, committed 6784K, reserved 1048576K
Event: 20.173 GC heap after
Heap after GC invocations=106 (full 5):
 def new generation   total 45760K, used 501K [0x00000000c0000000, 0x00000000c31a0000, 0x00000000d5550000)
  eden space 40704K,   0% used [0x00000000c0000000, 0x00000000c0000000, 0x00000000c27c0000)
  from space 5056K,   9% used [0x00000000c27c0000, 0x00000000c283d7e8, 0x00000000c2cb0000)
  to   space 5056K,   0% used [0x00000000c2cb0000, 0x00000000c2cb0000, 0x00000000c31a0000)
 tenured generation   total 101600K, used 80258K [0x00000000d5550000, 0x00000000db888000, 0x0000000100000000)
   the space 101600K,  78% used [0x00000000d5550000, 0x00000000da3b0928, 0x00000000da3b0a00, 0x00000000db888000)
 Metaspace       used 43083K, capacity 46140K, committed 46464K, reserved 1089536K
  class space    used 5909K, capacity 6697K, committed 6784K, reserved 1048576K
}
Event: 20.248 GC heap before
{Heap before GC invocations=106 (full 5):
 def new generation   total 45760K, used 41205K [0x00000000c0000000, 0x00000000c31a0000, 0x00000000d5550000)
  eden space 40704K, 100% used [0x00000000c0000000, 0x00000000c27c0000, 0x00000000c27c0000)
  from space 5056K,   9% used [0x00000000c27c0000, 0x00000000c283d7e8, 0x00000000c2cb0000)
  to   space 5056K,   0% used [0x00000000c2cb0000, 0x00000000c2cb0000, 0x00000000c31a0000)
 tenured generation   total 101600K, used 80258K [0x00000000d5550000, 0x00000000db888000, 0x0000000100000000)
   the space 101600K,  78% used [0x00000000d5550000, 0x00000000da3b0928, 0x00000000da3b0a00, 0x00000000db888000)
 Metaspace       used 43083K, capacity 46140K, committed 46464K, reserved 1089536K
  class space    used 5909K, capacity 6697K, committed 6784K, reserved 1048576K
Event: 20.255 GC heap after
Heap after GC invocations=107 (full 5):
 def new generation   total 45760K, used 275K [0x00000000c0000000, 0x00000000c31a0000, 0x00000000d5550000)
  eden space 40704K,   0% used [0x00000000c0000000, 0x00000000c0000000, 0x00000000c27c0000)
  from space 5056K,   5% used [0x00000000c2cb0000, 0x00000000c2cf4c90, 0x00000000c31a0000)
  to   space 5056K,   0% used [0x00000000c27c0000, 0x00000000c27c0000, 0x00000000c2cb0000)
 tenured generation   total 101600K, used 80494K [0x00000000d5550000, 0x00000000db888000, 0x0000000100000000)
   the space 101600K,  79% used [0x00000000d5550000, 0x00000000da3ebb98, 0x00000000da3ebc00, 0x00000000db888000)
 Metaspace       used 43083K, capacity 46140K, committed 46464K, reserved 1089536K
  class space    used 5909K, capacity 6697K, committed 6784K, reserved 1048576K
}
Event: 20.362 GC heap before
{Heap before GC invocations=107 (full 5):
 def new generation   total 45760K, used 40979K [0x00000000c0000000, 0x00000000c31a0000, 0x00000000d5550000)
  eden space 40704K, 100% used [0x00000000c0000000, 0x00000000c27c0000, 0x00000000c27c0000)
  from space 5056K,   5% used [0x00000000c2cb0000, 0x00000000c2cf4c90, 0x00000000c31a0000)
  to   space 5056K,   0% used [0x00000000c27c0000, 0x00000000c27c0000, 0x00000000c2cb0000)
 tenured generation   total 101600K, used 80494K [0x00000000d5550000, 0x00000000db888000, 0x0000000100000000)
   the space 101600K,  79% used [0x00000000d5550000, 0x00000000da3ebb98, 0x00000000da3ebc00, 0x00000000db888000)
 Metaspace       used 43448K, capacity 46478K, committed 46720K, reserved 1089536K
  class space    used 5938K, capacity 6699K, committed 6784K, reserved 1048576K
Event: 20.365 GC heap after
Heap after GC invocations=108 (full 5):
 def new generation   total 45760K, used 586K [0x00000000c0000000, 0x00000000c31a0000, 0x00000000d5550000)
  eden space 40704K,   0% used [0x00000000c0000000, 0x00000000c0000000, 0x00000000c27c0000)
  from space 5056K,  11% used [0x00000000c27c0000, 0x00000000c2852818, 0x00000000c2cb0000)
  to   space 5056K,   0% used [0x00000000c2cb0000, 0x00000000c2cb0000, 0x00000000c31a0000)
 tenured generation   total 101600K, used 80566K [0x00000000d5550000, 0x00000000db888000, 0x0000000100000000)
   the space 101600K,  79% used [0x00000000d5550000, 0x00000000da3fd840, 0x00000000da3fda00, 0x00000000db888000)
 Metaspace       used 43448K, capacity 46478K, committed 46720K, reserved 1089536K
  class space    used 5938K, capacity 6699K, committed 6784K, reserved 1048576K
}
Event: 20.683 GC heap before
{Heap before GC invocations=108 (full 5):
 def new generation   total 45760K, used 41290K [0x00000000c0000000, 0x00000000c31a0000, 0x00000000d5550000)
  eden space 40704K, 100% used [0x00000000c0000000, 0x00000000c27c0000, 0x00000000c27c0000)
  from space 5056K,  11% used [0x00000000c27c0000, 0x00000000c2852818, 0x00000000c2cb0000)
  to   space 5056K,   0% used [0x00000000c2cb0000, 0x00000000c2cb0000, 0x00000000c31a0000)
 tenured generation   total 101600K, used 80566K [0x00000000d5550000, 0x00000000db888000, 0x0000000100000000)
   the space 101600K,  79% used [0x00000000d5550000, 0x00000000da3fd840, 0x00000000da3fda00, 0x00000000db888000)
 Metaspace       used 44006K, capacity 47234K, committed 47360K, reserved 1089536K
  class space    used 6000K, capacity 6826K, committed 6912K, reserved 1048576K
Event: 20.693 GC heap after
Heap after GC invocations=109 (full 5):
 def new generation   total 45760K, used 960K [0x00000000c0000000, 0x00000000c31a0000, 0x00000000d5550000)
  eden space 40704K,   0% used [0x00000000c0000000, 0x00000000c0000000, 0x00000000c27c0000)
  from space 5056K,  18% used [0x00000000c2cb0000, 0x00000000c2da0040, 0x00000000c31a0000)
  to   space 5056K,   0% used [0x00000000c27c0000, 0x00000000c27c0000, 0x00000000c2cb0000)
 tenured generation   total 101600K, used 80587K [0x00000000d5550000, 0x00000000db888000, 0x0000000100000000)
   the space 101600K,  79% used [0x00000000d5550000, 0x00000000da402ca8, 0x00000000da402e00, 0x00000000db888000)
 Metaspace       used 44006K, capacity 47234K, committed 47360K, reserved 1089536K
  class space    used 6000K, capacity 6826K, committed 6912K, reserved 1048576K
}
Event: 20.959 GC heap before
{Heap before GC invocations=109 (full 5):
 def new generation   total 45760K, used 41664K [0x00000000c0000000, 0x00000000c31a0000, 0x00000000d5550000)
  eden space 40704K, 100% used [0x00000000c0000000, 0x00000000c27c0000, 0x00000000c27c0000)
  from space 5056K,  18% used [0x00000000c2cb0000, 0x00000000c2da0040, 0x00000000c31a0000)
  to   space 5056K,   0% used [0x00000000c27c0000, 0x00000000c27c0000, 0x00000000c2cb0000)
 tenured generation   total 101600K, used 80587K [0x00000000d5550000, 0x00000000db888000, 0x0000000100000000)
   the space 101600K,  79% used [0x00000000d5550000, 0x00000000da402ca8, 0x00000000da402e00, 0x00000000db888000)
 Metaspace       used 44691K, capacity 48008K, committed 48256K, reserved 1091584K
  class space    used 6080K, capacity 6936K, committed 7040K, reserved 1048576K
Event: 20.968 GC heap after
Heap after GC invocations=110 (full 5):
 def new generation   total 45760K, used 1275K [0x00000000c0000000, 0x00000000c31a0000, 0x00000000d5550000)
  eden space 40704K,   0% used [0x00000000c0000000, 0x00000000c0000000, 0x00000000c27c0000)
  from space 5056K,  25% used [0x00000000c27c0000, 0x00000000c28fee80, 0x00000000c2cb0000)
  to   space 5056K,   0% used [0x00000000c2cb0000, 0x00000000c2cb0000, 0x00000000c31a0000)
 tenured generation   total 101600K, used 80607K [0x00000000d5550000, 0x00000000db888000, 0x0000000100000000)
   the space 101600K,  79% used [0x00000000d5550000, 0x00000000da407f78, 0x00000000da408000, 0x00000000db888000)
 Metaspace       used 44691K, capacity 48008K, committed 48256K, reserved 1091584K
  class space    used 6080K, capacity 6936K, committed 7040K, reserved 1048576K
}
Event: 21.179 GC heap before
{Heap before GC invocations=110 (full 5):
 def new generation   total 45760K, used 41979K [0x00000000c0000000, 0x00000000c31a0000, 0x00000000d5550000)
  eden space 40704K, 100% used [0x00000000c0000000, 0x00000000c27c0000, 0x00000000c27c0000)
  from space 5056K,  25% used [0x00000000c27c0000, 0x00000000c28fee80, 0x00000000c2cb0000)
  to   space 5056K,   0% used [0x00000000c2cb0000, 0x00000000c2cb0000, 0x00000000c31a0000)
 tenured generation   total 101600K, used 80607K [0x00000000d5550000, 0x00000000db888000, 0x0000000100000000)
   the space 101600K,  79% used [0x00000000d5550000, 0x00000000da407f78, 0x00000000da408000, 0x00000000db888000)
 Metaspace       used 45096K, capacity 48456K, committed 48512K, reserved 1091584K
  class space    used 6143K, capacity 7008K, committed 7040K, reserved 1048576K
Event: 21.184 GC heap after
Heap after GC invocations=111 (full 5):
 def new generation   total 45760K, used 1431K [0x00000000c0000000, 0x00000000c31a0000, 0x00000000d5550000)
  eden space 40704K,   0% used [0x00000000c0000000, 0x00000000c0000000, 0x00000000c27c0000)
  from space 5056K,  28% used [0x00000000c2cb0000, 0x00000000c2e15f48, 0x00000000c31a0000)
  to   space 5056K,   0% used [0x00000000c27c0000, 0x00000000c27c0000, 0x00000000c2cb0000)
 tenured generation   total 101600K, used 80612K [0x00000000d5550000, 0x00000000db888000, 0x0000000100000000)
   the space 101600K,  79% used [0x00000000d5550000, 0x00000000da409320, 0x00000000da409400, 0x00000000db888000)
 Metaspace       used 45096K, capacity 48456K, committed 48512K, reserved 1091584K
  class space    used 6143K, capacity 7008K, committed 7040K, reserved 1048576K
}
Event: 21.273 GC heap before
{Heap before GC invocations=111 (full 5):
 def new generation   total 45760K, used 42135K [0x00000000c0000000, 0x00000000c31a0000, 0x00000000d5550000)
  eden space 40704K, 100% used [0x00000000c0000000, 0x00000000c27c0000, 0x00000000c27c0000)
  from space 5056K,  28% used [0x00000000c2cb0000, 0x00000000c2e15f48, 0x00000000c31a0000)
  to   space 5056K,   0% used [0x00000000c27c0000, 0x00000000c27c0000, 0x00000000c2cb0000)
 tenured generation   total 101600K, used 80612K [0x00000000d5550000, 0x00000000db888000, 0x0000000100000000)
   the space 101600K,  79% used [0x00000000d5550000, 0x00000000da409320, 0x00000000da409400, 0x00000000db888000)
 Metaspace       used 45384K, capacity 48820K, committed 49152K, reserved 1091584K
  class space    used 6187K, capacity 7088K, committed 7168K, reserved 1048576K
Event: 21.278 GC heap after
Heap after GC invocations=112 (full 5):
 def new generation   total 45760K, used 1323K [0x00000000c0000000, 0x00000000c31a0000, 0x00000000d5550000)
  eden space 40704K,   0% used [0x00000000c0000000, 0x00000000c0000000, 0x00000000c27c0000)
  from space 5056K,  26% used [0x00000000c27c0000, 0x00000000c290ad50, 0x00000000c2cb0000)
  to   space 5056K,   0% used [0x00000000c2cb0000, 0x00000000c2cb0000, 0x00000000c31a0000)
 tenured generation   total 101600K, used 80626K [0x00000000d5550000, 0x00000000db888000, 0x0000000100000000)
   the space 101600K,  79% used [0x00000000d5550000, 0x00000000da40caa0, 0x00000000da40cc00, 0x00000000db888000)
 Metaspace       used 45384K, capacity 48820K, committed 49152K, reserved 1091584K
  class space    used 6187K, capacity 7088K, committed 7168K, reserved 1048576K
}
Event: 21.471 GC heap before
{Heap before GC invocations=112 (full 5):
 def new generation   total 45760K, used 42027K [0x00000000c0000000, 0x00000000c31a0000, 0x00000000d5550000)
  eden space 40704K, 100% used [0x00000000c0000000, 0x00000000c27c0000, 0x00000000c27c0000)
  from space 5056K,  26% used [0x00000000c27c0000, 0x00000000c290ad50, 0x00000000c2cb0000)
  to   space 5056K,   0% used [0x00000000c2cb0000, 0x00000000c2cb0000, 0x00000000c31a0000)
 tenured generation   total 101600K, used 80626K [0x00000000d5550000, 0x00000000db888000, 0x0000000100000000)
   the space 101600K,  79% used [0x00000000d5550000, 0x00000000da40caa0, 0x00000000da40cc00, 0x00000000db888000)
 Metaspace       used 46233K, capacity 49678K, committed 49920K, reserved 1091584K
  class space    used 6254K, capacity 7137K, committed 7168K, reserved 1048576K
Event: 21.477 GC heap after
Heap after GC invocations=113 (full 5):
 def new generation   total 45760K, used 1786K [0x00000000c0000000, 0x00000000c31a0000, 0x00000000d5550000)
  eden space 40704K,   0% used [0x00000000c0000000, 0x00000000c0000000, 0x00000000c27c0000)
  from space 5056K,  35% used [0x00000000c2cb0000, 0x00000000c2e6ea58, 0x00000000c31a0000)
  to   space 5056K,   0% used [0x00000000c27c0000, 0x00000000c27c0000, 0x00000000c2cb0000)
 tenured generation   total 101600K, used 80645K [0x00000000d5550000, 0x00000000db888000, 0x0000000100000000)
   the space 101600K,  79% used [0x00000000d5550000, 0x00000000da411620, 0x00000000da411800, 0x00000000db888000)
 Metaspace       used 46233K, capacity 49678K, committed 49920K, reserved 1091584K
  class space    used 6254K, capacity 7137K, committed 7168K, reserved 1048576K
}
Event: 21.587 GC heap before
{Heap before GC invocations=113 (full 5):
 def new generation   total 45760K, used 42490K [0x00000000c0000000, 0x00000000c31a0000, 0x00000000d5550000)
  eden space 40704K, 100% used [0x00000000c0000000, 0x00000000c27c0000, 0x00000000c27c0000)
  from space 5056K,  35% used [0x00000000c2cb0000, 0x00000000c2e6ea58, 0x00000000c31a0000)
  to   space 5056K,   0% used [0x00000000c27c0000, 0x00000000c27c0000, 0x00000000c2cb0000)
 tenured generation   total 101600K, used 80645K [0x00000000d5550000, 0x00000000db888000, 0x0000000100000000)
   the space 101600K,  79% used [0x00000000d5550000, 0x00000000da411620, 0x00000000da411800, 0x00000000db888000)
 Metaspace       used 46702K, capacity 50126K, committed 50304K, reserved 1091584K
  class space    used 6304K, capacity 7201K, committed 7296K, reserved 1048576K
Event: 21.592 GC heap after
Heap after GC invocations=114 (full 5):
 def new generation   total 45760K, used 1781K [0x00000000c0000000, 0x00000000c31a0000, 0x00000000d5550000)
  eden space 40704K,   0% used [0x00000000c0000000, 0x00000000c0000000, 0x00000000c27c0000)
  from space 5056K,  35% used [0x00000000c27c0000, 0x00000000c297d4e8, 0x00000000c2cb0000)
  to   space 5056K,   0% used [0x00000000c2cb0000, 0x00000000c2cb0000, 0x00000000c31a0000)
 tenured generation   total 101600K, used 80651K [0x00000000d5550000, 0x00000000db888000, 0x0000000100000000)
   the space 101600K,  79% used [0x00000000d5550000, 0x00000000da412ef8, 0x00000000da413000, 0x00000000db888000)
 Metaspace       used 46702K, capacity 50126K, committed 50304K, reserved 1091584K
  class space    used 6304K, capacity 7201K, committed 7296K, reserved 1048576K
}
Event: 21.927 GC heap before
{Heap before GC invocations=114 (full 5):
 def new generation   total 45760K, used 42485K [0x00000000c0000000, 0x00000000c31a0000, 0x00000000d5550000)
  eden space 40704K, 100% used [0x00000000c0000000, 0x00000000c27c0000, 0x00000000c27c0000)
  from space 5056K,  35% used [0x00000000c27c0000, 0x00000000c297d4e8, 0x00000000c2cb0000)
  to   space 5056K,   0% used [0x00000000c2cb0000, 0x00000000c2cb0000, 0x00000000c31a0000)
 tenured generation   total 101600K, used 80651K [0x00000000d5550000, 0x00000000db888000, 0x0000000100000000)
   the space 101600K,  79% used [0x00000000d5550000, 0x00000000da412ef8, 0x00000000da413000, 0x00000000db888000)
 Metaspace       used 48487K, capacity 51886K, committed 51968K, reserved 1093632K
  class space    used 6483K, capacity 7361K, committed 7424K, reserved 1048576K
Event: 21.933 GC heap after
Heap after GC invocations=115 (full 5):
 def new generation   total 45760K, used 2910K [0x00000000c0000000, 0x00000000c31a0000, 0x00000000d5550000)
  eden space 40704K,   0% used [0x00000000c0000000, 0x00000000c0000000, 0x00000000c27c0000)
  from space 5056K,  57% used [0x00000000c2cb0000, 0x00000000c2f87bf8, 0x00000000c31a0000)
  to   space 5056K,   0% used [0x00000000c27c0000, 0x00000000c27c0000, 0x00000000c2cb0000)
 tenured generation   total 101600K, used 80657K [0x00000000d5550000, 0x00000000db888000, 0x0000000100000000)
   the space 101600K,  79% used [0x00000000d5550000, 0x00000000da414498, 0x00000000da414600, 0x00000000db888000)
 Metaspace       used 48487K, capacity 51886K, committed 51968K, reserved 1093632K
  class space    used 6483K, capacity 7361K, committed 7424K, reserved 1048576K
}
Event: 22.034 GC heap before
{Heap before GC invocations=115 (full 5):
 def new generation   total 45760K, used 43614K [0x00000000c0000000, 0x00000000c31a0000, 0x00000000d5550000)
  eden space 40704K, 100% used [0x00000000c0000000, 0x00000000c27c0000, 0x00000000c27c0000)
  from space 5056K,  57% used [0x00000000c2cb0000, 0x00000000c2f87bf8, 0x00000000c31a0000)
  to   space 5056K,   0% used [0x00000000c27c0000, 0x00000000c27c0000, 0x00000000c2cb0000)
 tenured generation   total 101600K, used 80657K [0x00000000d5550000, 0x00000000db888000, 0x0000000100000000)
   the space 101600K,  79% used [0x00000000d5550000, 0x00000000da414498, 0x00000000da414600, 0x00000000db888000)
 Metaspace       used 48865K, capacity 52270K, committed 52608K, reserved 1093632K
  class space    used 6520K, capacity 7425K, committed 7552K, reserved 1048576K
Event: 22.041 GC heap after
Heap after GC invocations=116 (full 5):
 def new generation   total 45760K, used 1625K [0x00000000c0000000, 0x00000000c31a0000, 0x00000000d5550000)
  eden space 40704K,   0% used [0x00000000c0000000, 0x00000000c0000000, 0x00000000c27c0000)
  from space 5056K,  32% used [0x00000000c27c0000, 0x00000000c29565b0, 0x00000000c2cb0000)
  to   space 5056K,   0% used [0x00000000c2cb0000, 0x00000000c2cb0000, 0x00000000c31a0000)
 tenured generation   total 101600K, used 81116K [0x00000000d5550000, 0x00000000db888000, 0x0000000100000000)
   the space 101600K,  79% used [0x00000000d5550000, 0x00000000da4870f8, 0x00000000da487200, 0x00000000db888000)
 Metaspace       used 48865K, capacity 52270K, committed 52608K, reserved 1093632K
  class space    used 6520K, capacity 7425K, committed 7552K, reserved 1048576K
}
Event: 22.272 GC heap before
{Heap before GC invocations=116 (full 5):
 def new generation   total 45760K, used 42329K [0x00000000c0000000, 0x00000000c31a0000, 0x00000000d5550000)
  eden space 40704K, 100% used [0x00000000c0000000, 0x00000000c27c0000, 0x00000000c27c0000)
  from space 5056K,  32% used [0x00000000c27c0000, 0x00000000c29565b0, 0x00000000c2cb0000)
  to   space 5056K,   0% used [0x00000000c2cb0000, 0x00000000c2cb0000, 0x00000000c31a0000)
 tenured generation   total 101600K, used 81116K [0x00000000d5550000, 0x00000000db888000, 0x0000000100000000)
   the space 101600K,  79% used [0x00000000d5550000, 0x00000000da4870f8, 0x00000000da487200, 0x00000000db888000)
 Metaspace       used 49416K, capacity 52936K, committed 53120K, reserved 1095680K
  class space    used 6579K, capacity 7534K, committed 7552K, reserved 1048576K
Event: 22.278 GC heap after
Heap after GC invocations=117 (full 5):
 def new generation   total 45760K, used 3070K [0x00000000c0000000, 0x00000000c31a0000, 0x00000000d5550000)
  eden space 40704K,   0% used [0x00000000c0000000, 0x00000000c0000000, 0x00000000c27c0000)
  from space 5056K,  60% used [0x00000000c2cb0000, 0x00000000c2faf990, 0x00000000c31a0000)
  to   space 5056K,   0% used [0x00000000c27c0000, 0x00000000c27c0000, 0x00000000c2cb0000)
 tenured generation   total 101600K, used 81116K [0x00000000d5550000, 0x00000000db888000, 0x0000000100000000)
   the space 101600K,  79% used [0x00000000d5550000, 0x00000000da4870f8, 0x00000000da487200, 0x00000000db888000)
 Metaspace       used 49416K, capacity 52936K, committed 53120K, reserved 1095680K
  class space    used 6579K, capacity 7534K, committed 7552K, reserved 1048576K
}
Event: 22.412 GC heap before
{Heap before GC invocations=117 (full 5):
 def new generation   total 45760K, used 43774K [0x00000000c0000000, 0x00000000c31a0000, 0x00000000d5550000)
  eden space 40704K, 100% used [0x00000000c0000000, 0x00000000c27c0000, 0x00000000c27c0000)
  from space 5056K,  60% used [0x00000000c2cb0000, 0x00000000c2faf990, 0x00000000c31a0000)
  to   space 5056K,   0% used [0x00000000c27c0000, 0x00000000c27c0000, 0x00000000c2cb0000)
 tenured generation   total 101600K, used 81116K [0x00000000d5550000, 0x00000000db888000, 0x0000000100000000)
   the space 101600K,  79% used [0x00000000d5550000, 0x00000000da4870f8, 0x00000000da487200, 0x00000000db888000)
 Metaspace       used 49821K, capacity 53304K, committed 53504K, reserved 1095680K
  class space    used 6623K, capacity 7570K, committed 7680K, reserved 1048576K
Event: 22.418 GC heap after
Heap after GC invocations=118 (full 5):
 def new generation   total 45760K, used 2399K [0x00000000c0000000, 0x00000000c31a0000, 0x00000000d5550000)
  eden space 40704K,   0% used [0x00000000c0000000, 0x00000000c0000000, 0x00000000c27c0000)
  from space 5056K,  47% used [0x00000000c27c0000, 0x00000000c2a17ca0, 0x00000000c2cb0000)
  to   space 5056K,   0% used [0x00000000c2cb0000, 0x00000000c2cb0000, 0x00000000c31a0000)
 tenured generation   total 101600K, used 81710K [0x00000000d5550000, 0x00000000db888000, 0x0000000100000000)
   the space 101600K,  80% used [0x00000000d5550000, 0x00000000da51bb58, 0x00000000da51bc00, 0x00000000db888000)
 Metaspace       used 49821K, capacity 53304K, committed 53504K, reserved 1095680K
  class space    used 6623K, capacity 7570K, committed 7680K, reserved 1048576K
}
Event: 22.663 GC heap before
{Heap before GC invocations=118 (full 5):
 def new generation   total 45760K, used 43103K [0x00000000c0000000, 0x00000000c31a0000, 0x00000000d5550000)
  eden space 40704K, 100% used [0x00000000c0000000, 0x00000000c27c0000, 0x00000000c27c0000)
  from space 5056K,  47% used [0x00000000c27c0000, 0x00000000c2a17ca0, 0x00000000c2cb0000)
  to   space 5056K,   0% used [0x00000000c2cb0000, 0x00000000c2cb0000, 0x00000000c31a0000)
 tenured generation   total 101600K, used 81710K [0x00000000d5550000, 0x00000000db888000, 0x0000000100000000)
   the space 101600K,  80% used [0x00000000d5550000, 0x00000000da51bb58, 0x00000000da51bc00, 0x00000000db888000)
 Metaspace       used 50538K, capacity 54072K, committed 54272K, reserved 1095680K
  class space    used 6721K, capacity 7674K, committed 7680K, reserved 1048576K
Event: 22.673 GC heap after
Heap after GC invocations=119 (full 5):
 def new generation   total 45760K, used 3193K [0x00000000c0000000, 0x00000000c31a0000, 0x00000000d5550000)
  eden space 40704K,   0% used [0x00000000c0000000, 0x00000000c0000000, 0x00000000c27c0000)
  from space 5056K,  63% used [0x00000000c2cb0000, 0x00000000c2fce438, 0x00000000c31a0000)
  to   space 5056K,   0% used [0x00000000c27c0000, 0x00000000c27c0000, 0x00000000c2cb0000)
 tenured generation   total 101600K, used 81710K [0x00000000d5550000, 0x00000000db888000, 0x0000000100000000)
   the space 101600K,  80% used [0x00000000d5550000, 0x00000000da51bb58, 0x00000000da51bc00, 0x00000000db888000)
 Metaspace       used 50538K, capacity 54072K, committed 54272K, reserved 1095680K
  class space    used 6721K, capacity 7674K, committed 7680K, reserved 1048576K
}
Event: 23.009 GC heap before
{Heap before GC invocations=119 (full 5):
 def new generation   total 45760K, used 43897K [0x00000000c0000000, 0x00000000c31a0000, 0x00000000d5550000)
  eden space 40704K, 100% used [0x00000000c0000000, 0x00000000c27c0000, 0x00000000c27c0000)
  from space 5056K,  63% used [0x00000000c2cb0000, 0x00000000c2fce438, 0x00000000c31a0000)
  to   space 5056K,   0% used [0x00000000c27c0000, 0x00000000c27c0000, 0x00000000c2cb0000)
 tenured generation   total 101600K, used 81710K [0x00000000d5550000, 0x00000000db888000, 0x0000000100000000)
   the space 101600K,  80% used [0x00000000d5550000, 0x00000000da51bb58, 0x00000000da51bc00, 0x00000000db888000)
 Metaspace       used 52163K, capacity 55644K, committed 55808K, reserved 1097728K
  class space    used 7193K, capacity 8108K, committed 8192K, reserved 1048576K
Event: 23.025 GC heap after
Heap after GC invocations=120 (full 5):
 def new generation   total 45760K, used 3053K [0x00000000c0000000, 0x00000000c31a0000, 0x00000000d5550000)
  eden space 40704K,   0% used [0x00000000c0000000, 0x00000000c0000000, 0x00000000c27c0000)
  from space 5056K,  60% used [0x00000000c27c0000, 0x00000000c2abb5a8, 0x00000000c2cb0000)
  to   space 5056K,   0% used [0x00000000c2cb0000, 0x00000000c2cb0000, 0x00000000c31a0000)
 tenured generation   total 101600K, used 82457K [0x00000000d5550000, 0x00000000db888000, 0x0000000100000000)
   the space 101600K,  81% used [0x00000000d5550000, 0x00000000da5d67a0, 0x00000000da5d6800, 0x00000000db888000)
 Metaspace       used 52163K, capacity 55644K, committed 55808K, reserved 1097728K
  class space    used 7193K, capacity 8108K, committed 8192K, reserved 1048576K
}
Event: 23.465 GC heap before
{Heap before GC invocations=120 (full 5):
 def new generation   total 45760K, used 43757K [0x00000000c0000000, 0x00000000c31a0000, 0x00000000d5550000)
  eden space 40704K, 100% used [0x00000000c0000000, 0x00000000c27c0000, 0x00000000c27c0000)
  from space 5056K,  60% used [0x00000000c27c0000, 0x00000000c2abb5a8, 0x00000000c2cb0000)
  to   space 5056K,   0% used [0x00000000c2cb0000, 0x00000000c2cb0000, 0x00000000c31a0000)
 tenured generation   total 101600K, used 82457K [0x00000000d5550000, 0x00000000db888000, 0x0000000100000000)
   the space 101600K,  81% used [0x00000000d5550000, 0x00000000da5d67a0, 0x00000000da5d6800, 0x00000000db888000)
 Metaspace       used 53064K, capacity 56682K, committed 56960K, reserved 1097728K
  class space    used 7312K, capacity 8245K, committed 8320K, reserved 1048576K
Event: 23.477 GC heap after
Heap after GC invocations=121 (full 5):
 def new generation   total 45760K, used 1685K [0x00000000c0000000, 0x00000000c31a0000, 0x00000000d5550000)
  eden space 40704K,   0% used [0x00000000c0000000, 0x00000000c0000000, 0x00000000c27c0000)
  from space 5056K,  33% used [0x00000000c2cb0000, 0x00000000c2e55450, 0x00000000c31a0000)
  to   space 5056K,   0% used [0x00000000c27c0000, 0x00000000c27c0000, 0x00000000c2cb0000)
 tenured generation   total 101600K, used 83653K [0x00000000d5550000, 0x00000000db888000, 0x0000000100000000)
   the space 101600K,  82% used [0x00000000d5550000, 0x00000000da701518, 0x00000000da701600, 0x00000000db888000)
 Metaspace       used 53064K, capacity 56682K, committed 56960K, reserved 1097728K
  class space    used 7312K, capacity 8245K, committed 8320K, reserved 1048576K
}
Event: 23.546 GC heap before
{Heap before GC invocations=121 (full 5):
 def new generation   total 45760K, used 42389K [0x00000000c0000000, 0x00000000c31a0000, 0x00000000d5550000)
  eden space 40704K, 100% used [0x00000000c0000000, 0x00000000c27c0000, 0x00000000c27c0000)
  from space 5056K,  33% used [0x00000000c2cb0000, 0x00000000c2e55450, 0x00000000c31a0000)
  to   space 5056K,   0% used [0x00000000c27c0000, 0x00000000c27c0000, 0x00000000c2cb0000)
 tenured generation   total 101600K, used 83653K [0x00000000d5550000, 0x00000000db888000, 0x0000000100000000)
   the space 101600K,  82% used [0x00000000d5550000, 0x00000000da701518, 0x00000000da701600, 0x00000000db888000)
 Metaspace       used 53094K, capacity 56682K, committed 56960K, reserved 1097728K
  class space    used 7315K, capacity 8245K, committed 8320K, reserved 1048576K
Event: 23.573 GC heap after
Heap after GC invocations=122 (full 5):
 def new generation   total 45760K, used 5056K [0x00000000c0000000, 0x00000000c31a0000, 0x00000000d5550000)
  eden space 40704K,   0% used [0x00000000c0000000, 0x00000000c0000000, 0x00000000c27c0000)
  from space 5056K, 100% used [0x00000000c27c0000, 0x00000000c2cb0000, 0x00000000c2cb0000)
  to   space 5056K,   0% used [0x00000000c2cb0000, 0x00000000c2cb0000, 0x00000000c31a0000)
 tenured generation   total 101600K, used 86404K [0x00000000d5550000, 0x00000000db888000, 0x0000000100000000)
   the space 101600K,  85% used [0x00000000d5550000, 0x00000000da9b1298, 0x00000000da9b1400, 0x00000000db888000)
 Metaspace       used 53094K, capacity 56682K, committed 56960K, reserved 1097728K
  class space    used 7315K, capacity 8245K, committed 8320K, reserved 1048576K
}
Event: 23.895 GC heap before
{Heap before GC invocations=122 (full 5):
 def new generation   total 45760K, used 45760K [0x00000000c0000000, 0x00000000c31a0000, 0x00000000d5550000)
  eden space 40704K, 100% used [0x00000000c0000000, 0x00000000c27c0000, 0x00000000c27c0000)
  from space 5056K, 100% used [0x00000000c27c0000, 0x00000000c2cb0000, 0x00000000c2cb0000)
  to   space 5056K,   0% used [0x00000000c2cb0000, 0x00000000c2cb0000, 0x00000000c31a0000)
 tenured generation   total 101600K, used 86404K [0x00000000d5550000, 0x00000000db888000, 0x0000000100000000)
   the space 101600K,  85% used [0x00000000d5550000, 0x00000000da9b1298, 0x00000000da9b1400, 0x00000000db888000)
 Metaspace       used 53234K, capacity 56772K, committed 56960K, reserved 1097728K
  class space    used 7329K, capacity 8250K, committed 8320K, reserved 1048576K
Event: 23.930 GC heap after
Heap after GC invocations=123 (full 5):
 def new generation   total 45760K, used 5055K [0x00000000c0000000, 0x00000000c31a0000, 0x00000000d5550000)
  eden space 40704K,   0% used [0x00000000c0000000, 0x00000000c0000000, 0x00000000c27c0000)
  from space 5056K,  99% used [0x00000000c2cb0000, 0x00000000c319fff8, 0x00000000c31a0000)
  to   space 5056K,   0% used [0x00000000c27c0000, 0x00000000c27c0000, 0x00000000c2cb0000)
 tenured generation   total 101600K, used 95000K [0x00000000d5550000, 0x00000000db888000, 0x0000000100000000)
   the space 101600K,  93% used [0x00000000d5550000, 0x00000000db216380, 0x00000000db216400, 0x00000000db888000)
 Metaspace       used 53234K, capacity 56772K, committed 56960K, reserved 1097728K
  class space    used 7329K, capacity 8250K, committed 8320K, reserved 1048576K
}
Event: 24.008 GC heap before
{Heap before GC invocations=123 (full 5):
 def new generation   total 45760K, used 45759K [0x00000000c0000000, 0x00000000c31a0000, 0x00000000d5550000)
  eden space 40704K, 100% used [0x00000000c0000000, 0x00000000c27c0000, 0x00000000c27c0000)
  from space 5056K,  99% used [0x00000000c2cb0000, 0x00000000c319fff8, 0x00000000c31a0000)
  to   space 5056K,   0% used [0x00000000c27c0000, 0x00000000c27c0000, 0x00000000c2cb0000)
 tenured generation   total 101600K, used 95000K [0x00000000d5550000, 0x00000000db888000, 0x0000000100000000)
   the space 101600K,  93% used [0x00000000d5550000, 0x00000000db216380, 0x00000000db216400, 0x00000000db888000)
 Metaspace       used 53260K, capacity 56772K, committed 56960K, reserved 1097728K
  class space    used 7329K, capacity 8250K, committed 8320K, reserved 1048576K
Event: 24.028 GC heap after
Heap after GC invocations=124 (full 5):
 def new generation   total 45760K, used 4065K [0x00000000c0000000, 0x00000000c31a0000, 0x00000000d5550000)
  eden space 40704K,   0% used [0x00000000c0000000, 0x00000000c0000000, 0x00000000c27c0000)
  from space 5056K,  80% used [0x00000000c27c0000, 0x00000000c2bb8690, 0x00000000c2cb0000)
  to   space 5056K,   0% used [0x00000000c2cb0000, 0x00000000c2cb0000, 0x00000000c31a0000)
 tenured generation   total 101600K, used 99945K [0x00000000d5550000, 0x00000000db888000, 0x0000000100000000)
   the space 101600K,  98% used [0x00000000d5550000, 0x00000000db6ea718, 0x00000000db6ea800, 0x00000000db888000)
 Metaspace       used 53260K, capacity 56772K, committed 56960K, reserved 1097728K
  class space    used 7329K, capacity 8250K, committed 8320K, reserved 1048576K
}
Event: 24.200 GC heap before
{Heap before GC invocations=124 (full 5):
 def new generation   total 45760K, used 44769K [0x00000000c0000000, 0x00000000c31a0000, 0x00000000d5550000)
  eden space 40704K, 100% used [0x00000000c0000000, 0x00000000c27c0000, 0x00000000c27c0000)
  from space 5056K,  80% used [0x00000000c27c0000, 0x00000000c2bb8690, 0x00000000c2cb0000)
  to   space 5056K,   0% used [0x00000000c2cb0000, 0x00000000c2cb0000, 0x00000000c31a0000)
 tenured generation   total 101600K, used 99945K [0x00000000d5550000, 0x00000000db888000, 0x0000000100000000)
   the space 101600K,  98% used [0x00000000d5550000, 0x00000000db6ea718, 0x00000000db6ea800, 0x00000000db888000)
 Metaspace       used 53267K, capacity 56772K, committed 56960K, reserved 1097728K
  class space    used 7329K, capacity 8250K, committed 8320K, reserved 1048576K
Event: 24.602 GC heap after
Heap after GC invocations=125 (full 6):
 def new generation   total 82560K, used 5055K [0x00000000c0000000, 0x00000000c5990000, 0x00000000d5550000)
  eden space 73408K,   6% used [0x00000000c0000000, 0x00000000c04efee0, 0x00000000c47b0000)
  from space 9152K,   0% used [0x00000000c47b0000, 0x00000000c47b0000, 0x00000000c50a0000)
  to   space 9152K,   0% used [0x00000000c50a0000, 0x00000000c50a0000, 0x00000000c5990000)
 tenured generation   total 183340K, used 110001K [0x00000000d5550000, 0x00000000e085b000, 0x0000000100000000)
   the space 183340K,  59% used [0x00000000d5550000, 0x00000000dc0bc7b8, 0x00000000dc0bc800, 0x00000000e085b000)
 Metaspace       used 53267K, capacity 56772K, committed 56960K, reserved 1097728K
  class space    used 7329K, capacity 8250K, committed 8320K, reserved 1048576K
}
Event: 25.243 GC heap before
{Heap before GC invocations=125 (full 6):
 def new generation   total 82560K, used 73408K [0x00000000c0000000, 0x00000000c5990000, 0x00000000d5550000)
  eden space 73408K, 100% used [0x00000000c0000000, 0x00000000c47b0000, 0x00000000c47b0000)
  from space 9152K,   0% used [0x00000000c47b0000, 0x00000000c47b0000, 0x00000000c50a0000)
  to   space 9152K,   0% used [0x00000000c50a0000, 0x00000000c50a0000, 0x00000000c5990000)
 tenured generation   total 183340K, used 110001K [0x00000000d5550000, 0x00000000e085b000, 0x0000000100000000)
   the space 183340K,  59% used [0x00000000d5550000, 0x00000000dc0bc7b8, 0x00000000dc0bc800, 0x00000000e085b000)
 Metaspace       used 53599K, capacity 57238K, committed 57472K, reserved 1097728K
  class space    used 7360K, capacity 8299K, committed 8320K, reserved 1048576K
Event: 25.320 GC heap after
Heap after GC invocations=126 (full 6):
 def new generation   total 82560K, used 6666K [0x00000000c0000000, 0x00000000c5990000, 0x00000000d5550000)
  eden space 73408K,   0% used [0x00000000c0000000, 0x00000000c0000000, 0x00000000c47b0000)
  from space 9152K,  72% used [0x00000000c50a0000, 0x00000000c57228f0, 0x00000000c5990000)
  to   space 9152K,   0% used [0x00000000c47b0000, 0x00000000c47b0000, 0x00000000c50a0000)
 tenured generation   total 183340K, used 110001K [0x00000000d5550000, 0x00000000e085b000, 0x0000000100000000)
   the space 183340K,  59% used [0x00000000d5550000, 0x00000000dc0bc7b8, 0x00000000dc0bc800, 0x00000000e085b000)
 Metaspace       used 53599K, capacity 57238K, committed 57472K, reserved 1097728K
  class space    used 7360K, capacity 8299K, committed 8320K, reserved 1048576K
}
Event: 25.615 GC heap before
{Heap before GC invocations=126 (full 6):
 def new generation   total 82560K, used 80074K [0x00000000c0000000, 0x00000000c5990000, 0x00000000d5550000)
  eden space 73408K, 100% used [0x00000000c0000000, 0x00000000c47b0000, 0x00000000c47b0000)
  from space 9152K,  72% used [0x00000000c50a0000, 0x00000000c57228f0, 0x00000000c5990000)
  to   space 9152K,   0% used [0x00000000c47b0000, 0x00000000c47b0000, 0x00000000c50a0000)
 tenured generation   total 183340K, used 110001K [0x00000000d5550000, 0x00000000e085b000, 0x0000000100000000)
   the space 183340K,  59% used [0x00000000d5550000, 0x00000000dc0bc7b8, 0x00000000dc0bc800, 0x00000000e085b000)
 Metaspace       used 53779K, capacity 57402K, committed 57600K, reserved 1097728K
  class space    used 7384K, capacity 8331K, committed 8448K, reserved 1048576K
Event: 25.639 GC heap after
Heap after GC invocations=127 (full 6):
 def new generation   total 82560K, used 8249K [0x00000000c0000000, 0x00000000c5990000, 0x00000000d5550000)
  eden space 73408K,   0% used [0x00000000c0000000, 0x00000000c0000000, 0x00000000c47b0000)
  from space 9152K,  90% used [0x00000000c47b0000, 0x00000000c4fbe420, 0x00000000c50a0000)
  to   space 9152K,   0% used [0x00000000c50a0000, 0x00000000c50a0000, 0x00000000c5990000)
 tenured generation   total 183340K, used 115390K [0x00000000d5550000, 0x00000000e085b000, 0x0000000100000000)
   the space 183340K,  62% used [0x00000000d5550000, 0x00000000dc5ffa10, 0x00000000dc5ffc00, 0x00000000e085b000)
 Metaspace       used 53779K, capacity 57402K, committed 57600K, reserved 1097728K
  class space    used 7384K, capacity 8331K, committed 8448K, reserved 1048576K
}
Event: 25.913 GC heap before
{Heap before GC invocations=127 (full 6):
 def new generation   total 82560K, used 81132K [0x00000000c0000000, 0x00000000c5990000, 0x00000000d5550000)
  eden space 73408K,  99% used [0x00000000c0000000, 0x00000000c472cdd8, 0x00000000c47b0000)
  from space 9152K,  90% used [0x00000000c47b0000, 0x00000000c4fbe420, 0x00000000c50a0000)
  to   space 9152K,   0% used [0x00000000c50a0000, 0x00000000c50a0000, 0x00000000c5990000)
 tenured generation   total 183340K, used 115390K [0x00000000d5550000, 0x00000000e085b000, 0x0000000100000000)
   the space 183340K,  62% used [0x00000000d5550000, 0x00000000dc5ffa10, 0x00000000dc5ffc00, 0x00000000e085b000)
 Metaspace       used 54030K, capacity 57696K, committed 57856K, reserved 1099776K
  class space    used 7408K, capacity 8364K, committed 8448K, reserved 1048576K
Event: 25.943 GC heap after
Heap after GC invocations=128 (full 6):
 def new generation   total 82560K, used 9151K [0x00000000c0000000, 0x00000000c5990000, 0x00000000d5550000)
  eden space 73408K,   0% used [0x00000000c0000000, 0x00000000c0000000, 0x00000000c47b0000)
  from space 9152K,  99% used [0x00000000c50a0000, 0x00000000c598fff8, 0x00000000c5990000)
  to   space 9152K,   0% used [0x00000000c47b0000, 0x00000000c47b0000, 0x00000000c50a0000)
 tenured generation   total 183340K, used 121728K [0x00000000d5550000, 0x00000000e085b000, 0x0000000100000000)
   the space 183340K,  66% used [0x00000000d5550000, 0x00000000dcc30370, 0x00000000dcc30400, 0x00000000e085b000)
 Metaspace       used 54030K, capacity 57696K, committed 57856K, reserved 1099776K
  class space    used 7408K, capacity 8364K, committed 8448K, reserved 1048576K
}
Event: 26.267 GC heap before
{Heap before GC invocations=128 (full 6):
 def new generation   total 82560K, used 82559K [0x00000000c0000000, 0x00000000c5990000, 0x00000000d5550000)
  eden space 73408K, 100% used [0x00000000c0000000, 0x00000000c47b0000, 0x00000000c47b0000)
  from space 9152K,  99% used [0x00000000c50a0000, 0x00000000c598fff8, 0x00000000c5990000)
  to   space 9152K,   0% used [0x00000000c47b0000, 0x00000000c47b0000, 0x00000000c50a0000)
 tenured generation   total 183340K, used 121728K [0x00000000d5550000, 0x00000000e085b000, 0x0000000100000000)
   the space 183340K,  66% used [0x00000000d5550000, 0x00000000dcc30370, 0x00000000dcc30400, 0x00000000e085b000)
 Metaspace       used 54432K, capacity 58074K, committed 58368K, reserved 1099776K
  class space    used 7466K, capacity 8403K, committed 8448K, reserved 1048576K
Event: 26.294 GC heap after
Heap after GC invocations=129 (full 6):
 def new generation   total 82560K, used 8848K [0x00000000c0000000, 0x00000000c5990000, 0x00000000d5550000)
  eden space 73408K,   0% used [0x00000000c0000000, 0x00000000c0000000, 0x00000000c47b0000)
  from space 9152K,  96% used [0x00000000c47b0000, 0x00000000c5054140, 0x00000000c50a0000)
  to   space 9152K,   0% used [0x00000000c50a0000, 0x00000000c50a0000, 0x00000000c5990000)
 tenured generation   total 183340K, used 124219K [0x00000000d5550000, 0x00000000e085b000, 0x0000000100000000)
   the space 183340K,  67% used [0x00000000d5550000, 0x00000000dce9edd8, 0x00000000dce9ee00, 0x00000000e085b000)
 Metaspace       used 54432K, capacity 58074K, committed 58368K, reserved 1099776K
  class space    used 7466K, capacity 8403K, committed 8448K, reserved 1048576K
}
Event: 26.488 GC heap before
{Heap before GC invocations=129 (full 6):
 def new generation   total 82560K, used 82256K [0x00000000c0000000, 0x00000000c5990000, 0x00000000d5550000)
  eden space 73408K, 100% used [0x00000000c0000000, 0x00000000c47b0000, 0x00000000c47b0000)
  from space 9152K,  96% used [0x00000000c47b0000, 0x00000000c5054140, 0x00000000c50a0000)
  to   space 9152K,   0% used [0x00000000c50a0000, 0x00000000c50a0000, 0x00000000c5990000)
 tenured generation   total 183340K, used 124219K [0x00000000d5550000, 0x00000000e085b000, 0x0000000100000000)
   the space 183340K,  67% used [0x00000000d5550000, 0x00000000dce9edd8, 0x00000000dce9ee00, 0x00000000e085b000)
 Metaspace       used 54446K, capacity 58078K, committed 58368K, reserved 1099776K
  class space    used 7466K, capacity 8403K, committed 8448K, reserved 1048576K
Event: 26.516 GC heap after
Heap after GC invocations=130 (full 6):
 def new generation   total 82560K, used 1557K [0x00000000c0000000, 0x00000000c5990000, 0x00000000d5550000)
  eden space 73408K,   0% used [0x00000000c0000000, 0x00000000c0000000, 0x00000000c47b0000)
  from space 9152K,  17% used [0x00000000c50a0000, 0x00000000c5225448, 0x00000000c5990000)
  to   space 9152K,   0% used [0x00000000c47b0000, 0x00000000c47b0000, 0x00000000c50a0000)
 tenured generation   total 183340K, used 132158K [0x00000000d5550000, 0x00000000e085b000, 0x0000000100000000)
   the space 183340K,  72% used [0x00000000d5550000, 0x00000000dd65f908, 0x00000000dd65fa00, 0x00000000e085b000)
 Metaspace       used 54446K, capacity 58078K, committed 58368K, reserved 1099776K
  class space    used 7466K, capacity 8403K, committed 8448K, reserved 1048576K
}
Event: 26.764 GC heap before
{Heap before GC invocations=130 (full 6):
 def new generation   total 82560K, used 74965K [0x00000000c0000000, 0x00000000c5990000, 0x00000000d5550000)
  eden space 73408K, 100% used [0x00000000c0000000, 0x00000000c47b0000, 0x00000000c47b0000)
  from space 9152K,  17% used [0x00000000c50a0000, 0x00000000c5225448, 0x00000000c5990000)
  to   space 9152K,   0% used [0x00000000c47b0000, 0x00000000c47b0000, 0x00000000c50a0000)
 tenured generation   total 183340K, used 132158K [0x00000000d5550000, 0x00000000e085b000, 0x0000000100000000)
   the space 183340K,  72% used [0x00000000d5550000, 0x00000000dd65f908, 0x00000000dd65fa00, 0x00000000e085b000)
 Metaspace       used 55066K, capacity 58788K, committed 59008K, reserved 1099776K
  class space    used 7522K, capacity 8484K, committed 8576K, reserved 1048576K
Event: 26.770 GC heap after
Heap after GC invocations=131 (full 6):
 def new generation   total 82560K, used 1956K [0x00000000c0000000, 0x00000000c5990000, 0x00000000d5550000)
  eden space 73408K,   0% used [0x00000000c0000000, 0x00000000c0000000, 0x00000000c47b0000)
  from space 9152K,  21% used [0x00000000c47b0000, 0x00000000c4999168, 0x00000000c50a0000)
  to   space 9152K,   0% used [0x00000000c50a0000, 0x00000000c50a0000, 0x00000000c5990000)
 tenured generation   total 183340K, used 132158K [0x00000000d5550000, 0x00000000e085b000, 0x0000000100000000)
   the space 183340K,  72% used [0x00000000d5550000, 0x00000000dd65f908, 0x00000000dd65fa00, 0x00000000e085b000)
 Metaspace       used 55066K, capacity 58788K, committed 59008K, reserved 1099776K
  class space    used 7522K, capacity 8484K, committed 8576K, reserved 1048576K
}
Event: 27.203 GC heap before
{Heap before GC invocations=131 (full 6):
 def new generation   total 82560K, used 75364K [0x00000000c0000000, 0x00000000c5990000, 0x00000000d5550000)
  eden space 73408K, 100% used [0x00000000c0000000, 0x00000000c47b0000, 0x00000000c47b0000)
  from space 9152K,  21% used [0x00000000c47b0000, 0x00000000c4999168, 0x00000000c50a0000)
  to   space 9152K,   0% used [0x00000000c50a0000, 0x00000000c50a0000, 0x00000000c5990000)
 tenured generation   total 183340K, used 132158K [0x00000000d5550000, 0x00000000e085b000, 0x0000000100000000)
   the space 183340K,  72% used [0x00000000d5550000, 0x00000000dd65f908, 0x00000000dd65fa00, 0x00000000e085b000)
 Metaspace       used 56119K, capacity 59900K, committed 60160K, reserved 1101824K
  class space    used 7688K, capacity 8658K, committed 8704K, reserved 1048576K
Event: 27.214 GC heap after
Heap after GC invocations=132 (full 6):
 def new generation   total 82560K, used 5167K [0x00000000c0000000, 0x00000000c5990000, 0x00000000d5550000)
  eden space 73408K,   0% used [0x00000000c0000000, 0x00000000c0000000, 0x00000000c47b0000)
  from space 9152K,  56% used [0x00000000c50a0000, 0x00000000c55abcc0, 0x00000000c5990000)
  to   space 9152K,   0% used [0x00000000c47b0000, 0x00000000c47b0000, 0x00000000c50a0000)
 tenured generation   total 183340K, used 132158K [0x00000000d5550000, 0x00000000e085b000, 0x0000000100000000)
   the space 183340K,  72% used [0x00000000d5550000, 0x00000000dd65f908, 0x00000000dd65fa00, 0x00000000e085b000)
 Metaspace       used 56119K, capacity 59900K, committed 60160K, reserved 1101824K
  class space    used 7688K, capacity 8658K, committed 8704K, reserved 1048576K
}
Event: 27.488 GC heap before
{Heap before GC invocations=132 (full 6):
 def new generation   total 82560K, used 78575K [0x00000000c0000000, 0x00000000c5990000, 0x00000000d5550000)
  eden space 73408K, 100% used [0x00000000c0000000, 0x00000000c47b0000, 0x00000000c47b0000)
  from space 9152K,  56% used [0x00000000c50a0000, 0x00000000c55abcc0, 0x00000000c5990000)
  to   space 9152K,   0% used [0x00000000c47b0000, 0x00000000c47b0000, 0x00000000c50a0000)
 tenured generation   total 183340K, used 132158K [0x00000000d5550000, 0x00000000e085b000, 0x0000000100000000)
   the space 183340K,  72% used [0x00000000d5550000, 0x00000000dd65f908, 0x00000000dd65fa00, 0x00000000e085b000)
 Metaspace       used 56201K, capacity 59978K, committed 60160K, reserved 1101824K
  class space    used 7690K, capacity 8659K, committed 8704K, reserved 1048576K
Event: 27.502 GC heap after
Heap after GC invocations=133 (full 6):
 def new generation   total 82560K, used 4711K [0x00000000c0000000, 0x00000000c5990000, 0x00000000d5550000)
  eden space 73408K,   0% used [0x00000000c0000000, 0x00000000c0000000, 0x00000000c47b0000)
  from space 9152K,  51% used [0x00000000c47b0000, 0x00000000c4c49e50, 0x00000000c50a0000)
  to   space 9152K,   0% used [0x00000000c50a0000, 0x00000000c50a0000, 0x00000000c5990000)
 tenured generation   total 183340K, used 133490K [0x00000000d5550000, 0x00000000e085b000, 0x0000000100000000)
   the space 183340K,  72% used [0x00000000d5550000, 0x00000000dd7acaa0, 0x00000000dd7acc00, 0x00000000e085b000)
 Metaspace       used 56201K, capacity 59978K, committed 60160K, reserved 1101824K
  class space    used 7690K, capacity 8659K, committed 8704K, reserved 1048576K
}
Event: 27.851 GC heap before
{Heap before GC invocations=133 (full 6):
 def new generation   total 82560K, used 78119K [0x00000000c0000000, 0x00000000c5990000, 0x00000000d5550000)
  eden space 73408K, 100% used [0x00000000c0000000, 0x00000000c47b0000, 0x00000000c47b0000)
  from space 9152K,  51% used [0x00000000c47b0000, 0x00000000c4c49e50, 0x00000000c50a0000)
  to   space 9152K,   0% used [0x00000000c50a0000, 0x00000000c50a0000, 0x00000000c5990000)
 tenured generation   total 183340K, used 133490K [0x00000000d5550000, 0x00000000e085b000, 0x0000000100000000)
   the space 183340K,  72% used [0x00000000d5550000, 0x00000000dd7acaa0, 0x00000000dd7acc00, 0x00000000e085b000)
 Metaspace       used 56386K, capacity 60212K, committed 60416K, reserved 1101824K
  class space    used 7708K, capacity 8692K, committed 8704K, reserved 1048576K
Event: 27.870 GC heap after
Heap after GC invocations=134 (full 6):
 def new generation   total 82560K, used 4482K [0x00000000c0000000, 0x00000000c5990000, 0x00000000d5550000)
  eden space 73408K,   0% used [0x00000000c0000000, 0x00000000c0000000, 0x00000000c47b0000)
  from space 9152K,  48% used [0x00000000c50a0000, 0x00000000c5500948, 0x00000000c5990000)
  to   space 9152K,   0% used [0x00000000c47b0000, 0x00000000c47b0000, 0x00000000c50a0000)
 tenured generation   total 183340K, used 136612K [0x00000000d5550000, 0x00000000e085b000, 0x0000000100000000)
   the space 183340K,  74% used [0x00000000d5550000, 0x00000000ddab9058, 0x00000000ddab9200, 0x00000000e085b000)
 Metaspace       used 56386K, capacity 60212K, committed 60416K, reserved 1101824K
  class space    used 7708K, capacity 8692K, committed 8704K, reserved 1048576K
}
Event: 28.228 GC heap before
{Heap before GC invocations=134 (full 6):
 def new generation   total 82560K, used 77890K [0x00000000c0000000, 0x00000000c5990000, 0x00000000d5550000)
  eden space 73408K, 100% used [0x00000000c0000000, 0x00000000c47b0000, 0x00000000c47b0000)
  from space 9152K,  48% used [0x00000000c50a0000, 0x00000000c5500948, 0x00000000c5990000)
  to   space 9152K,   0% used [0x00000000c47b0000, 0x00000000c47b0000, 0x00000000c50a0000)
 tenured generation   total 183340K, used 136612K [0x00000000d5550000, 0x00000000e085b000, 0x0000000100000000)
   the space 183340K,  74% used [0x00000000d5550000, 0x00000000ddab9058, 0x00000000ddab9200, 0x00000000e085b000)
 Metaspace       used 56589K, capacity 60414K, committed 60672K, reserved 1101824K
  class space    used 7722K, capacity 8693K, committed 8704K, reserved 1048576K
Event: 28.248 GC heap after
Heap after GC invocations=135 (full 6):
 def new generation   total 82560K, used 8891K [0x00000000c0000000, 0x00000000c5990000, 0x00000000d5550000)
  eden space 73408K,   0% used [0x00000000c0000000, 0x00000000c0000000, 0x00000000c47b0000)
  from space 9152K,  97% used [0x00000000c47b0000, 0x00000000c505eec0, 0x00000000c50a0000)
  to   space 9152K,   0% used [0x00000000c50a0000, 0x00000000c50a0000, 0x00000000c5990000)
 tenured generation   total 183340K, used 136612K [0x00000000d5550000, 0x00000000e085b000, 0x0000000100000000)
   the space 183340K,  74% used [0x00000000d5550000, 0x00000000ddab9058, 0x00000000ddab9200, 0x00000000e085b000)
 Metaspace       used 56589K, capacity 60414K, committed 60672K, reserved 1101824K
  class space    used 7722K, capacity 8693K, committed 8704K, reserved 1048576K
}
Event: 28.497 GC heap before
{Heap before GC invocations=135 (full 6):
 def new generation   total 82560K, used 82299K [0x00000000c0000000, 0x00000000c5990000, 0x00000000d5550000)
  eden space 73408K, 100% used [0x00000000c0000000, 0x00000000c47b0000, 0x00000000c47b0000)
  from space 9152K,  97% used [0x00000000c47b0000, 0x00000000c505eec0, 0x00000000c50a0000)
  to   space 9152K,   0% used [0x00000000c50a0000, 0x00000000c50a0000, 0x00000000c5990000)
 tenured generation   total 183340K, used 136612K [0x00000000d5550000, 0x00000000e085b000, 0x0000000100000000)
   the space 183340K,  74% used [0x00000000d5550000, 0x00000000ddab9058, 0x00000000ddab9200, 0x00000000e085b000)
 Metaspace       used 56627K, capacity 60420K, committed 60672K, reserved 1101824K
  class space    used 7727K, capacity 8696K, committed 8704K, reserved 1048576K
Event: 28.521 GC heap after
Heap after GC invocations=136 (full 6):
 def new generation   total 82560K, used 344K [0x00000000c0000000, 0x00000000c5990000, 0x00000000d5550000)
  eden space 73408K,   0% used [0x00000000c0000000, 0x00000000c0000000, 0x00000000c47b0000)
  from space 9152K,   3% used [0x00000000c50a0000, 0x00000000c50f6258, 0x00000000c5990000)
  to   space 9152K,   0% used [0x00000000c47b0000, 0x00000000c47b0000, 0x00000000c50a0000)
 tenured generation   total 183340K, used 145124K [0x00000000d5550000, 0x00000000e085b000, 0x0000000100000000)
   the space 183340K,  79% used [0x00000000d5550000, 0x00000000de309390, 0x00000000de309400, 0x00000000e085b000)
 Metaspace       used 56627K, capacity 60420K, committed 60672K, reserved 1101824K
  class space    used 7727K, capacity 8696K, committed 8704K, reserved 1048576K
}
Event: 28.914 GC heap before
{Heap before GC invocations=136 (full 6):
 def new generation   total 82560K, used 73752K [0x00000000c0000000, 0x00000000c5990000, 0x00000000d5550000)
  eden space 73408K, 100% used [0x00000000c0000000, 0x00000000c47b0000, 0x00000000c47b0000)
  from space 9152K,   3% used [0x00000000c50a0000, 0x00000000c50f6258, 0x00000000c5990000)
  to   space 9152K,   0% used [0x00000000c47b0000, 0x00000000c47b0000, 0x00000000c50a0000)
 tenured generation   total 183340K, used 145124K [0x00000000d5550000, 0x00000000e085b000, 0x0000000100000000)
   the space 183340K,  79% used [0x00000000d5550000, 0x00000000de309390, 0x00000000de309400, 0x00000000e085b000)
 Metaspace       used 56631K, capacity 60420K, committed 60672K, reserved 1101824K
  class space    used 7727K, capacity 8696K, committed 8704K, reserved 1048576K
Event: 28.917 GC heap after
Heap after GC invocations=137 (full 6):
 def new generation   total 82560K, used 646K [0x00000000c0000000, 0x00000000c5990000, 0x00000000d5550000)
  eden space 73408K,   0% used [0x00000000c0000000, 0x00000000c0000000, 0x00000000c47b0000)
  from space 9152K,   7% used [0x00000000c47b0000, 0x00000000c4851bc8, 0x00000000c50a0000)
  to   space 9152K,   0% used [0x00000000c50a0000, 0x00000000c50a0000, 0x00000000c5990000)
 tenured generation   total 183340K, used 145124K [0x00000000d5550000, 0x00000000e085b000, 0x0000000100000000)
   the space 183340K,  79% used [0x00000000d5550000, 0x00000000de309390, 0x00000000de309400, 0x00000000e085b000)
 Metaspace       used 56631K, capacity 60420K, committed 60672K, reserved 1101824K
  class space    used 7727K, capacity 8696K, committed 8704K, reserved 1048576K
}
Event: 29.204 GC heap before
{Heap before GC invocations=137 (full 6):
 def new generation   total 82560K, used 74054K [0x00000000c0000000, 0x00000000c5990000, 0x00000000d5550000)
  eden space 73408K, 100% used [0x00000000c0000000, 0x00000000c47b0000, 0x00000000c47b0000)
  from space 9152K,   7% used [0x00000000c47b0000, 0x00000000c4851bc8, 0x00000000c50a0000)
  to   space 9152K,   0% used [0x00000000c50a0000, 0x00000000c50a0000, 0x00000000c5990000)
 tenured generation   total 183340K, used 145124K [0x00000000d5550000, 0x00000000e085b000, 0x0000000100000000)
   the space 183340K,  79% used [0x00000000d5550000, 0x00000000de309390, 0x00000000de309400, 0x00000000e085b000)
 Metaspace       used 56698K, capacity 60484K, committed 60672K, reserved 1101824K
  class space    used 7733K, capacity 8696K, committed 8704K, reserved 1048576K
Event: 29.211 GC heap after
Heap after GC invocations=138 (full 6):
 def new generation   total 82560K, used 918K [0x00000000c0000000, 0x00000000c5990000, 0x00000000d5550000)
  eden space 73408K,   0% used [0x00000000c0000000, 0x00000000c0000000, 0x00000000c47b0000)
  from space 9152K,  10% used [0x00000000c50a0000, 0x00000000c5185b20, 0x00000000c5990000)
  to   space 9152K,   0% used [0x00000000c47b0000, 0x00000000c47b0000, 0x00000000c50a0000)
 tenured generation   total 183340K, used 145124K [0x00000000d5550000, 0x00000000e085b000, 0x0000000100000000)
   the space 183340K,  79% used [0x00000000d5550000, 0x00000000de309390, 0x00000000de309400, 0x00000000e085b000)
 Metaspace       used 56698K, capacity 60484K, committed 60672K, reserved 1101824K
  class space    used 7733K, capacity 8696K, committed 8704K, reserved 1048576K
}
Event: 29.630 GC heap before
{Heap before GC invocations=138 (full 6):
 def new generation   total 82560K, used 74326K [0x00000000c0000000, 0x00000000c5990000, 0x00000000d5550000)
  eden space 73408K, 100% used [0x00000000c0000000, 0x00000000c47b0000, 0x00000000c47b0000)
  from space 9152K,  10% used [0x00000000c50a0000, 0x00000000c5185b20, 0x00000000c5990000)
  to   space 9152K,   0% used [0x00000000c47b0000, 0x00000000c47b0000, 0x00000000c50a0000)
 tenured generation   total 183340K, used 145124K [0x00000000d5550000, 0x00000000e085b000, 0x0000000100000000)
   the space 183340K,  79% used [0x00000000d5550000, 0x00000000de309390, 0x00000000de309400, 0x00000000e085b000)
 Metaspace       used 56880K, capacity 60774K, committed 61056K, reserved 1101824K
  class space    used 7751K, capacity 8729K, committed 8832K, reserved 1048576K
Event: 29.635 GC heap after
Heap after GC invocations=139 (full 6):
 def new generation   total 82560K, used 3026K [0x00000000c0000000, 0x00000000c5990000, 0x00000000d5550000)
  eden space 73408K,   0% used [0x00000000c0000000, 0x00000000c0000000, 0x00000000c47b0000)
  from space 9152K,  33% used [0x00000000c47b0000, 0x00000000c4aa4878, 0x00000000c50a0000)
  to   space 9152K,   0% used [0x00000000c50a0000, 0x00000000c50a0000, 0x00000000c5990000)
 tenured generation   total 183340K, used 145124K [0x00000000d5550000, 0x00000000e085b000, 0x0000000100000000)
   the space 183340K,  79% used [0x00000000d5550000, 0x00000000de309390, 0x00000000de309400, 0x00000000e085b000)
 Metaspace       used 56880K, capacity 60774K, committed 61056K, reserved 1101824K
  class space    used 7751K, capacity 8729K, committed 8832K, reserved 1048576K
}
Event: 29.890 GC heap before
{Heap before GC invocations=139 (full 6):
 def new generation   total 82560K, used 76434K [0x00000000c0000000, 0x00000000c5990000, 0x00000000d5550000)
  eden space 73408K, 100% used [0x00000000c0000000, 0x00000000c47b0000, 0x00000000c47b0000)
  from space 9152K,  33% used [0x00000000c47b0000, 0x00000000c4aa4878, 0x00000000c50a0000)
  to   space 9152K,   0% used [0x00000000c50a0000, 0x00000000c50a0000, 0x00000000c5990000)
 tenured generation   total 183340K, used 145124K [0x00000000d5550000, 0x00000000e085b000, 0x0000000100000000)
   the space 183340K,  79% used [0x00000000d5550000, 0x00000000de309390, 0x00000000de309400, 0x00000000e085b000)
 Metaspace       used 56901K, capacity 60774K, committed 61056K, reserved 1101824K
  class space    used 7751K, capacity 8729K, committed 8832K, reserved 1048576K
Event: 29.898 GC heap after
Heap after GC invocations=140 (full 6):
 def new generation   total 82560K, used 6344K [0x00000000c0000000, 0x00000000c5990000, 0x00000000d5550000)
  eden space 73408K,   0% used [0x00000000c0000000, 0x00000000c0000000, 0x00000000c47b0000)
  from space 9152K,  69% used [0x00000000c50a0000, 0x00000000c56d23c8, 0x00000000c5990000)
  to   space 9152K,   0% used [0x00000000c47b0000, 0x00000000c47b0000, 0x00000000c50a0000)
 tenured generation   total 183340K, used 145124K [0x00000000d5550000, 0x00000000e085b000, 0x0000000100000000)
   the space 183340K,  79% used [0x00000000d5550000, 0x00000000de309390, 0x00000000de309400, 0x00000000e085b000)
 Metaspace       used 56901K, capacity 60774K, committed 61056K, reserved 1101824K
  class space    used 7751K, capacity 8729K, committed 8832K, reserved 1048576K
}
Event: 30.095 GC heap before
{Heap before GC invocations=140 (full 6):
 def new generation   total 82560K, used 79752K [0x00000000c0000000, 0x00000000c5990000, 0x00000000d5550000)
  eden space 73408K, 100% used [0x00000000c0000000, 0x00000000c47b0000, 0x00000000c47b0000)
  from space 9152K,  69% used [0x00000000c50a0000, 0x00000000c56d23c8, 0x00000000c5990000)
  to   space 9152K,   0% used [0x00000000c47b0000, 0x00000000c47b0000, 0x00000000c50a0000)
 tenured generation   total 183340K, used 145124K [0x00000000d5550000, 0x00000000e085b000, 0x0000000100000000)
   the space 183340K,  79% used [0x00000000d5550000, 0x00000000de309390, 0x00000000de309400, 0x00000000e085b000)
 Metaspace       used 56923K, capacity 60774K, committed 61056K, reserved 1101824K
  class space    used 7751K, capacity 8729K, committed 8832K, reserved 1048576K
Event: 30.109 GC heap after
Heap after GC invocations=141 (full 6):
 def new generation   total 82560K, used 5809K [0x00000000c0000000, 0x00000000c5990000, 0x00000000d5550000)
  eden space 73408K,   0% used [0x00000000c0000000, 0x00000000c0000000, 0x00000000c47b0000)
  from space 9152K,  63% used [0x00000000c47b0000, 0x00000000c4d5c740, 0x00000000c50a0000)
  to   space 9152K,   0% used [0x00000000c50a0000, 0x00000000c50a0000, 0x00000000c5990000)
 tenured generation   total 183340K, used 147968K [0x00000000d5550000, 0x00000000e085b000, 0x0000000100000000)
   the space 183340K,  80% used [0x00000000d5550000, 0x00000000de5d03f8, 0x00000000de5d0400, 0x00000000e085b000)
 Metaspace       used 56923K, capacity 60774K, committed 61056K, reserved 1101824K
  class space    used 7751K, capacity 8729K, committed 8832K, reserved 1048576K
}
Event: 30.428 GC heap before
{Heap before GC invocations=141 (full 6):
 def new generation   total 82560K, used 79217K [0x00000000c0000000, 0x00000000c5990000, 0x00000000d5550000)
  eden space 73408K, 100% used [0x00000000c0000000, 0x00000000c47b0000, 0x00000000c47b0000)
  from space 9152K,  63% used [0x00000000c47b0000, 0x00000000c4d5c740, 0x00000000c50a0000)
  to   space 9152K,   0% used [0x00000000c50a0000, 0x00000000c50a0000, 0x00000000c5990000)
 tenured generation   total 183340K, used 147968K [0x00000000d5550000, 0x00000000e085b000, 0x0000000100000000)
   the space 183340K,  80% used [0x00000000d5550000, 0x00000000de5d03f8, 0x00000000de5d0400, 0x00000000e085b000)
 Metaspace       used 56974K, capacity 60848K, committed 61056K, reserved 1101824K
  class space    used 7755K, capacity 8732K, committed 8832K, reserved 1048576K
Event: 30.449 GC heap after
Heap after GC invocations=142 (full 6):
 def new generation   total 82560K, used 6662K [0x00000000c0000000, 0x00000000c5990000, 0x00000000d5550000)
  eden space 73408K,   0% used [0x00000000c0000000, 0x00000000c0000000, 0x00000000c47b0000)
  from space 9152K,  72% used [0x00000000c50a0000, 0x00000000c5721a10, 0x00000000c5990000)
  to   space 9152K,   0% used [0x00000000c47b0000, 0x00000000c47b0000, 0x00000000c50a0000)
 tenured generation   total 183340K, used 151363K [0x00000000d5550000, 0x00000000e085b000, 0x0000000100000000)
   the space 183340K,  82% used [0x00000000d5550000, 0x00000000de920d58, 0x00000000de920e00, 0x00000000e085b000)
 Metaspace       used 56974K, capacity 60848K, committed 61056K, reserved 1101824K
  class space    used 7755K, capacity 8732K, committed 8832K, reserved 1048576K
}
Event: 30.715 GC heap before
{Heap before GC invocations=142 (full 6):
 def new generation   total 82560K, used 80070K [0x00000000c0000000, 0x00000000c5990000, 0x00000000d5550000)
  eden space 73408K, 100% used [0x00000000c0000000, 0x00000000c47b0000, 0x00000000c47b0000)
  from space 9152K,  72% used [0x00000000c50a0000, 0x00000000c5721a10, 0x00000000c5990000)
  to   space 9152K,   0% used [0x00000000c47b0000, 0x00000000c47b0000, 0x00000000c50a0000)
 tenured generation   total 183340K, used 151363K [0x00000000d5550000, 0x00000000e085b000, 0x0000000100000000)
   the space 183340K,  82% used [0x00000000d5550000, 0x00000000de920d58, 0x00000000de920e00, 0x00000000e085b000)
 Metaspace       used 57150K, capacity 60976K, committed 61312K, reserved 1101824K
  class space    used 7772K, capacity 8732K, committed 8832K, reserved 1048576K
Event: 30.730 GC heap after
Heap after GC invocations=143 (full 6):
 def new generation   total 82560K, used 7926K [0x00000000c0000000, 0x00000000c5990000, 0x00000000d5550000)
  eden space 73408K,   0% used [0x00000000c0000000, 0x00000000c0000000, 0x00000000c47b0000)
  from space 9152K,  86% used [0x00000000c47b0000, 0x00000000c4f6da78, 0x00000000c50a0000)
  to   space 9152K,   0% used [0x00000000c50a0000, 0x00000000c50a0000, 0x00000000c5990000)
 tenured generation   total 183340K, used 153666K [0x00000000d5550000, 0x00000000e085b000, 0x0000000100000000)
   the space 183340K,  83% used [0x00000000d5550000, 0x00000000deb60b38, 0x00000000deb60c00, 0x00000000e085b000)
 Metaspace       used 57150K, capacity 60976K, committed 61312K, reserved 1101824K
  class space    used 7772K, capacity 8732K, committed 8832K, reserved 1048576K
}
Event: 31.108 GC heap before
{Heap before GC invocations=143 (full 6):
 def new generation   total 82560K, used 81334K [0x00000000c0000000, 0x00000000c5990000, 0x00000000d5550000)
  eden space 73408K, 100% used [0x00000000c0000000, 0x00000000c47b0000, 0x00000000c47b0000)
  from space 9152K,  86% used [0x00000000c47b0000, 0x00000000c4f6da78, 0x00000000c50a0000)
  to   space 9152K,   0% used [0x00000000c50a0000, 0x00000000c50a0000, 0x00000000c5990000)
 tenured generation   total 183340K, used 153666K [0x00000000d5550000, 0x00000000e085b000, 0x0000000100000000)
   the space 183340K,  83% used [0x00000000d5550000, 0x00000000deb60b38, 0x00000000deb60c00, 0x00000000e085b000)
 Metaspace       used 57532K, capacity 61372K, committed 61568K, reserved 1101824K
  class space    used 7833K, capacity 8798K, committed 8832K, reserved 1048576K
Event: 31.134 GC heap after
Heap after GC invocations=144 (full 6):
 def new generation   total 82560K, used 7979K [0x00000000c0000000, 0x00000000c5990000, 0x00000000d5550000)
  eden space 73408K,   0% used [0x00000000c0000000, 0x00000000c0000000, 0x00000000c47b0000)
  from space 9152K,  87% used [0x00000000c50a0000, 0x00000000c586af58, 0x00000000c5990000)
  to   space 9152K,   0% used [0x00000000c47b0000, 0x00000000c47b0000, 0x00000000c50a0000)
 tenured generation   total 183340K, used 157893K [0x00000000d5550000, 0x00000000e085b000, 0x0000000100000000)
   the space 183340K,  86% used [0x00000000d5550000, 0x00000000def81758, 0x00000000def81800, 0x00000000e085b000)
 Metaspace       used 57532K, capacity 61372K, committed 61568K, reserved 1101824K
  class space    used 7833K, capacity 8798K, committed 8832K, reserved 1048576K
}
Event: 31.357 GC heap before
{Heap before GC invocations=144 (full 6):
 def new generation   total 82560K, used 81387K [0x00000000c0000000, 0x00000000c5990000, 0x00000000d5550000)
  eden space 73408K, 100% used [0x00000000c0000000, 0x00000000c47b0000, 0x00000000c47b0000)
  from space 9152K,  87% used [0x00000000c50a0000, 0x00000000c586af58, 0x00000000c5990000)
  to   space 9152K,   0% used [0x00000000c47b0000, 0x00000000c47b0000, 0x00000000c50a0000)
 tenured generation   total 183340K, used 157893K [0x00000000d5550000, 0x00000000e085b000, 0x0000000100000000)
   the space 183340K,  86% used [0x00000000d5550000, 0x00000000def81758, 0x00000000def81800, 0x00000000e085b000)
 Metaspace       used 57540K, capacity 61372K, committed 61568K, reserved 1101824K
  class space    used 7833K, capacity 8798K, committed 8832K, reserved 1048576K
Event: 31.387 GC heap after
Heap after GC invocations=145 (full 6):
 def new generation   total 82560K, used 3127K [0x00000000c0000000, 0x00000000c5990000, 0x00000000d5550000)
  eden space 73408K,   0% used [0x00000000c0000000, 0x00000000c0000000, 0x00000000c47b0000)
  from space 9152K,  34% used [0x00000000c47b0000, 0x00000000c4abde28, 0x00000000c50a0000)
  to   space 9152K,   0% used [0x00000000c50a0000, 0x00000000c50a0000, 0x00000000c5990000)
 tenured generation   total 183340K, used 165311K [0x00000000d5550000, 0x00000000e085b000, 0x0000000100000000)
   the space 183340K,  90% used [0x00000000d5550000, 0x00000000df6bfe48, 0x00000000df6c0000, 0x00000000e085b000)
 Metaspace       used 57540K, capacity 61372K, committed 61568K, reserved 1101824K
  class space    used 7833K, capacity 8798K, committed 8832K, reserved 1048576K
}
Event: 31.571 GC heap before
{Heap before GC invocations=145 (full 6):
 def new generation   total 82560K, used 76535K [0x00000000c0000000, 0x00000000c5990000, 0x00000000d5550000)
  eden space 73408K, 100% used [0x00000000c0000000, 0x00000000c47b0000, 0x00000000c47b0000)
  from space 9152K,  34% used [0x00000000c47b0000, 0x00000000c4abde28, 0x00000000c50a0000)
  to   space 9152K,   0% used [0x00000000c50a0000, 0x00000000c50a0000, 0x00000000c5990000)
 tenured generation   total 183340K, used 165311K [0x00000000d5550000, 0x00000000e085b000, 0x0000000100000000)
   the space 183340K,  90% used [0x00000000d5550000, 0x00000000df6bfe48, 0x00000000df6c0000, 0x00000000e085b000)
 Metaspace       used 57549K, capacity 61372K, committed 61568K, reserved 1101824K
  class space    used 7833K, capacity 8798K, committed 8832K, reserved 1048576K
Event: 31.578 GC heap after
Heap after GC invocations=146 (full 6):
 def new generation   total 82560K, used 5842K [0x00000000c0000000, 0x00000000c5990000, 0x00000000d5550000)
  eden space 73408K,   0% used [0x00000000c0000000, 0x00000000c0000000, 0x00000000c47b0000)
  from space 9152K,  63% used [0x00000000c50a0000, 0x00000000c5654a60, 0x00000000c5990000)
  to   space 9152K,   0% used [0x00000000c47b0000, 0x00000000c47b0000, 0x00000000c50a0000)
 tenured generation   total 183340K, used 165311K [0x00000000d5550000, 0x00000000e085b000, 0x0000000100000000)
   the space 183340K,  90% used [0x00000000d5550000, 0x00000000df6bfe48, 0x00000000df6c0000, 0x00000000e085b000)
 Metaspace       used 57549K, capacity 61372K, committed 61568K, reserved 1101824K
  class space    used 7833K, capacity 8798K, committed 8832K, reserved 1048576K
}
Event: 31.939 GC heap before
{Heap before GC invocations=146 (full 6):
 def new generation   total 82560K, used 79250K [0x00000000c0000000, 0x00000000c5990000, 0x00000000d5550000)
  eden space 73408K, 100% used [0x00000000c0000000, 0x00000000c47b0000, 0x00000000c47b0000)
  from space 9152K,  63% used [0x00000000c50a0000, 0x00000000c5654a60, 0x00000000c5990000)
  to   space 9152K,   0% used [0x00000000c47b0000, 0x00000000c47b0000, 0x00000000c50a0000)
 tenured generation   total 183340K, used 165311K [0x00000000d5550000, 0x00000000e085b000, 0x0000000100000000)
   the space 183340K,  90% used [0x00000000d5550000, 0x00000000df6bfe48, 0x00000000df6c0000, 0x00000000e085b000)
 Metaspace       used 57587K, capacity 61458K, committed 61568K, reserved 1101824K
  class space    used 7836K, capacity 8801K, committed 8832K, reserved 1048576K
Event: 31.951 GC heap after
Heap after GC invocations=147 (full 6):
 def new generation   total 82560K, used 7746K [0x00000000c0000000, 0x00000000c5990000, 0x00000000d5550000)
  eden space 73408K,   0% used [0x00000000c0000000, 0x00000000c0000000, 0x00000000c47b0000)
  from space 9152K,  84% used [0x00000000c47b0000, 0x00000000c4f40a48, 0x00000000c50a0000)
  to   space 9152K,   0% used [0x00000000c50a0000, 0x00000000c50a0000, 0x00000000c5990000)
 tenured generation   total 183340K, used 168374K [0x00000000d5550000, 0x00000000e085b000, 0x0000000100000000)
   the space 183340K,  91% used [0x00000000d5550000, 0x00000000df9bdbf8, 0x00000000df9bdc00, 0x00000000e085b000)
 Metaspace       used 57587K, capacity 61458K, committed 61568K, reserved 1101824K
  class space    used 7836K, capacity 8801K, committed 8832K, reserved 1048576K
}
Event: 32.203 GC heap before
{Heap before GC invocations=147 (full 6):
 def new generation   total 82560K, used 81154K [0x00000000c0000000, 0x00000000c5990000, 0x00000000d5550000)
  eden space 73408K, 100% used [0x00000000c0000000, 0x00000000c47b0000, 0x00000000c47b0000)
  from space 9152K,  84% used [0x00000000c47b0000, 0x00000000c4f40a48, 0x00000000c50a0000)
  to   space 9152K,   0% used [0x00000000c50a0000, 0x00000000c50a0000, 0x00000000c5990000)
 tenured generation   total 183340K, used 168374K [0x00000000d5550000, 0x00000000e085b000, 0x0000000100000000)
   the space 183340K,  91% used [0x00000000d5550000, 0x00000000df9bdbf8, 0x00000000df9bdc00, 0x00000000e085b000)
 Metaspace       used 57622K, capacity 61470K, committed 61568K, reserved 1101824K
  class space    used 7837K, capacity 8803K, committed 8832K, reserved 1048576K
Event: 32.216 GC heap after
Heap after GC invocations=148 (full 6):
 def new generation   total 82560K, used 2610K [0x00000000c0000000, 0x00000000c5990000, 0x00000000d5550000)
  eden space 73408K,   0% used [0x00000000c0000000, 0x00000000c0000000, 0x00000000c47b0000)
  from space 9152K,  28% used [0x00000000c50a0000, 0x00000000c532cad8, 0x00000000c5990000)
  to   space 9152K,   0% used [0x00000000c47b0000, 0x00000000c47b0000, 0x00000000c50a0000)
 tenured generation   total 183340K, used 176000K [0x00000000d5550000, 0x00000000e085b000, 0x0000000100000000)
   the space 183340K,  95% used [0x00000000d5550000, 0x00000000e0130058, 0x00000000e0130200, 0x00000000e085b000)
 Metaspace       used 57622K, capacity 61470K, committed 61568K, reserved 1101824K
  class space    used 7837K, capacity 8803K, committed 8832K, reserved 1048576K
}
Event: 32.593 GC heap before
{Heap before GC invocations=148 (full 6):
 def new generation   total 82560K, used 76018K [0x00000000c0000000, 0x00000000c5990000, 0x00000000d5550000)
  eden space 73408K, 100% used [0x00000000c0000000, 0x00000000c47b0000, 0x00000000c47b0000)
  from space 9152K,  28% used [0x00000000c50a0000, 0x00000000c532cad8, 0x00000000c5990000)
  to   space 9152K,   0% used [0x00000000c47b0000, 0x00000000c47b0000, 0x00000000c50a0000)
 tenured generation   total 183340K, used 176000K [0x00000000d5550000, 0x00000000e085b000, 0x0000000100000000)
   the space 183340K,  95% used [0x00000000d5550000, 0x00000000e0130058, 0x00000000e0130200, 0x00000000e085b000)
 Metaspace       used 57623K, capacity 61470K, committed 61568K, reserved 1101824K
  class space    used 7837K, capacity 8803K, committed 8832K, reserved 1048576K
Event: 32.605 GC heap after
Heap after GC invocations=149 (full 6):
 def new generation   total 82560K, used 7116K [0x00000000c0000000, 0x00000000c5990000, 0x00000000d5550000)
  eden space 73408K,   0% used [0x00000000c0000000, 0x00000000c0000000, 0x00000000c47b0000)
  from space 9152K,  77% used [0x00000000c47b0000, 0x00000000c4ea3230, 0x00000000c50a0000)
  to   space 9152K,   0% used [0x00000000c50a0000, 0x00000000c50a0000, 0x00000000c5990000)
 tenured generation   total 183340K, used 176000K [0x00000000d5550000, 0x00000000e085b000, 0x0000000100000000)
   the space 183340K,  95% used [0x00000000d5550000, 0x00000000e0130058, 0x00000000e0130200, 0x00000000e085b000)
 Metaspace       used 57623K, capacity 61470K, committed 61568K, reserved 1101824K
  class space    used 7837K, capacity 8803K, committed 8832K, reserved 1048576K
}
Event: 32.868 GC heap before
{Heap before GC invocations=149 (full 6):
 def new generation   total 82560K, used 80524K [0x00000000c0000000, 0x00000000c5990000, 0x00000000d5550000)
  eden space 73408K, 100% used [0x00000000c0000000, 0x00000000c47b0000, 0x00000000c47b0000)
  from space 9152K,  77% used [0x00000000c47b0000, 0x00000000c4ea3230, 0x00000000c50a0000)
  to   space 9152K,   0% used [0x00000000c50a0000, 0x00000000c50a0000, 0x00000000c5990000)
 tenured generation   total 183340K, used 176000K [0x00000000d5550000, 0x00000000e085b000, 0x0000000100000000)
   the space 183340K,  95% used [0x00000000d5550000, 0x00000000e0130058, 0x00000000e0130200, 0x00000000e085b000)
 Metaspace       used 57625K, capacity 61470K, committed 61568K, reserved 1101824K
  class space    used 7837K, capacity 8803K, committed 8832K, reserved 1048576K
Event: 32.886 GC heap after
Heap after GC invocations=150 (full 6):
 def new generation   total 82560K, used 7575K [0x00000000c0000000, 0x00000000c5990000, 0x00000000d5550000)
  eden space 73408K,   0% used [0x00000000c0000000, 0x00000000c0000000, 0x00000000c47b0000)
  from space 9152K,  82% used [0x00000000c50a0000, 0x00000000c5805cb0, 0x00000000c5990000)
  to   space 9152K,   0% used [0x00000000c47b0000, 0x00000000c47b0000, 0x00000000c50a0000)
 tenured generation   total 183340K, used 178548K [0x00000000d5550000, 0x00000000e085b000, 0x0000000100000000)
   the space 183340K,  97% used [0x00000000d5550000, 0x00000000e03ad250, 0x00000000e03ad400, 0x00000000e085b000)
 Metaspace       used 57625K, capacity 61470K, committed 61568K, reserved 1101824K
  class space    used 7837K, capacity 8803K, committed 8832K, reserved 1048576K
}
Event: 33.090 GC heap before
{Heap before GC invocations=150 (full 6):
 def new generation   total 82560K, used 80983K [0x00000000c0000000, 0x00000000c5990000, 0x00000000d5550000)
  eden space 73408K, 100% used [0x00000000c0000000, 0x00000000c47b0000, 0x00000000c47b0000)
  from space 9152K,  82% used [0x00000000c50a0000, 0x00000000c5805cb0, 0x00000000c5990000)
  to   space 9152K,   0% used [0x00000000c47b0000, 0x00000000c47b0000, 0x00000000c50a0000)
 tenured generation   total 183340K, used 178548K [0x00000000d5550000, 0x00000000e085b000, 0x0000000100000000)
   the space 183340K,  97% used [0x00000000d5550000, 0x00000000e03ad250, 0x00000000e03ad400, 0x00000000e085b000)
 Metaspace       used 57626K, capacity 61470K, committed 61568K, reserved 1101824K
  class space    used 7837K, capacity 8803K, committed 8832K, reserved 1048576K
Event: 33.101 GC heap after
Heap after GC invocations=151 (full 6):
 def new generation   total 82560K, used 5675K [0x00000000c0000000, 0x00000000c5990000, 0x00000000d5550000)
  eden space 73408K,   0% used [0x00000000c0000000, 0x00000000c0000000, 0x00000000c47b0000)
  from space 9152K,  62% used [0x00000000c47b0000, 0x00000000c4d3ae40, 0x00000000c50a0000)
  to   space 9152K,   0% used [0x00000000c50a0000, 0x00000000c50a0000, 0x00000000c5990000)
 tenured generation   total 183340K, used 182977K [0x00000000d5550000, 0x00000000e085b000, 0x0000000100000000)
   the space 183340K,  99% used [0x00000000d5550000, 0x00000000e0800798, 0x00000000e0800800, 0x00000000e085b000)
 Metaspace       used 57626K, capacity 61470K, committed 61568K, reserved 1101824K
  class space    used 7837K, capacity 8803K, committed 8832K, reserved 1048576K
}
Event: 33.427 GC heap before
{Heap before GC invocations=151 (full 6):
 def new generation   total 82560K, used 79083K [0x00000000c0000000, 0x00000000c5990000, 0x00000000d5550000)
  eden space 73408K, 100% used [0x00000000c0000000, 0x00000000c47b0000, 0x00000000c47b0000)
  from space 9152K,  62% used [0x00000000c47b0000, 0x00000000c4d3ae40, 0x00000000c50a0000)
  to   space 9152K,   0% used [0x00000000c50a0000, 0x00000000c50a0000, 0x00000000c5990000)
 tenured generation   total 183340K, used 182977K [0x00000000d5550000, 0x00000000e085b000, 0x0000000100000000)
   the space 183340K,  99% used [0x00000000d5550000, 0x00000000e0800798, 0x00000000e0800800, 0x00000000e085b000)
 Metaspace       used 57639K, capacity 61470K, committed 61568K, reserved 1101824K
  class space    used 7837K, capacity 8803K, committed 8832K, reserved 1048576K
Event: 33.923 GC heap after
Heap after GC invocations=152 (full 7):
 def new generation   total 123392K, used 0K [0x00000000c0000000, 0x00000000c85e0000, 0x00000000d5550000)
  eden space 109696K,   0% used [0x00000000c0000000, 0x00000000c0000000, 0x00000000c6b20000)
  from space 13696K,   0% used [0x00000000c6b20000, 0x00000000c6b20000, 0x00000000c7880000)
  to   space 13696K,   0% used [0x00000000c7880000, 0x00000000c7880000, 0x00000000c85e0000)
 tenured generation   total 274044K, used 164424K [0x00000000d5550000, 0x00000000e60ef000, 0x0000000100000000)
   the space 274044K,  59% used [0x00000000d5550000, 0x00000000df5e23e0, 0x00000000df5e2400, 0x00000000e60ef000)
 Metaspace       used 57639K, capacity 61470K, committed 61568K, reserved 1101824K
  class space    used 7837K, capacity 8803K, committed 8832K, reserved 1048576K
}
Event: 34.377 GC heap before
{Heap before GC invocations=152 (full 7):
 def new generation   total 123392K, used 109696K [0x00000000c0000000, 0x00000000c85e0000, 0x00000000d5550000)
  eden space 109696K, 100% used [0x00000000c0000000, 0x00000000c6b20000, 0x00000000c6b20000)
  from space 13696K,   0% used [0x00000000c6b20000, 0x00000000c6b20000, 0x00000000c7880000)
  to   space 13696K,   0% used [0x00000000c7880000, 0x00000000c7880000, 0x00000000c85e0000)
 tenured generation   total 274044K, used 164424K [0x00000000d5550000, 0x00000000e60ef000, 0x0000000100000000)
   the space 274044K,  59% used [0x00000000d5550000, 0x00000000df5e23e0, 0x00000000df5e2400, 0x00000000e60ef000)
 Metaspace       used 57645K, capacity 61476K, committed 61568K, reserved 1101824K
  class space    used 7838K, capacity 8804K, committed 8832K, reserved 1048576K
Event: 34.387 GC heap after
Heap after GC invocations=153 (full 7):
 def new generation   total 123392K, used 5444K [0x00000000c0000000, 0x00000000c85e0000, 0x00000000d5550000)
  eden space 109696K,   0% used [0x00000000c0000000, 0x00000000c0000000, 0x00000000c6b20000)
  from space 13696K,  39% used [0x00000000c7880000, 0x00000000c7dd1358, 0x00000000c85e0000)
  to   space 13696K,   0% used [0x00000000c6b20000, 0x00000000c6b20000, 0x00000000c7880000)
 tenured generation   total 274044K, used 164424K [0x00000000d5550000, 0x00000000e60ef000, 0x0000000100000000)
   the space 274044K,  59% used [0x00000000d5550000, 0x00000000df5e23e0, 0x00000000df5e2400, 0x00000000e60ef000)
 Metaspace       used 57645K, capacity 61476K, committed 61568K, reserved 1101824K
  class space    used 7838K, capacity 8804K, committed 8832K, reserved 1048576K
}
Event: 34.746 GC heap before
{Heap before GC invocations=153 (full 7):
 def new generation   total 123392K, used 115140K [0x00000000c0000000, 0x00000000c85e0000, 0x00000000d5550000)
  eden space 109696K, 100% used [0x00000000c0000000, 0x00000000c6b20000, 0x00000000c6b20000)
  from space 13696K,  39% used [0x00000000c7880000, 0x00000000c7dd1358, 0x00000000c85e0000)
  to   space 13696K,   0% used [0x00000000c6b20000, 0x00000000c6b20000, 0x00000000c7880000)
 tenured generation   total 274044K, used 164424K [0x00000000d5550000, 0x00000000e60ef000, 0x0000000100000000)
   the space 274044K,  59% used [0x00000000d5550000, 0x00000000df5e23e0, 0x00000000df5e2400, 0x00000000e60ef000)
 Metaspace       used 57647K, capacity 61476K, committed 61568K, reserved 1101824K
  class space    used 7838K, capacity 8804K, committed 8832K, reserved 1048576K
Event: 34.769 GC heap after
Heap after GC invocations=154 (full 7):
 def new generation   total 123392K, used 9866K [0x00000000c0000000, 0x00000000c85e0000, 0x00000000d5550000)
  eden space 109696K,   0% used [0x00000000c0000000, 0x00000000c0000000, 0x00000000c6b20000)
  from space 13696K,  72% used [0x00000000c6b20000, 0x00000000c74c28b0, 0x00000000c7880000)
  to   space 13696K,   0% used [0x00000000c7880000, 0x00000000c7880000, 0x00000000c85e0000)
 tenured generation   total 274044K, used 164424K [0x00000000d5550000, 0x00000000e60ef000, 0x0000000100000000)
   the space 274044K,  59% used [0x00000000d5550000, 0x00000000df5e23e0, 0x00000000df5e2400, 0x00000000e60ef000)
 Metaspace       used 57647K, capacity 61476K, committed 61568K, reserved 1101824K
  class space    used 7838K, capacity 8804K, committed 8832K, reserved 1048576K
}
Event: 35.193 GC heap before
{Heap before GC invocations=154 (full 7):
 def new generation   total 123392K, used 119562K [0x00000000c0000000, 0x00000000c85e0000, 0x00000000d5550000)
  eden space 109696K, 100% used [0x00000000c0000000, 0x00000000c6b20000, 0x00000000c6b20000)
  from space 13696K,  72% used [0x00000000c6b20000, 0x00000000c74c28b0, 0x00000000c7880000)
  to   space 13696K,   0% used [0x00000000c7880000, 0x00000000c7880000, 0x00000000c85e0000)
 tenured generation   total 274044K, used 164424K [0x00000000d5550000, 0x00000000e60ef000, 0x0000000100000000)
   the space 274044K,  59% used [0x00000000d5550000, 0x00000000df5e23e0, 0x00000000df5e2400, 0x00000000e60ef000)
 Metaspace       used 58310K, capacity 62244K, committed 62464K, reserved 1103872K
  class space    used 7936K, capacity 8906K, committed 8960K, reserved 1048576K
Event: 35.215 GC heap after
Heap after GC invocations=155 (full 7):
 def new generation   total 123392K, used 7338K [0x00000000c0000000, 0x00000000c85e0000, 0x00000000d5550000)
  eden space 109696K,   0% used [0x00000000c0000000, 0x00000000c0000000, 0x00000000c6b20000)
  from space 13696K,  53% used [0x00000000c7880000, 0x00000000c7faa840, 0x00000000c85e0000)
  to   space 13696K,   0% used [0x00000000c6b20000, 0x00000000c6b20000, 0x00000000c7880000)
 tenured generation   total 274044K, used 169724K [0x00000000d5550000, 0x00000000e60ef000, 0x0000000100000000)
   the space 274044K,  61% used [0x00000000d5550000, 0x00000000dfb0f360, 0x00000000dfb0f400, 0x00000000e60ef000)
 Metaspace       used 58310K, capacity 62244K, committed 62464K, reserved 1103872K
  class space    used 7936K, capacity 8906K, committed 8960K, reserved 1048576K
}
Event: 35.659 GC heap before
{Heap before GC invocations=155 (full 7):
 def new generation   total 123392K, used 117034K [0x00000000c0000000, 0x00000000c85e0000, 0x00000000d5550000)
  eden space 109696K, 100% used [0x00000000c0000000, 0x00000000c6b20000, 0x00000000c6b20000)
  from space 13696K,  53% used [0x00000000c7880000, 0x00000000c7faa840, 0x00000000c85e0000)
  to   space 13696K,   0% used [0x00000000c6b20000, 0x00000000c6b20000, 0x00000000c7880000)
 tenured generation   total 274044K, used 169724K [0x00000000d5550000, 0x00000000e60ef000, 0x0000000100000000)
   the space 274044K,  61% used [0x00000000d5550000, 0x00000000dfb0f360, 0x00000000dfb0f400, 0x00000000e60ef000)
 Metaspace       used 59116K, capacity 63022K, committed 63360K, reserved 1103872K
  class space    used 8034K, capacity 9009K, committed 9088K, reserved 1048576K
Event: 35.683 GC heap after
Heap after GC invocations=156 (full 7):
 def new generation   total 123392K, used 5267K [0x00000000c0000000, 0x00000000c85e0000, 0x00000000d5550000)
  eden space 109696K,   0% used [0x00000000c0000000, 0x00000000c0000000, 0x00000000c6b20000)
  from space 13696K,  38% used [0x00000000c6b20000, 0x00000000c7044c10, 0x00000000c7880000)
  to   space 13696K,   0% used [0x00000000c7880000, 0x00000000c7880000, 0x00000000c85e0000)
 tenured generation   total 274044K, used 174145K [0x00000000d5550000, 0x00000000e60ef000, 0x0000000100000000)
   the space 274044K,  63% used [0x00000000d5550000, 0x00000000dff60710, 0x00000000dff60800, 0x00000000e60ef000)
 Metaspace       used 59116K, capacity 63022K, committed 63360K, reserved 1103872K
  class space    used 8034K, capacity 9009K, committed 9088K, reserved 1048576K
}
Event: 36.141 GC heap before
{Heap before GC invocations=156 (full 7):
 def new generation   total 123392K, used 114963K [0x00000000c0000000, 0x00000000c85e0000, 0x00000000d5550000)
  eden space 109696K, 100% used [0x00000000c0000000, 0x00000000c6b20000, 0x00000000c6b20000)
  from space 13696K,  38% used [0x00000000c6b20000, 0x00000000c7044c10, 0x00000000c7880000)
  to   space 13696K,   0% used [0x00000000c7880000, 0x00000000c7880000, 0x00000000c85e0000)
 tenured generation   total 274044K, used 174145K [0x00000000d5550000, 0x00000000e60ef000, 0x0000000100000000)
   the space 274044K,  63% used [0x00000000d5550000, 0x00000000dff60710, 0x00000000dff60800, 0x00000000e60ef000)
 Metaspace       used 59623K, capacity 63574K, committed 63744K, reserved 1103872K
  class space    used 8131K, capacity 9145K, committed 9216K, reserved 1048576K
Event: 36.183 GC heap after
Heap after GC invocations=157 (full 7):
 def new generation   total 123392K, used 8750K [0x00000000c0000000, 0x00000000c85e0000, 0x00000000d5550000)
  eden space 109696K,   0% used [0x00000000c0000000, 0x00000000c0000000, 0x00000000c6b20000)
  from space 13696K,  63% used [0x00000000c7880000, 0x00000000c810bb48, 0x00000000c85e0000)
  to   space 13696K,   0% used [0x00000000c6b20000, 0x00000000c6b20000, 0x00000000c7880000)
 tenured generation   total 274044K, used 174145K [0x00000000d5550000, 0x00000000e60ef000, 0x0000000100000000)
   the space 274044K,  63% used [0x00000000d5550000, 0x00000000dff60710, 0x00000000dff60800, 0x00000000e60ef000)
 Metaspace       used 59623K, capacity 63574K, committed 63744K, reserved 1103872K
  class space    used 8131K, capacity 9145K, committed 9216K, reserved 1048576K
}
Event: 36.563 GC heap before
{Heap before GC invocations=157 (full 7):
 def new generation   total 123392K, used 118446K [0x00000000c0000000, 0x00000000c85e0000, 0x00000000d5550000)
  eden space 109696K, 100% used [0x00000000c0000000, 0x00000000c6b20000, 0x00000000c6b20000)
  from space 13696K,  63% used [0x00000000c7880000, 0x00000000c810bb48, 0x00000000c85e0000)
  to   space 13696K,   0% used [0x00000000c6b20000, 0x00000000c6b20000, 0x00000000c7880000)
 tenured generation   total 274044K, used 174145K [0x00000000d5550000, 0x00000000e60ef000, 0x0000000100000000)
   the space 274044K,  63% used [0x00000000d5550000, 0x00000000dff60710, 0x00000000dff60800, 0x00000000e60ef000)
 Metaspace       used 59844K, capacity 63852K, committed 64128K, reserved 1103872K
  class space    used 8210K, capacity 9280K, committed 9344K, reserved 1048576K
Event: 36.622 GC heap after
Heap after GC invocations=158 (full 7):
 def new generation   total 123392K, used 12828K [0x00000000c0000000, 0x00000000c85e0000, 0x00000000d5550000)
  eden space 109696K,   0% used [0x00000000c0000000, 0x00000000c0000000, 0x00000000c6b20000)
  from space 13696K,  93% used [0x00000000c6b20000, 0x00000000c77a7270, 0x00000000c7880000)
  to   space 13696K,   0% used [0x00000000c7880000, 0x00000000c7880000, 0x00000000c85e0000)
 tenured generation   total 274044K, used 176463K [0x00000000d5550000, 0x00000000e60ef000, 0x0000000100000000)
   the space 274044K,  64% used [0x00000000d5550000, 0x00000000e01a3d48, 0x00000000e01a3e00, 0x00000000e60ef000)
 Metaspace       used 59844K, capacity 63852K, committed 64128K, reserved 1103872K
  class space    used 8210K, capacity 9280K, committed 9344K, reserved 1048576K
}
Event: 36.936 GC heap before
{Heap before GC invocations=158 (full 7):
 def new generation   total 123392K, used 122524K [0x00000000c0000000, 0x00000000c85e0000, 0x00000000d5550000)
  eden space 109696K, 100% used [0x00000000c0000000, 0x00000000c6b20000, 0x00000000c6b20000)
  from space 13696K,  93% used [0x00000000c6b20000, 0x00000000c77a7270, 0x00000000c7880000)
  to   space 13696K,   0% used [0x00000000c7880000, 0x00000000c7880000, 0x00000000c85e0000)
 tenured generation   total 274044K, used 176463K [0x00000000d5550000, 0x00000000e60ef000, 0x0000000100000000)
   the space 274044K,  64% used [0x00000000d5550000, 0x00000000e01a3d48, 0x00000000e01a3e00, 0x00000000e60ef000)
 Metaspace       used 60013K, capacity 64062K, committed 64256K, reserved 1103872K
  class space    used 8256K, capacity 9353K, committed 9472K, reserved 1048576K
Event: 36.974 GC heap after
Heap after GC invocations=159 (full 7):
 def new generation   total 123392K, used 10271K [0x00000000c0000000, 0x00000000c85e0000, 0x00000000d5550000)
  eden space 109696K,   0% used [0x00000000c0000000, 0x00000000c0000000, 0x00000000c6b20000)
  from space 13696K,  74% used [0x00000000c7880000, 0x00000000c8287f58, 0x00000000c85e0000)
  to   space 13696K,   0% used [0x00000000c6b20000, 0x00000000c6b20000, 0x00000000c7880000)
 tenured generation   total 274044K, used 182811K [0x00000000d5550000, 0x00000000e60ef000, 0x0000000100000000)
   the space 274044K,  66% used [0x00000000d5550000, 0x00000000e07d6e40, 0x00000000e07d7000, 0x00000000e60ef000)
 Metaspace       used 60013K, capacity 64062K, committed 64256K, reserved 1103872K
  class space    used 8256K, capacity 9353K, committed 9472K, reserved 1048576K
}
Event: 37.509 GC heap before
{Heap before GC invocations=159 (full 7):
 def new generation   total 123392K, used 119967K [0x00000000c0000000, 0x00000000c85e0000, 0x00000000d5550000)
  eden space 109696K, 100% used [0x00000000c0000000, 0x00000000c6b20000, 0x00000000c6b20000)
  from space 13696K,  74% used [0x00000000c7880000, 0x00000000c8287f58, 0x00000000c85e0000)
  to   space 13696K,   0% used [0x00000000c6b20000, 0x00000000c6b20000, 0x00000000c7880000)
 tenured generation   total 274044K, used 182811K [0x00000000d5550000, 0x00000000e60ef000, 0x0000000100000000)
   the space 274044K,  66% used [0x00000000d5550000, 0x00000000e07d6e40, 0x00000000e07d7000, 0x00000000e60ef000)
 Metaspace       used 61144K, capacity 65410K, committed 65664K, reserved 1105920K
  class space    used 8382K, capacity 9527K, committed 9600K, reserved 1048576K
Event: 37.563 GC heap after
Heap after GC invocations=160 (full 7):
 def new generation   total 123392K, used 6614K [0x00000000c0000000, 0x00000000c85e0000, 0x00000000d5550000)
  eden space 109696K,   0% used [0x00000000c0000000, 0x00000000c0000000, 0x00000000c6b20000)
  from space 13696K,  48% used [0x00000000c6b20000, 0x00000000c7195a20, 0x00000000c7880000)
  to   space 13696K,   0% used [0x00000000c7880000, 0x00000000c7880000, 0x00000000c85e0000)
 tenured generation   total 274044K, used 189284K [0x00000000d5550000, 0x00000000e60ef000, 0x0000000100000000)
   the space 274044K,  69% used [0x00000000d5550000, 0x00000000e0e29260, 0x00000000e0e29400, 0x00000000e60ef000)
 Metaspace       used 61144K, capacity 65410K, committed 65664K, reserved 1105920K
  class space    used 8382K, capacity 9527K, committed 9600K, reserved 1048576K
}
Event: 37.916 GC heap before
{Heap before GC invocations=160 (full 7):
 def new generation   total 123392K, used 116310K [0x00000000c0000000, 0x00000000c85e0000, 0x00000000d5550000)
  eden space 109696K, 100% used [0x00000000c0000000, 0x00000000c6b20000, 0x00000000c6b20000)
  from space 13696K,  48% used [0x00000000c6b20000, 0x00000000c7195a20, 0x00000000c7880000)
  to   space 13696K,   0% used [0x00000000c7880000, 0x00000000c7880000, 0x00000000c85e0000)
 tenured generation   total 274044K, used 189284K [0x00000000d5550000, 0x00000000e60ef000, 0x0000000100000000)
   the space 274044K,  69% used [0x00000000d5550000, 0x00000000e0e29260, 0x00000000e0e29400, 0x00000000e60ef000)
 Metaspace       used 61607K, capacity 65766K, committed 65920K, reserved 1105920K
  class space    used 8432K, capacity 9563K, committed 9600K, reserved 1048576K
Event: 37.953 GC heap after
Heap after GC invocations=161 (full 7):
 def new generation   total 123392K, used 7851K [0x00000000c0000000, 0x00000000c85e0000, 0x00000000d5550000)
  eden space 109696K,   0% used [0x00000000c0000000, 0x00000000c0000000, 0x00000000c6b20000)
  from space 13696K,  57% used [0x00000000c7880000, 0x00000000c802adb8, 0x00000000c85e0000)
  to   space 13696K,   0% used [0x00000000c6b20000, 0x00000000c6b20000, 0x00000000c7880000)
 tenured generation   total 274044K, used 189284K [0x00000000d5550000, 0x00000000e60ef000, 0x0000000100000000)
   the space 274044K,  69% used [0x00000000d5550000, 0x00000000e0e29260, 0x00000000e0e29400, 0x00000000e60ef000)
 Metaspace       used 61607K, capacity 65766K, committed 65920K, reserved 1105920K
  class space    used 8432K, capacity 9563K, committed 9600K, reserved 1048576K
}
Event: 38.431 GC heap before
{Heap before GC invocations=161 (full 7):
 def new generation   total 123392K, used 117547K [0x00000000c0000000, 0x00000000c85e0000, 0x00000000d5550000)
  eden space 109696K, 100% used [0x00000000c0000000, 0x00000000c6b20000, 0x00000000c6b20000)
  from space 13696K,  57% used [0x00000000c7880000, 0x00000000c802adb8, 0x00000000c85e0000)
  to   space 13696K,   0% used [0x00000000c6b20000, 0x00000000c6b20000, 0x00000000c7880000)
 tenured generation   total 274044K, used 189284K [0x00000000d5550000, 0x00000000e60ef000, 0x0000000100000000)
   the space 274044K,  69% used [0x00000000d5550000, 0x00000000e0e29260, 0x00000000e0e29400, 0x00000000e60ef000)
 Metaspace       used 62759K, capacity 67072K, committed 67456K, reserved 1107968K
  class space    used 8595K, capacity 9763K, committed 9856K, reserved 1048576K
Event: 38.466 GC heap after
Heap after GC invocations=162 (full 7):
 def new generation   total 123392K, used 5072K [0x00000000c0000000, 0x00000000c85e0000, 0x00000000d5550000)
  eden space 109696K,   0% used [0x00000000c0000000, 0x00000000c0000000, 0x00000000c6b20000)
  from space 13696K,  37% used [0x00000000c6b20000, 0x00000000c70143e8, 0x00000000c7880000)
  to   space 13696K,   0% used [0x00000000c7880000, 0x00000000c7880000, 0x00000000c85e0000)
 tenured generation   total 274044K, used 193040K [0x00000000d5550000, 0x00000000e60ef000, 0x0000000100000000)
   the space 274044K,  70% used [0x00000000d5550000, 0x00000000e11d4380, 0x00000000e11d4400, 0x00000000e60ef000)
 Metaspace       used 62759K, capacity 67072K, committed 67456K, reserved 1107968K
  class space    used 8595K, capacity 9763K, committed 9856K, reserved 1048576K
}
Event: 39.039 GC heap before
{Heap before GC invocations=162 (full 7):
 def new generation   total 123392K, used 114768K [0x00000000c0000000, 0x00000000c85e0000, 0x00000000d5550000)
  eden space 109696K, 100% used [0x00000000c0000000, 0x00000000c6b20000, 0x00000000c6b20000)
  from space 13696K,  37% used [0x00000000c6b20000, 0x00000000c70143e8, 0x00000000c7880000)
  to   space 13696K,   0% used [0x00000000c7880000, 0x00000000c7880000, 0x00000000c85e0000)
 tenured generation   total 274044K, used 193040K [0x00000000d5550000, 0x00000000e60ef000, 0x0000000100000000)
   the space 274044K,  70% used [0x00000000d5550000, 0x00000000e11d4380, 0x00000000e11d4400, 0x00000000e60ef000)
 Metaspace       used 64010K, capacity 68280K, committed 68608K, reserved 1107968K
  class space    used 8722K, capacity 9866K, committed 9984K, reserved 1048576K
Event: 39.060 GC heap after
Heap after GC invocations=163 (full 7):
 def new generation   total 123392K, used 6009K [0x00000000c0000000, 0x00000000c85e0000, 0x00000000d5550000)
  eden space 109696K,   0% used [0x00000000c0000000, 0x00000000c0000000, 0x00000000c6b20000)
  from space 13696K,  43% used [0x00000000c7880000, 0x00000000c7e5e600, 0x00000000c85e0000)
  to   space 13696K,   0% used [0x00000000c6b20000, 0x00000000c6b20000, 0x00000000c7880000)
 tenured generation   total 274044K, used 193040K [0x00000000d5550000, 0x00000000e60ef000, 0x0000000100000000)
   the space 274044K,  70% used [0x00000000d5550000, 0x00000000e11d4380, 0x00000000e11d4400, 0x00000000e60ef000)
 Metaspace       used 64010K, capacity 68280K, committed 68608K, reserved 1107968K
  class space    used 8722K, capacity 9866K, committed 9984K, reserved 1048576K
}
Event: 39.501 GC heap before
{Heap before GC invocations=163 (full 7):
 def new generation   total 123392K, used 115705K [0x00000000c0000000, 0x00000000c85e0000, 0x00000000d5550000)
  eden space 109696K, 100% used [0x00000000c0000000, 0x00000000c6b20000, 0x00000000c6b20000)
  from space 13696K,  43% used [0x00000000c7880000, 0x00000000c7e5e600, 0x00000000c85e0000)
  to   space 13696K,   0% used [0x00000000c6b20000, 0x00000000c6b20000, 0x00000000c7880000)
 tenured generation   total 274044K, used 193040K [0x00000000d5550000, 0x00000000e60ef000, 0x0000000100000000)
   the space 274044K,  70% used [0x00000000d5550000, 0x00000000e11d4380, 0x00000000e11d4400, 0x00000000e60ef000)
 Metaspace       used 64421K, capacity 68734K, committed 69120K, reserved 1107968K
  class space    used 8753K, capacity 9936K, committed 9984K, reserved 1048576K
Event: 39.524 GC heap after
Heap after GC invocations=164 (full 7):
 def new generation   total 123392K, used 6493K [0x00000000c0000000, 0x00000000c85e0000, 0x00000000d5550000)
  eden space 109696K,   0% used [0x00000000c0000000, 0x00000000c0000000, 0x00000000c6b20000)
  from space 13696K,  47% used [0x00000000c6b20000, 0x00000000c7177710, 0x00000000c7880000)
  to   space 13696K,   0% used [0x00000000c7880000, 0x00000000c7880000, 0x00000000c85e0000)
 tenured generation   total 274044K, used 193040K [0x00000000d5550000, 0x00000000e60ef000, 0x0000000100000000)
   the space 274044K,  70% used [0x00000000d5550000, 0x00000000e11d4380, 0x00000000e11d4400, 0x00000000e60ef000)
 Metaspace       used 64421K, capacity 68734K, committed 69120K, reserved 1107968K
  class space    used 8753K, capacity 9936K, committed 9984K, reserved 1048576K
}
Event: 39.844 GC heap before
{Heap before GC invocations=164 (full 7):
 def new generation   total 123392K, used 116189K [0x00000000c0000000, 0x00000000c85e0000, 0x00000000d5550000)
  eden space 109696K, 100% used [0x00000000c0000000, 0x00000000c6b20000, 0x00000000c6b20000)
  from space 13696K,  47% used [0x00000000c6b20000, 0x00000000c7177710, 0x00000000c7880000)
  to   space 13696K,   0% used [0x00000000c7880000, 0x00000000c7880000, 0x00000000c85e0000)
 tenured generation   total 274044K, used 193040K [0x00000000d5550000, 0x00000000e60ef000, 0x0000000100000000)
   the space 274044K,  70% used [0x00000000d5550000, 0x00000000e11d4380, 0x00000000e11d4400, 0x00000000e60ef000)
 Metaspace       used 64421K, capacity 68734K, committed 69120K, reserved 1107968K
  class space    used 8753K, capacity 9936K, committed 9984K, reserved 1048576K
Event: 39.866 GC heap after
Heap after GC invocations=165 (full 7):
 def new generation   total 123392K, used 6678K [0x00000000c0000000, 0x00000000c85e0000, 0x00000000d5550000)
  eden space 109696K,   0% used [0x00000000c0000000, 0x00000000c0000000, 0x00000000c6b20000)
  from space 13696K,  48% used [0x00000000c7880000, 0x00000000c7f05a60, 0x00000000c85e0000)
  to   space 13696K,   0% used [0x00000000c6b20000, 0x00000000c6b20000, 0x00000000c7880000)
 tenured generation   total 274044K, used 193040K [0x00000000d5550000, 0x00000000e60ef000, 0x0000000100000000)
   the space 274044K,  70% used [0x00000000d5550000, 0x00000000e11d4380, 0x00000000e11d4400, 0x00000000e60ef000)
 Metaspace       used 64421K, capacity 68734K, committed 69120K, reserved 1107968K
  class space    used 8753K, capacity 9936K, committed 9984K, reserved 1048576K
}
Event: 40.267 GC heap before
{Heap before GC invocations=165 (full 7):
 def new generation   total 123392K, used 116374K [0x00000000c0000000, 0x00000000c85e0000, 0x00000000d5550000)
  eden space 109696K, 100% used [0x00000000c0000000, 0x00000000c6b20000, 0x00000000c6b20000)
  from space 13696K,  48% used [0x00000000c7880000, 0x00000000c7f05a60, 0x00000000c85e0000)
  to   space 13696K,   0% used [0x00000000c6b20000, 0x00000000c6b20000, 0x00000000c7880000)
 tenured generation   total 274044K, used 193040K [0x00000000d5550000, 0x00000000e60ef000, 0x0000000100000000)
   the space 274044K,  70% used [0x00000000d5550000, 0x00000000e11d4380, 0x00000000e11d4400, 0x00000000e60ef000)
 Metaspace       used 64421K, capacity 68734K, committed 69120K, reserved 1107968K
  class space    used 8753K, capacity 9936K, committed 9984K, reserved 1048576K
Event: 40.294 GC heap after
Heap after GC invocations=166 (full 7):
 def new generation   total 123392K, used 7045K [0x00000000c0000000, 0x00000000c85e0000, 0x00000000d5550000)
  eden space 109696K,   0% used [0x00000000c0000000, 0x00000000c0000000, 0x00000000c6b20000)
  from space 13696K,  51% used [0x00000000c6b20000, 0x00000000c7201648, 0x00000000c7880000)
  to   space 13696K,   0% used [0x00000000c7880000, 0x00000000c7880000, 0x00000000c85e0000)
 tenured generation   total 274044K, used 193040K [0x00000000d5550000, 0x00000000e60ef000, 0x0000000100000000)
   the space 274044K,  70% used [0x00000000d5550000, 0x00000000e11d4380, 0x00000000e11d4400, 0x00000000e60ef000)
 Metaspace       used 64421K, capacity 68734K, committed 69120K, reserved 1107968K
  class space    used 8753K, capacity 9936K, committed 9984K, reserved 1048576K
}
Event: 41.081 GC heap before
{Heap before GC invocations=166 (full 7):
 def new generation   total 123392K, used 116741K [0x00000000c0000000, 0x00000000c85e0000, 0x00000000d5550000)
  eden space 109696K, 100% used [0x00000000c0000000, 0x00000000c6b20000, 0x00000000c6b20000)
  from space 13696K,  51% used [0x00000000c6b20000, 0x00000000c7201648, 0x00000000c7880000)
  to   space 13696K,   0% used [0x00000000c7880000, 0x00000000c7880000, 0x00000000c85e0000)
 tenured generation   total 274044K, used 193040K [0x00000000d5550000, 0x00000000e60ef000, 0x0000000100000000)
   the space 274044K,  70% used [0x00000000d5550000, 0x00000000e11d4380, 0x00000000e11d4400, 0x00000000e60ef000)
 Metaspace       used 66178K, capacity 70516K, committed 70912K, reserved 1110016K
  class space    used 8995K, capacity 10165K, committed 10240K, reserved 1048576K
Event: 41.117 GC heap after
Heap after GC invocations=167 (full 7):
 def new generation   total 123392K, used 7105K [0x00000000c0000000, 0x00000000c85e0000, 0x00000000d5550000)
  eden space 109696K,   0% used [0x00000000c0000000, 0x00000000c0000000, 0x00000000c6b20000)
  from space 13696K,  51% used [0x00000000c7880000, 0x00000000c7f70568, 0x00000000c85e0000)
  to   space 13696K,   0% used [0x00000000c6b20000, 0x00000000c6b20000, 0x00000000c7880000)
 tenured generation   total 274044K, used 194504K [0x00000000d5550000, 0x00000000e60ef000, 0x0000000100000000)
   the space 274044K,  70% used [0x00000000d5550000, 0x00000000e1342378, 0x00000000e1342400, 0x00000000e60ef000)
 Metaspace       used 66178K, capacity 70516K, committed 70912K, reserved 1110016K
  class space    used 8995K, capacity 10165K, committed 10240K, reserved 1048576K
}
Event: 41.654 GC heap before
{Heap before GC invocations=167 (full 7):
 def new generation   total 123392K, used 116801K [0x00000000c0000000, 0x00000000c85e0000, 0x00000000d5550000)
  eden space 109696K, 100% used [0x00000000c0000000, 0x00000000c6b20000, 0x00000000c6b20000)
  from space 13696K,  51% used [0x00000000c7880000, 0x00000000c7f70568, 0x00000000c85e0000)
  to   space 13696K,   0% used [0x00000000c6b20000, 0x00000000c6b20000, 0x00000000c7880000)
 tenured generation   total 274044K, used 194504K [0x00000000d5550000, 0x00000000e60ef000, 0x0000000100000000)
   the space 274044K,  70% used [0x00000000d5550000, 0x00000000e1342378, 0x00000000e1342400, 0x00000000e60ef000)
 Metaspace       used 66654K, capacity 71046K, committed 71296K, reserved 1110016K
  class space    used 9057K, capacity 10258K, committed 10368K, reserved 1048576K
Event: 41.682 GC heap after
Heap after GC invocations=168 (full 7):
 def new generation   total 123392K, used 4777K [0x00000000c0000000, 0x00000000c85e0000, 0x00000000d5550000)
  eden space 109696K,   0% used [0x00000000c0000000, 0x00000000c0000000, 0x00000000c6b20000)
  from space 13696K,  34% used [0x00000000c6b20000, 0x00000000c6fca6c0, 0x00000000c7880000)
  to   space 13696K,   0% used [0x00000000c7880000, 0x00000000c7880000, 0x00000000c85e0000)
 tenured generation   total 274044K, used 196660K [0x00000000d5550000, 0x00000000e60ef000, 0x0000000100000000)
   the space 274044K,  71% used [0x00000000d5550000, 0x00000000e155d140, 0x00000000e155d200, 0x00000000e60ef000)
 Metaspace       used 66654K, capacity 71046K, committed 71296K, reserved 1110016K
  class space    used 9057K, capacity 10258K, committed 10368K, reserved 1048576K
}
Event: 42.286 GC heap before
{Heap before GC invocations=168 (full 7):
 def new generation   total 123392K, used 114473K [0x00000000c0000000, 0x00000000c85e0000, 0x00000000d5550000)
  eden space 109696K, 100% used [0x00000000c0000000, 0x00000000c6b20000, 0x00000000c6b20000)
  from space 13696K,  34% used [0x00000000c6b20000, 0x00000000c6fca6c0, 0x00000000c7880000)
  to   space 13696K,   0% used [0x00000000c7880000, 0x00000000c7880000, 0x00000000c85e0000)
 tenured generation   total 274044K, used 196660K [0x00000000d5550000, 0x00000000e60ef000, 0x0000000100000000)
   the space 274044K,  71% used [0x00000000d5550000, 0x00000000e155d140, 0x00000000e155d200, 0x00000000e60ef000)
 Metaspace       used 67014K, capacity 71516K, committed 71552K, reserved 1110016K
  class space    used 9111K, capacity 10335K, committed 10368K, reserved 1048576K
Event: 42.311 GC heap after
Heap after GC invocations=169 (full 7):
 def new generation   total 123392K, used 4894K [0x00000000c0000000, 0x00000000c85e0000, 0x00000000d5550000)
  eden space 109696K,   0% used [0x00000000c0000000, 0x00000000c0000000, 0x00000000c6b20000)
  from space 13696K,  35% used [0x00000000c7880000, 0x00000000c7d47a00, 0x00000000c85e0000)
  to   space 13696K,   0% used [0x00000000c6b20000, 0x00000000c6b20000, 0x00000000c7880000)
 tenured generation   total 274044K, used 196660K [0x00000000d5550000, 0x00000000e60ef000, 0x0000000100000000)
   the space 274044K,  71% used [0x00000000d5550000, 0x00000000e155d140, 0x00000000e155d200, 0x00000000e60ef000)
 Metaspace       used 67014K, capacity 71516K, committed 71552K, reserved 1110016K
  class space    used 9111K, capacity 10335K, committed 10368K, reserved 1048576K
}
Event: 42.795 GC heap before
{Heap before GC invocations=169 (full 7):
 def new generation   total 123392K, used 114590K [0x00000000c0000000, 0x00000000c85e0000, 0x00000000d5550000)
  eden space 109696K, 100% used [0x00000000c0000000, 0x00000000c6b20000, 0x00000000c6b20000)
  from space 13696K,  35% used [0x00000000c7880000, 0x00000000c7d47a00, 0x00000000c85e0000)
  to   space 13696K,   0% used [0x00000000c6b20000, 0x00000000c6b20000, 0x00000000c7880000)
 tenured generation   total 274044K, used 196660K [0x00000000d5550000, 0x00000000e60ef000, 0x0000000100000000)
   the space 274044K,  71% used [0x00000000d5550000, 0x00000000e155d140, 0x00000000e155d200, 0x00000000e60ef000)
 Metaspace       used 67112K, capacity 71622K, committed 71808K, reserved 1110016K
  class space    used 9117K, capacity 10338K, committed 10368K, reserved 1048576K
Event: 42.810 GC heap after
Heap after GC invocations=170 (full 7):
 def new generation   total 123392K, used 5084K [0x00000000c0000000, 0x00000000c85e0000, 0x00000000d5550000)
  eden space 109696K,   0% used [0x00000000c0000000, 0x00000000c0000000, 0x00000000c6b20000)
  from space 13696K,  37% used [0x00000000c6b20000, 0x00000000c7017010, 0x00000000c7880000)
  to   space 13696K,   0% used [0x00000000c7880000, 0x00000000c7880000, 0x00000000c85e0000)
 tenured generation   total 274044K, used 196660K [0x00000000d5550000, 0x00000000e60ef000, 0x0000000100000000)
   the space 274044K,  71% used [0x00000000d5550000, 0x00000000e155d140, 0x00000000e155d200, 0x00000000e60ef000)
 Metaspace       used 67112K, capacity 71622K, committed 71808K, reserved 1110016K
  class space    used 9117K, capacity 10338K, committed 10368K, reserved 1048576K
}
Event: 43.436 GC heap before
{Heap before GC invocations=170 (full 7):
 def new generation   total 123392K, used 114780K [0x00000000c0000000, 0x00000000c85e0000, 0x00000000d5550000)
  eden space 109696K, 100% used [0x00000000c0000000, 0x00000000c6b20000, 0x00000000c6b20000)
  from space 13696K,  37% used [0x00000000c6b20000, 0x00000000c7017010, 0x00000000c7880000)
  to   space 13696K,   0% used [0x00000000c7880000, 0x00000000c7880000, 0x00000000c85e0000)
 tenured generation   total 274044K, used 196660K [0x00000000d5550000, 0x00000000e60ef000, 0x0000000100000000)
   the space 274044K,  71% used [0x00000000d5550000, 0x00000000e155d140, 0x00000000e155d200, 0x00000000e60ef000)
 Metaspace       used 67243K, capacity 71762K, committed 71808K, reserved 1110016K
  class space    used 9118K, capacity 10338K, committed 10368K, reserved 1048576K
Event: 43.455 GC heap after
Heap after GC invocations=171 (full 7):
 def new generation   total 123392K, used 7672K [0x00000000c0000000, 0x00000000c85e0000, 0x00000000d5550000)
  eden space 109696K,   0% used [0x00000000c0000000, 0x00000000c0000000, 0x00000000c6b20000)
  from space 13696K,  56% used [0x00000000c7880000, 0x00000000c7ffe018, 0x00000000c85e0000)
  to   space 13696K,   0% used [0x00000000c6b20000, 0x00000000c6b20000, 0x00000000c7880000)
 tenured generation   total 274044K, used 196660K [0x00000000d5550000, 0x00000000e60ef000, 0x0000000100000000)
   the space 274044K,  71% used [0x00000000d5550000, 0x00000000e155d140, 0x00000000e155d200, 0x00000000e60ef000)
 Metaspace       used 67243K, capacity 71762K, committed 71808K, reserved 1110016K
  class space    used 9118K, capacity 10338K, committed 10368K, reserved 1048576K
}
Event: 43.835 GC heap before
{Heap before GC invocations=171 (full 7):
 def new generation   total 123392K, used 117368K [0x00000000c0000000, 0x00000000c85e0000, 0x00000000d5550000)
  eden space 109696K, 100% used [0x00000000c0000000, 0x00000000c6b20000, 0x00000000c6b20000)
  from space 13696K,  56% used [0x00000000c7880000, 0x00000000c7ffe018, 0x00000000c85e0000)
  to   space 13696K,   0% used [0x00000000c6b20000, 0x00000000c6b20000, 0x00000000c7880000)
 tenured generation   total 274044K, used 196660K [0x00000000d5550000, 0x00000000e60ef000, 0x0000000100000000)
   the space 274044K,  71% used [0x00000000d5550000, 0x00000000e155d140, 0x00000000e155d200, 0x00000000e60ef000)
 Metaspace       used 67313K, capacity 71834K, committed 72064K, reserved 1112064K
  class space    used 9118K, capacity 10338K, committed 10368K, reserved 1048576K
Event: 43.860 GC heap after
Heap after GC invocations=172 (full 7):
 def new generation   total 123392K, used 9239K [0x00000000c0000000, 0x00000000c85e0000, 0x00000000d5550000)
  eden space 109696K,   0% used [0x00000000c0000000, 0x00000000c0000000, 0x00000000c6b20000)
  from space 13696K,  67% used [0x00000000c6b20000, 0x00000000c7425dc0, 0x00000000c7880000)
  to   space 13696K,   0% used [0x00000000c7880000, 0x00000000c7880000, 0x00000000c85e0000)
 tenured generation   total 274044K, used 197975K [0x00000000d5550000, 0x00000000e60ef000, 0x0000000100000000)
   the space 274044K,  72% used [0x00000000d5550000, 0x00000000e16a5f60, 0x00000000e16a6000, 0x00000000e60ef000)
 Metaspace       used 67313K, capacity 71834K, committed 72064K, reserved 1112064K
  class space    used 9118K, capacity 10338K, committed 10368K, reserved 1048576K
}
Event: 44.231 GC heap before
{Heap before GC invocations=172 (full 7):
 def new generation   total 123392K, used 118935K [0x00000000c0000000, 0x00000000c85e0000, 0x00000000d5550000)
  eden space 109696K, 100% used [0x00000000c0000000, 0x00000000c6b20000, 0x00000000c6b20000)
  from space 13696K,  67% used [0x00000000c6b20000, 0x00000000c7425dc0, 0x00000000c7880000)
  to   space 13696K,   0% used [0x00000000c7880000, 0x00000000c7880000, 0x00000000c85e0000)
 tenured generation   total 274044K, used 197975K [0x00000000d5550000, 0x00000000e60ef000, 0x0000000100000000)
   the space 274044K,  72% used [0x00000000d5550000, 0x00000000e16a5f60, 0x00000000e16a6000, 0x00000000e60ef000)
 Metaspace       used 67343K, capacity 71834K, committed 72064K, reserved 1112064K
  class space    used 9118K, capacity 10338K, committed 10368K, reserved 1048576K
Event: 44.251 GC heap after
Heap after GC invocations=173 (full 7):
 def new generation   total 123392K, used 6235K [0x00000000c0000000, 0x00000000c85e0000, 0x00000000d5550000)
  eden space 109696K,   0% used [0x00000000c0000000, 0x00000000c0000000, 0x00000000c6b20000)
  from space 13696K,  45% used [0x00000000c7880000, 0x00000000c7e96f20, 0x00000000c85e0000)
  to   space 13696K,   0% used [0x00000000c6b20000, 0x00000000c6b20000, 0x00000000c7880000)
 tenured generation   total 274044K, used 200753K [0x00000000d5550000, 0x00000000e60ef000, 0x0000000100000000)
   the space 274044K,  73% used [0x00000000d5550000, 0x00000000e195c6e0, 0x00000000e195c800, 0x00000000e60ef000)
 Metaspace       used 67343K, capacity 71834K, committed 72064K, reserved 1112064K
  class space    used 9118K, capacity 10338K, committed 10368K, reserved 1048576K
}
Event: 44.532 GC heap before
{Heap before GC invocations=173 (full 7):
 def new generation   total 123392K, used 115931K [0x00000000c0000000, 0x00000000c85e0000, 0x00000000d5550000)
  eden space 109696K, 100% used [0x00000000c0000000, 0x00000000c6b20000, 0x00000000c6b20000)
  from space 13696K,  45% used [0x00000000c7880000, 0x00000000c7e96f20, 0x00000000c85e0000)
  to   space 13696K,   0% used [0x00000000c6b20000, 0x00000000c6b20000, 0x00000000c7880000)
 tenured generation   total 274044K, used 200753K [0x00000000d5550000, 0x00000000e60ef000, 0x0000000100000000)
   the space 274044K,  73% used [0x00000000d5550000, 0x00000000e195c6e0, 0x00000000e195c800, 0x00000000e60ef000)
 Metaspace       used 67349K, capacity 71898K, committed 72064K, reserved 1112064K
  class space    used 9118K, capacity 10338K, committed 10368K, reserved 1048576K
Event: 44.546 GC heap after
Heap after GC invocations=174 (full 7):
 def new generation   total 123392K, used 6156K [0x00000000c0000000, 0x00000000c85e0000, 0x00000000d5550000)
  eden space 109696K,   0% used [0x00000000c0000000, 0x00000000c0000000, 0x00000000c6b20000)
  from space 13696K,  44% used [0x00000000c6b20000, 0x00000000c7123388, 0x00000000c7880000)
  to   space 13696K,   0% used [0x00000000c7880000, 0x00000000c7880000, 0x00000000c85e0000)
 tenured generation   total 274044K, used 200753K [0x00000000d5550000, 0x00000000e60ef000, 0x0000000100000000)
   the space 274044K,  73% used [0x00000000d5550000, 0x00000000e195c6e0, 0x00000000e195c800, 0x00000000e60ef000)
 Metaspace       used 67349K, capacity 71898K, committed 72064K, reserved 1112064K
  class space    used 9118K, capacity 10338K, committed 10368K, reserved 1048576K
}
Event: 44.826 GC heap before
{Heap before GC invocations=174 (full 7):
 def new generation   total 123392K, used 115852K [0x00000000c0000000, 0x00000000c85e0000, 0x00000000d5550000)
  eden space 109696K, 100% used [0x00000000c0000000, 0x00000000c6b20000, 0x00000000c6b20000)
  from space 13696K,  44% used [0x00000000c6b20000, 0x00000000c7123388, 0x00000000c7880000)
  to   space 13696K,   0% used [0x00000000c7880000, 0x00000000c7880000, 0x00000000c85e0000)
 tenured generation   total 274044K, used 200753K [0x00000000d5550000, 0x00000000e60ef000, 0x0000000100000000)
   the space 274044K,  73% used [0x00000000d5550000, 0x00000000e195c6e0, 0x00000000e195c800, 0x00000000e60ef000)
 Metaspace       used 67361K, capacity 71898K, committed 72064K, reserved 1112064K
  class space    used 9118K, capacity 10338K, committed 10368K, reserved 1048576K
Event: 44.840 GC heap after
Heap after GC invocations=175 (full 7):
 def new generation   total 123392K, used 6055K [0x00000000c0000000, 0x00000000c85e0000, 0x00000000d5550000)
  eden space 109696K,   0% used [0x00000000c0000000, 0x00000000c0000000, 0x00000000c6b20000)
  from space 13696K,  44% used [0x00000000c7880000, 0x00000000c7e69c38, 0x00000000c85e0000)
  to   space 13696K,   0% used [0x00000000c6b20000, 0x00000000c6b20000, 0x00000000c7880000)
 tenured generation   total 274044K, used 200753K [0x00000000d5550000, 0x00000000e60ef000, 0x0000000100000000)
   the space 274044K,  73% used [0x00000000d5550000, 0x00000000e195c6e0, 0x00000000e195c800, 0x00000000e60ef000)
 Metaspace       used 67361K, capacity 71898K, committed 72064K, reserved 1112064K
  class space    used 9118K, capacity 10338K, committed 10368K, reserved 1048576K
}
Event: 45.192 GC heap before
{Heap before GC invocations=175 (full 7):
 def new generation   total 123392K, used 115751K [0x00000000c0000000, 0x00000000c85e0000, 0x00000000d5550000)
  eden space 109696K, 100% used [0x00000000c0000000, 0x00000000c6b20000, 0x00000000c6b20000)
  from space 13696K,  44% used [0x00000000c7880000, 0x00000000c7e69c38, 0x00000000c85e0000)
  to   space 13696K,   0% used [0x00000000c6b20000, 0x00000000c6b20000, 0x00000000c7880000)
 tenured generation   total 274044K, used 200753K [0x00000000d5550000, 0x00000000e60ef000, 0x0000000100000000)
   the space 274044K,  73% used [0x00000000d5550000, 0x00000000e195c6e0, 0x00000000e195c800, 0x00000000e60ef000)
 Metaspace       used 67398K, capacity 71962K, committed 72064K, reserved 1112064K
  class space    used 9119K, capacity 10338K, committed 10368K, reserved 1048576K
Event: 45.215 GC heap after
Heap after GC invocations=176 (full 7):
 def new generation   total 123392K, used 5967K [0x00000000c0000000, 0x00000000c85e0000, 0x00000000d5550000)
  eden space 109696K,   0% used [0x00000000c0000000, 0x00000000c0000000, 0x00000000c6b20000)
  from space 13696K,  43% used [0x00000000c6b20000, 0x00000000c70f3f30, 0x00000000c7880000)
  to   space 13696K,   0% used [0x00000000c7880000, 0x00000000c7880000, 0x00000000c85e0000)
 tenured generation   total 274044K, used 200753K [0x00000000d5550000, 0x00000000e60ef000, 0x0000000100000000)
   the space 274044K,  73% used [0x00000000d5550000, 0x00000000e195c6e0, 0x00000000e195c800, 0x00000000e60ef000)
 Metaspace       used 67398K, capacity 71962K, committed 72064K, reserved 1112064K
  class space    used 9119K, capacity 10338K, committed 10368K, reserved 1048576K
}
Event: 45.648 GC heap before
{Heap before GC invocations=176 (full 7):
 def new generation   total 123392K, used 115663K [0x00000000c0000000, 0x00000000c85e0000, 0x00000000d5550000)
  eden space 109696K, 100% used [0x00000000c0000000, 0x00000000c6b20000, 0x00000000c6b20000)
  from space 13696K,  43% used [0x00000000c6b20000, 0x00000000c70f3f30, 0x00000000c7880000)
  to   space 13696K,   0% used [0x00000000c7880000, 0x00000000c7880000, 0x00000000c85e0000)
 tenured generation   total 274044K, used 200753K [0x00000000d5550000, 0x00000000e60ef000, 0x0000000100000000)
   the space 274044K,  73% used [0x00000000d5550000, 0x00000000e195c6e0, 0x00000000e195c800, 0x00000000e60ef000)
 Metaspace       used 67402K, capacity 71962K, committed 72064K, reserved 1112064K
  class space    used 9119K, capacity 10338K, committed 10368K, reserved 1048576K
Event: 45.670 GC heap after
Heap after GC invocations=177 (full 7):
 def new generation   total 123392K, used 5822K [0x00000000c0000000, 0x00000000c85e0000, 0x00000000d5550000)
  eden space 109696K,   0% used [0x00000000c0000000, 0x00000000c0000000, 0x00000000c6b20000)
  from space 13696K,  42% used [0x00000000c7880000, 0x00000000c7e2f908, 0x00000000c85e0000)
  to   space 13696K,   0% used [0x00000000c6b20000, 0x00000000c6b20000, 0x00000000c7880000)
 tenured generation   total 274044K, used 200753K [0x00000000d5550000, 0x00000000e60ef000, 0x0000000100000000)
   the space 274044K,  73% used [0x00000000d5550000, 0x00000000e195c6e0, 0x00000000e195c800, 0x00000000e60ef000)
 Metaspace       used 67402K, capacity 71962K, committed 72064K, reserved 1112064K
  class space    used 9119K, capacity 10338K, committed 10368K, reserved 1048576K
}
Event: 46.028 GC heap before
{Heap before GC invocations=177 (full 7):
 def new generation   total 123392K, used 115518K [0x00000000c0000000, 0x00000000c85e0000, 0x00000000d5550000)
  eden space 109696K, 100% used [0x00000000c0000000, 0x00000000c6b20000, 0x00000000c6b20000)
  from space 13696K,  42% used [0x00000000c7880000, 0x00000000c7e2f908, 0x00000000c85e0000)
  to   space 13696K,   0% used [0x00000000c6b20000, 0x00000000c6b20000, 0x00000000c7880000)
 tenured generation   total 274044K, used 200753K [0x00000000d5550000, 0x00000000e60ef000, 0x0000000100000000)
   the space 274044K,  73% used [0x00000000d5550000, 0x00000000e195c6e0, 0x00000000e195c800, 0x00000000e60ef000)
 Metaspace       used 67406K, capacity 71966K, committed 72064K, reserved 1112064K
  class space    used 9119K, capacity 10338K, committed 10368K, reserved 1048576K
Event: 46.050 GC heap after
Heap after GC invocations=178 (full 7):
 def new generation   total 123392K, used 5683K [0x00000000c0000000, 0x00000000c85e0000, 0x00000000d5550000)
  eden space 109696K,   0% used [0x00000000c0000000, 0x00000000c0000000, 0x00000000c6b20000)
  from space 13696K,  41% used [0x00000000c6b20000, 0x00000000c70acc28, 0x00000000c7880000)
  to   space 13696K,   0% used [0x00000000c7880000, 0x00000000c7880000, 0x00000000c85e0000)
 tenured generation   total 274044K, used 200753K [0x00000000d5550000, 0x00000000e60ef000, 0x0000000100000000)
   the space 274044K,  73% used [0x00000000d5550000, 0x00000000e195c6e0, 0x00000000e195c800, 0x00000000e60ef000)
 Metaspace       used 67406K, capacity 71966K, committed 72064K, reserved 1112064K
  class space    used 9119K, capacity 10338K, committed 10368K, reserved 1048576K
}
Event: 46.467 GC heap before
{Heap before GC invocations=178 (full 7):
 def new generation   total 123392K, used 115379K [0x00000000c0000000, 0x00000000c85e0000, 0x00000000d5550000)
  eden space 109696K, 100% used [0x00000000c0000000, 0x00000000c6b20000, 0x00000000c6b20000)
  from space 13696K,  41% used [0x00000000c6b20000, 0x00000000c70acc28, 0x00000000c7880000)
  to   space 13696K,   0% used [0x00000000c7880000, 0x00000000c7880000, 0x00000000c85e0000)
 tenured generation   total 274044K, used 200753K [0x00000000d5550000, 0x00000000e60ef000, 0x0000000100000000)
   the space 274044K,  73% used [0x00000000d5550000, 0x00000000e195c6e0, 0x00000000e195c800, 0x00000000e60ef000)
 Metaspace       used 67412K, capacity 71966K, committed 72064K, reserved 1112064K
  class space    used 9119K, capacity 10338K, committed 10368K, reserved 1048576K
Event: 46.488 GC heap after
Heap after GC invocations=179 (full 7):
 def new generation   total 123392K, used 5537K [0x00000000c0000000, 0x00000000c85e0000, 0x00000000d5550000)
  eden space 109696K,   0% used [0x00000000c0000000, 0x00000000c0000000, 0x00000000c6b20000)
  from space 13696K,  40% used [0x00000000c7880000, 0x00000000c7de8788, 0x00000000c85e0000)
  to   space 13696K,   0% used [0x00000000c6b20000, 0x00000000c6b20000, 0x00000000c7880000)
 tenured generation   total 274044K, used 200753K [0x00000000d5550000, 0x00000000e60ef000, 0x0000000100000000)
   the space 274044K,  73% used [0x00000000d5550000, 0x00000000e195c6e0, 0x00000000e195c800, 0x00000000e60ef000)
 Metaspace       used 67412K, capacity 71966K, committed 72064K, reserved 1112064K
  class space    used 9119K, capacity 10338K, committed 10368K, reserved 1048576K
}
Event: 46.939 GC heap before
{Heap before GC invocations=179 (full 7):
 def new generation   total 123392K, used 115233K [0x00000000c0000000, 0x00000000c85e0000, 0x00000000d5550000)
  eden space 109696K, 100% used [0x00000000c0000000, 0x00000000c6b20000, 0x00000000c6b20000)
  from space 13696K,  40% used [0x00000000c7880000, 0x00000000c7de8788, 0x00000000c85e0000)
  to   space 13696K,   0% used [0x00000000c6b20000, 0x00000000c6b20000, 0x00000000c7880000)
 tenured generation   total 274044K, used 200753K [0x00000000d5550000, 0x00000000e60ef000, 0x0000000100000000)
   the space 274044K,  73% used [0x00000000d5550000, 0x00000000e195c6e0, 0x00000000e195c800, 0x00000000e60ef000)
 Metaspace       used 68047K, capacity 72612K, committed 72704K, reserved 1112064K
  class space    used 9236K, capacity 10469K, committed 10496K, reserved 1048576K
Event: 46.953 GC heap after
Heap after GC invocations=180 (full 7):
 def new generation   total 123392K, used 6016K [0x00000000c0000000, 0x00000000c85e0000, 0x00000000d5550000)
  eden space 109696K,   0% used [0x00000000c0000000, 0x00000000c0000000, 0x00000000c6b20000)
  from space 13696K,  43% used [0x00000000c6b20000, 0x00000000c71001e8, 0x00000000c7880000)
  to   space 13696K,   0% used [0x00000000c7880000, 0x00000000c7880000, 0x00000000c85e0000)
 tenured generation   total 274044K, used 200753K [0x00000000d5550000, 0x00000000e60ef000, 0x0000000100000000)
   the space 274044K,  73% used [0x00000000d5550000, 0x00000000e195c6e0, 0x00000000e195c800, 0x00000000e60ef000)
 Metaspace       used 68047K, capacity 72612K, committed 72704K, reserved 1112064K
  class space    used 9236K, capacity 10469K, committed 10496K, reserved 1048576K
}
Event: 47.412 GC heap before
{Heap before GC invocations=180 (full 7):
 def new generation   total 123392K, used 115712K [0x00000000c0000000, 0x00000000c85e0000, 0x00000000d5550000)
  eden space 109696K, 100% used [0x00000000c0000000, 0x00000000c6b20000, 0x00000000c6b20000)
  from space 13696K,  43% used [0x00000000c6b20000, 0x00000000c71001e8, 0x00000000c7880000)
  to   space 13696K,   0% used [0x00000000c7880000, 0x00000000c7880000, 0x00000000c85e0000)
 tenured generation   total 274044K, used 200753K [0x00000000d5550000, 0x00000000e60ef000, 0x0000000100000000)
   the space 274044K,  73% used [0x00000000d5550000, 0x00000000e195c6e0, 0x00000000e195c800, 0x00000000e60ef000)
 Metaspace       used 68714K, capacity 73288K, committed 73600K, reserved 1112064K
  class space    used 9337K, capacity 10567K, committed 10624K, reserved 1048576K
Event: 47.430 GC heap after
Heap after GC invocations=181 (full 7):
 def new generation   total 123392K, used 5966K [0x00000000c0000000, 0x00000000c85e0000, 0x00000000d5550000)
  eden space 109696K,   0% used [0x00000000c0000000, 0x00000000c0000000, 0x00000000c6b20000)
  from space 13696K,  43% used [0x00000000c7880000, 0x00000000c7e53ad0, 0x00000000c85e0000)
  to   space 13696K,   0% used [0x00000000c6b20000, 0x00000000c6b20000, 0x00000000c7880000)
 tenured generation   total 274044K, used 200753K [0x00000000d5550000, 0x00000000e60ef000, 0x0000000100000000)
   the space 274044K,  73% used [0x00000000d5550000, 0x00000000e195c6e0, 0x00000000e195c800, 0x00000000e60ef000)
 Metaspace       used 68714K, capacity 73288K, committed 73600K, reserved 1112064K
  class space    used 9337K, capacity 10567K, committed 10624K, reserved 1048576K
}
Event: 47.899 GC heap before
{Heap before GC invocations=181 (full 7):
 def new generation   total 123392K, used 115662K [0x00000000c0000000, 0x00000000c85e0000, 0x00000000d5550000)
  eden space 109696K, 100% used [0x00000000c0000000, 0x00000000c6b20000, 0x00000000c6b20000)
  from space 13696K,  43% used [0x00000000c7880000, 0x00000000c7e53ad0, 0x00000000c85e0000)
  to   space 13696K,   0% used [0x00000000c6b20000, 0x00000000c6b20000, 0x00000000c7880000)
 tenured generation   total 274044K, used 200753K [0x00000000d5550000, 0x00000000e60ef000, 0x0000000100000000)
   the space 274044K,  73% used [0x00000000d5550000, 0x00000000e195c6e0, 0x00000000e195c800, 0x00000000e60ef000)
 Metaspace       used 68919K, capacity 73414K, committed 73600K, reserved 1112064K
  class space    used 9371K, capacity 10578K, committed 10624K, reserved 1048576K
Event: 47.917 GC heap after
Heap after GC invocations=182 (full 7):
 def new generation   total 123392K, used 5713K [0x00000000c0000000, 0x00000000c85e0000, 0x00000000d5550000)
  eden space 109696K,   0% used [0x00000000c0000000, 0x00000000c0000000, 0x00000000c6b20000)
  from space 13696K,  41% used [0x00000000c6b20000, 0x00000000c70b45c8, 0x00000000c7880000)
  to   space 13696K,   0% used [0x00000000c7880000, 0x00000000c7880000, 0x00000000c85e0000)
 tenured generation   total 274044K, used 200753K [0x00000000d5550000, 0x00000000e60ef000, 0x0000000100000000)
   the space 274044K,  73% used [0x00000000d5550000, 0x00000000e195c6e0, 0x00000000e195c800, 0x00000000e60ef000)
 Metaspace       used 68919K, capacity 73414K, committed 73600K, reserved 1112064K
  class space    used 9371K, capacity 10578K, committed 10624K, reserved 1048576K
}
Event: 49.038 GC heap before
{Heap before GC invocations=182 (full 7):
 def new generation   total 123392K, used 115409K [0x00000000c0000000, 0x00000000c85e0000, 0x00000000d5550000)
  eden space 109696K, 100% used [0x00000000c0000000, 0x00000000c6b20000, 0x00000000c6b20000)
  from space 13696K,  41% used [0x00000000c6b20000, 0x00000000c70b45c8, 0x00000000c7880000)
  to   space 13696K,   0% used [0x00000000c7880000, 0x00000000c7880000, 0x00000000c85e0000)
 tenured generation   total 274044K, used 200753K [0x00000000d5550000, 0x00000000e60ef000, 0x0000000100000000)
   the space 274044K,  73% used [0x00000000d5550000, 0x00000000e195c6e0, 0x00000000e195c800, 0x00000000e60ef000)
 Metaspace       used 70221K, capacity 74910K, committed 75136K, reserved 1114112K
  class space    used 9506K, capacity 10772K, committed 10880K, reserved 1048576K
Event: 49.059 GC heap after
Heap after GC invocations=183 (full 7):
 def new generation   total 123392K, used 7340K [0x00000000c0000000, 0x00000000c85e0000, 0x00000000d5550000)
  eden space 109696K,   0% used [0x00000000c0000000, 0x00000000c0000000, 0x00000000c6b20000)
  from space 13696K,  53% used [0x00000000c7880000, 0x00000000c7fab238, 0x00000000c85e0000)
  to   space 13696K,   0% used [0x00000000c6b20000, 0x00000000c6b20000, 0x00000000c7880000)
 tenured generation   total 274044K, used 200918K [0x00000000d5550000, 0x00000000e60ef000, 0x0000000100000000)
   the space 274044K,  73% used [0x00000000d5550000, 0x00000000e1985a28, 0x00000000e1985c00, 0x00000000e60ef000)
 Metaspace       used 70221K, capacity 74910K, committed 75136K, reserved 1114112K
  class space    used 9506K, capacity 10772K, committed 10880K, reserved 1048576K
}
Event: 49.876 GC heap before
{Heap before GC invocations=183 (full 7):
 def new generation   total 123392K, used 117036K [0x00000000c0000000, 0x00000000c85e0000, 0x00000000d5550000)
  eden space 109696K, 100% used [0x00000000c0000000, 0x00000000c6b20000, 0x00000000c6b20000)
  from space 13696K,  53% used [0x00000000c7880000, 0x00000000c7fab238, 0x00000000c85e0000)
  to   space 13696K,   0% used [0x00000000c6b20000, 0x00000000c6b20000, 0x00000000c7880000)
 tenured generation   total 274044K, used 200918K [0x00000000d5550000, 0x00000000e60ef000, 0x0000000100000000)
   the space 274044K,  73% used [0x00000000d5550000, 0x00000000e1985a28, 0x00000000e1985c00, 0x00000000e60ef000)
 Metaspace       used 70647K, capacity 75366K, committed 75648K, reserved 1114112K
  class space    used 9512K, capacity 10804K, committed 10880K, reserved 1048576K
Event: 49.913 GC heap after
Heap after GC invocations=184 (full 7):
 def new generation   total 123392K, used 5351K [0x00000000c0000000, 0x00000000c85e0000, 0x00000000d5550000)
  eden space 109696K,   0% used [0x00000000c0000000, 0x00000000c0000000, 0x00000000c6b20000)
  from space 13696K,  39% used [0x00000000c6b20000, 0x00000000c7059c08, 0x00000000c7880000)
  to   space 13696K,   0% used [0x00000000c7880000, 0x00000000c7880000, 0x00000000c85e0000)
 tenured generation   total 274044K, used 202937K [0x00000000d5550000, 0x00000000e60ef000, 0x0000000100000000)
   the space 274044K,  74% used [0x00000000d5550000, 0x00000000e1b7e4f0, 0x00000000e1b7e600, 0x00000000e60ef000)
 Metaspace       used 70647K, capacity 75366K, committed 75648K, reserved 1114112K
  class space    used 9512K, capacity 10804K, committed 10880K, reserved 1048576K
}
Event: 50.535 GC heap before
{Heap before GC invocations=184 (full 7):
 def new generation   total 123392K, used 115047K [0x00000000c0000000, 0x00000000c85e0000, 0x00000000d5550000)
  eden space 109696K, 100% used [0x00000000c0000000, 0x00000000c6b20000, 0x00000000c6b20000)
  from space 13696K,  39% used [0x00000000c6b20000, 0x00000000c7059c08, 0x00000000c7880000)
  to   space 13696K,   0% used [0x00000000c7880000, 0x00000000c7880000, 0x00000000c85e0000)
 tenured generation   total 274044K, used 202937K [0x00000000d5550000, 0x00000000e60ef000, 0x0000000100000000)
   the space 274044K,  74% used [0x00000000d5550000, 0x00000000e1b7e4f0, 0x00000000e1b7e600, 0x00000000e60ef000)
 Metaspace       used 70755K, capacity 75438K, committed 75648K, reserved 1114112K
  class space    used 9512K, capacity 10804K, committed 10880K, reserved 1048576K
Event: 50.567 GC heap after
Heap after GC invocations=185 (full 7):
 def new generation   total 123392K, used 7809K [0x00000000c0000000, 0x00000000c85e0000, 0x00000000d5550000)
  eden space 109696K,   0% used [0x00000000c0000000, 0x00000000c0000000, 0x00000000c6b20000)
  from space 13696K,  57% used [0x00000000c7880000, 0x00000000c80207d8, 0x00000000c85e0000)
  to   space 13696K,   0% used [0x00000000c6b20000, 0x00000000c6b20000, 0x00000000c7880000)
 tenured generation   total 274044K, used 202937K [0x00000000d5550000, 0x00000000e60ef000, 0x0000000100000000)
   the space 274044K,  74% used [0x00000000d5550000, 0x00000000e1b7e4f0, 0x00000000e1b7e600, 0x00000000e60ef000)
 Metaspace       used 70755K, capacity 75438K, committed 75648K, reserved 1114112K
  class space    used 9512K, capacity 10804K, committed 10880K, reserved 1048576K
}
Event: 50.912 GC heap before
{Heap before GC invocations=185 (full 7):
 def new generation   total 123392K, used 117505K [0x00000000c0000000, 0x00000000c85e0000, 0x00000000d5550000)
  eden space 109696K, 100% used [0x00000000c0000000, 0x00000000c6b20000, 0x00000000c6b20000)
  from space 13696K,  57% used [0x00000000c7880000, 0x00000000c80207d8, 0x00000000c85e0000)
  to   space 13696K,   0% used [0x00000000c6b20000, 0x00000000c6b20000, 0x00000000c7880000)
 tenured generation   total 274044K, used 202937K [0x00000000d5550000, 0x00000000e60ef000, 0x0000000100000000)
   the space 274044K,  74% used [0x00000000d5550000, 0x00000000e1b7e4f0, 0x00000000e1b7e600, 0x00000000e60ef000)
 Metaspace       used 71003K, capacity 75680K, committed 75904K, reserved 1114112K
  class space    used 9518K, capacity 10807K, committed 10880K, reserved 1048576K
Event: 50.945 GC heap after
Heap after GC invocations=186 (full 7):
 def new generation   total 123392K, used 6794K [0x00000000c0000000, 0x00000000c85e0000, 0x00000000d5550000)
  eden space 109696K,   0% used [0x00000000c0000000, 0x00000000c0000000, 0x00000000c6b20000)
  from space 13696K,  49% used [0x00000000c6b20000, 0x00000000c71c2bd0, 0x00000000c7880000)
  to   space 13696K,   0% used [0x00000000c7880000, 0x00000000c7880000, 0x00000000c85e0000)
 tenured generation   total 274044K, used 221035K [0x00000000d5550000, 0x00000000e60ef000, 0x0000000100000000)
   the space 274044K,  80% used [0x00000000d5550000, 0x00000000e2d2afb0, 0x00000000e2d2b000, 0x00000000e60ef000)
 Metaspace       used 71003K, capacity 75680K, committed 75904K, reserved 1114112K
  class space    used 9518K, capacity 10807K, committed 10880K, reserved 1048576K
}
Event: 51.943 GC heap before
{Heap before GC invocations=186 (full 7):
 def new generation   total 123392K, used 116490K [0x00000000c0000000, 0x00000000c85e0000, 0x00000000d5550000)
  eden space 109696K, 100% used [0x00000000c0000000, 0x00000000c6b20000, 0x00000000c6b20000)
  from space 13696K,  49% used [0x00000000c6b20000, 0x00000000c71c2bd0, 0x00000000c7880000)
  to   space 13696K,   0% used [0x00000000c7880000, 0x00000000c7880000, 0x00000000c85e0000)
 tenured generation   total 274044K, used 221035K [0x00000000d5550000, 0x00000000e60ef000, 0x0000000100000000)
   the space 274044K,  80% used [0x00000000d5550000, 0x00000000e2d2afb0, 0x00000000e2d2b000, 0x00000000e60ef000)
 Metaspace       used 71712K, capacity 76360K, committed 76416K, reserved 1114112K
  class space    used 9572K, capacity 10841K, committed 10880K, reserved 1048576K
Event: 51.958 GC heap after
Heap after GC invocations=187 (full 7):
 def new generation   total 123392K, used 8080K [0x00000000c0000000, 0x00000000c85e0000, 0x00000000d5550000)
  eden space 109696K,   0% used [0x00000000c0000000, 0x00000000c0000000, 0x00000000c6b20000)
  from space 13696K,  58% used [0x00000000c7880000, 0x00000000c8064280, 0x00000000c85e0000)
  to   space 13696K,   0% used [0x00000000c6b20000, 0x00000000c6b20000, 0x00000000c7880000)
 tenured generation   total 274044K, used 221035K [0x00000000d5550000, 0x00000000e60ef000, 0x0000000100000000)
   the space 274044K,  80% used [0x00000000d5550000, 0x00000000e2d2afb0, 0x00000000e2d2b000, 0x00000000e60ef000)
 Metaspace       used 71712K, capacity 76360K, committed 76416K, reserved 1114112K
  class space    used 9572K, capacity 10841K, committed 10880K, reserved 1048576K
}
Event: 53.459 GC heap before
{Heap before GC invocations=187 (full 7):
 def new generation   total 123392K, used 117776K [0x00000000c0000000, 0x00000000c85e0000, 0x00000000d5550000)
  eden space 109696K, 100% used [0x00000000c0000000, 0x00000000c6b20000, 0x00000000c6b20000)
  from space 13696K,  58% used [0x00000000c7880000, 0x00000000c8064280, 0x00000000c85e0000)
  to   space 13696K,   0% used [0x00000000c6b20000, 0x00000000c6b20000, 0x00000000c7880000)
 tenured generation   total 274044K, used 221035K [0x00000000d5550000, 0x00000000e60ef000, 0x0000000100000000)
   the space 274044K,  80% used [0x00000000d5550000, 0x00000000e2d2afb0, 0x00000000e2d2b000, 0x00000000e60ef000)
 Metaspace       used 72913K, capacity 77636K, committed 77824K, reserved 1116160K
  class space    used 9624K, capacity 10917K, committed 11008K, reserved 1048576K
Event: 53.477 GC heap after
Heap after GC invocations=188 (full 7):
 def new generation   total 123392K, used 9218K [0x00000000c0000000, 0x00000000c85e0000, 0x00000000d5550000)
  eden space 109696K,   0% used [0x00000000c0000000, 0x00000000c0000000, 0x00000000c6b20000)
  from space 13696K,  67% used [0x00000000c6b20000, 0x00000000c7420a40, 0x00000000c7880000)
  to   space 13696K,   0% used [0x00000000c7880000, 0x00000000c7880000, 0x00000000c85e0000)
 tenured generation   total 274044K, used 223284K [0x00000000d5550000, 0x00000000e60ef000, 0x0000000100000000)
   the space 274044K,  81% used [0x00000000d5550000, 0x00000000e2f5d0d8, 0x00000000e2f5d200, 0x00000000e60ef000)
 Metaspace       used 72913K, capacity 77636K, committed 77824K, reserved 1116160K
  class space    used 9624K, capacity 10917K, committed 11008K, reserved 1048576K
}
Event: 54.100 GC heap before
{Heap before GC invocations=188 (full 7):
 def new generation   total 123392K, used 118914K [0x00000000c0000000, 0x00000000c85e0000, 0x00000000d5550000)
  eden space 109696K, 100% used [0x00000000c0000000, 0x00000000c6b20000, 0x00000000c6b20000)
  from space 13696K,  67% used [0x00000000c6b20000, 0x00000000c7420a40, 0x00000000c7880000)
  to   space 13696K,   0% used [0x00000000c7880000, 0x00000000c7880000, 0x00000000c85e0000)
 tenured generation   total 274044K, used 223284K [0x00000000d5550000, 0x00000000e60ef000, 0x0000000100000000)
   the space 274044K,  81% used [0x00000000d5550000, 0x00000000e2f5d0d8, 0x00000000e2f5d200, 0x00000000e60ef000)
 Metaspace       used 73108K, capacity 77828K, committed 78080K, reserved 1116160K
  class space    used 9626K, capacity 10917K, committed 11008K, reserved 1048576K
Event: 54.115 GC heap after
Heap after GC invocations=189 (full 7):
 def new generation   total 123392K, used 4921K [0x00000000c0000000, 0x00000000c85e0000, 0x00000000d5550000)
  eden space 109696K,   0% used [0x00000000c0000000, 0x00000000c0000000, 0x00000000c6b20000)
  from space 13696K,  35% used [0x00000000c7880000, 0x00000000c7d4e5f0, 0x00000000c85e0000)
  to   space 13696K,   0% used [0x00000000c6b20000, 0x00000000c6b20000, 0x00000000c7880000)
 tenured generation   total 274044K, used 228825K [0x00000000d5550000, 0x00000000e60ef000, 0x0000000100000000)
   the space 274044K,  83% used [0x00000000d5550000, 0x00000000e34c6570, 0x00000000e34c6600, 0x00000000e60ef000)
 Metaspace       used 73108K, capacity 77828K, committed 78080K, reserved 1116160K
  class space    used 9626K, capacity 10917K, committed 11008K, reserved 1048576K
}
Event: 54.694 GC heap before
{Heap before GC invocations=189 (full 7):
 def new generation   total 123392K, used 114617K [0x00000000c0000000, 0x00000000c85e0000, 0x00000000d5550000)
  eden space 109696K, 100% used [0x00000000c0000000, 0x00000000c6b20000, 0x00000000c6b20000)
  from space 13696K,  35% used [0x00000000c7880000, 0x00000000c7d4e5f0, 0x00000000c85e0000)
  to   space 13696K,   0% used [0x00000000c6b20000, 0x00000000c6b20000, 0x00000000c7880000)
 tenured generation   total 274044K, used 228825K [0x00000000d5550000, 0x00000000e60ef000, 0x0000000100000000)
   the space 274044K,  83% used [0x00000000d5550000, 0x00000000e34c6570, 0x00000000e34c6600, 0x00000000e60ef000)
 Metaspace       used 73303K, capacity 78020K, committed 78336K, reserved 1116160K
  class space    used 9628K, capacity 10917K, committed 11008K, reserved 1048576K
Event: 54.703 GC heap after
Heap after GC invocations=190 (full 7):
 def new generation   total 123392K, used 6279K [0x00000000c0000000, 0x00000000c85e0000, 0x00000000d5550000)
  eden space 109696K,   0% used [0x00000000c0000000, 0x00000000c0000000, 0x00000000c6b20000)
  from space 13696K,  45% used [0x00000000c6b20000, 0x00000000c7141e70, 0x00000000c7880000)
  to   space 13696K,   0% used [0x00000000c7880000, 0x00000000c7880000, 0x00000000c85e0000)
 tenured generation   total 274044K, used 228825K [0x00000000d5550000, 0x00000000e60ef000, 0x0000000100000000)
   the space 274044K,  83% used [0x00000000d5550000, 0x00000000e34c6570, 0x00000000e34c6600, 0x00000000e60ef000)
 Metaspace       used 73303K, capacity 78020K, committed 78336K, reserved 1116160K
  class space    used 9628K, capacity 10917K, committed 11008K, reserved 1048576K
}
Event: 55.283 GC heap before
{Heap before GC invocations=190 (full 7):
 def new generation   total 123392K, used 115975K [0x00000000c0000000, 0x00000000c85e0000, 0x00000000d5550000)
  eden space 109696K, 100% used [0x00000000c0000000, 0x00000000c6b20000, 0x00000000c6b20000)
  from space 13696K,  45% used [0x00000000c6b20000, 0x00000000c7141e70, 0x00000000c7880000)
  to   space 13696K,   0% used [0x00000000c7880000, 0x00000000c7880000, 0x00000000c85e0000)
 tenured generation   total 274044K, used 228825K [0x00000000d5550000, 0x00000000e60ef000, 0x0000000100000000)
   the space 274044K,  83% used [0x00000000d5550000, 0x00000000e34c6570, 0x00000000e34c6600, 0x00000000e60ef000)
 Metaspace       used 73497K, capacity 78212K, committed 78336K, reserved 1116160K
  class space    used 9630K, capacity 10917K, committed 11008K, reserved 1048576K
Event: 55.292 GC heap after
Heap after GC invocations=191 (full 7):
 def new generation   total 123392K, used 7587K [0x00000000c0000000, 0x00000000c85e0000, 0x00000000d5550000)
  eden space 109696K,   0% used [0x00000000c0000000, 0x00000000c0000000, 0x00000000c6b20000)
  from space 13696K,  55% used [0x00000000c7880000, 0x00000000c7fe8f98, 0x00000000c85e0000)
  to   space 13696K,   0% used [0x00000000c6b20000, 0x00000000c6b20000, 0x00000000c7880000)
 tenured generation   total 274044K, used 228825K [0x00000000d5550000, 0x00000000e60ef000, 0x0000000100000000)
   the space 274044K,  83% used [0x00000000d5550000, 0x00000000e34c6570, 0x00000000e34c6600, 0x00000000e60ef000)
 Metaspace       used 73497K, capacity 78212K, committed 78336K, reserved 1116160K
  class space    used 9630K, capacity 10917K, committed 11008K, reserved 1048576K
}
Event: 55.774 GC heap before
{Heap before GC invocations=191 (full 7):
 def new generation   total 123392K, used 117283K [0x00000000c0000000, 0x00000000c85e0000, 0x00000000d5550000)
  eden space 109696K, 100% used [0x00000000c0000000, 0x00000000c6b20000, 0x00000000c6b20000)
  from space 13696K,  55% used [0x00000000c7880000, 0x00000000c7fe8f98, 0x00000000c85e0000)
  to   space 13696K,   0% used [0x00000000c6b20000, 0x00000000c6b20000, 0x00000000c7880000)
 tenured generation   total 274044K, used 228825K [0x00000000d5550000, 0x00000000e60ef000, 0x0000000100000000)
   the space 274044K,  83% used [0x00000000d5550000, 0x00000000e34c6570, 0x00000000e34c6600, 0x00000000e60ef000)
 Metaspace       used 73831K, capacity 78610K, committed 78848K, reserved 1118208K
  class space    used 9651K, capacity 10918K, committed 11008K, reserved 1048576K
Event: 55.799 GC heap after
Heap after GC invocations=192 (full 7):
 def new generation   total 123392K, used 5647K [0x00000000c0000000, 0x00000000c85e0000, 0x00000000d5550000)
  eden space 109696K,   0% used [0x00000000c0000000, 0x00000000c0000000, 0x00000000c6b20000)
  from space 13696K,  41% used [0x00000000c6b20000, 0x00000000c70a3e68, 0x00000000c7880000)
  to   space 13696K,   0% used [0x00000000c7880000, 0x00000000c7880000, 0x00000000c85e0000)
 tenured generation   total 274044K, used 232235K [0x00000000d5550000, 0x00000000e60ef000, 0x0000000100000000)
   the space 274044K,  84% used [0x00000000d5550000, 0x00000000e381ae48, 0x00000000e381b000, 0x00000000e60ef000)
 Metaspace       used 73831K, capacity 78610K, committed 78848K, reserved 1118208K
  class space    used 9651K, capacity 10918K, committed 11008K, reserved 1048576K
}
Event: 56.219 GC heap before
{Heap before GC invocations=192 (full 7):
 def new generation   total 123392K, used 115343K [0x00000000c0000000, 0x00000000c85e0000, 0x00000000d5550000)
  eden space 109696K, 100% used [0x00000000c0000000, 0x00000000c6b20000, 0x00000000c6b20000)
  from space 13696K,  41% used [0x00000000c6b20000, 0x00000000c70a3e68, 0x00000000c7880000)
  to   space 13696K,   0% used [0x00000000c7880000, 0x00000000c7880000, 0x00000000c85e0000)
 tenured generation   total 274044K, used 232235K [0x00000000d5550000, 0x00000000e60ef000, 0x0000000100000000)
   the space 274044K,  84% used [0x00000000d5550000, 0x00000000e381ae48, 0x00000000e381b000, 0x00000000e60ef000)
 Metaspace       used 73876K, capacity 78610K, committed 78848K, reserved 1118208K
  class space    used 9654K, capacity 10918K, committed 11008K, reserved 1048576K
Event: 56.228 GC heap after
Heap after GC invocations=193 (full 7):
 def new generation   total 123392K, used 6602K [0x00000000c0000000, 0x00000000c85e0000, 0x00000000d5550000)
  eden space 109696K,   0% used [0x00000000c0000000, 0x00000000c0000000, 0x00000000c6b20000)
  from space 13696K,  48% used [0x00000000c7880000, 0x00000000c7ef2ba8, 0x00000000c85e0000)
  to   space 13696K,   0% used [0x00000000c6b20000, 0x00000000c6b20000, 0x00000000c7880000)
 tenured generation   total 274044K, used 232235K [0x00000000d5550000, 0x00000000e60ef000, 0x0000000100000000)
   the space 274044K,  84% used [0x00000000d5550000, 0x00000000e381ae48, 0x00000000e381b000, 0x00000000e60ef000)
 Metaspace       used 73876K, capacity 78610K, committed 78848K, reserved 1118208K
  class space    used 9654K, capacity 10918K, committed 11008K, reserved 1048576K
}
Event: 56.620 GC heap before
{Heap before GC invocations=193 (full 7):
 def new generation   total 123392K, used 116298K [0x00000000c0000000, 0x00000000c85e0000, 0x00000000d5550000)
  eden space 109696K, 100% used [0x00000000c0000000, 0x00000000c6b20000, 0x00000000c6b20000)
  from space 13696K,  48% used [0x00000000c7880000, 0x00000000c7ef2ba8, 0x00000000c85e0000)
  to   space 13696K,   0% used [0x00000000c6b20000, 0x00000000c6b20000, 0x00000000c7880000)
 tenured generation   total 274044K, used 232235K [0x00000000d5550000, 0x00000000e60ef000, 0x0000000100000000)
   the space 274044K,  84% used [0x00000000d5550000, 0x00000000e381ae48, 0x00000000e381b000, 0x00000000e60ef000)
 Metaspace       used 73894K, capacity 78674K, committed 78848K, reserved 1118208K
  class space    used 9654K, capacity 10918K, committed 11008K, reserved 1048576K
Event: 56.638 GC heap after
Heap after GC invocations=194 (full 7):
 def new generation   total 123392K, used 7451K [0x00000000c0000000, 0x00000000c85e0000, 0x00000000d5550000)
  eden space 109696K,   0% used [0x00000000c0000000, 0x00000000c0000000, 0x00000000c6b20000)
  from space 13696K,  54% used [0x00000000c6b20000, 0x00000000c7266ec0, 0x00000000c7880000)
  to   space 13696K,   0% used [0x00000000c7880000, 0x00000000c7880000, 0x00000000c85e0000)
 tenured generation   total 274044K, used 232235K [0x00000000d5550000, 0x00000000e60ef000, 0x0000000100000000)
   the space 274044K,  84% used [0x00000000d5550000, 0x00000000e381ae48, 0x00000000e381b000, 0x00000000e60ef000)
 Metaspace       used 73894K, capacity 78674K, committed 78848K, reserved 1118208K
  class space    used 9654K, capacity 10918K, committed 11008K, reserved 1048576K
}
Event: 57.063 GC heap before
{Heap before GC invocations=194 (full 7):
 def new generation   total 123392K, used 117147K [0x00000000c0000000, 0x00000000c85e0000, 0x00000000d5550000)
  eden space 109696K, 100% used [0x00000000c0000000, 0x00000000c6b20000, 0x00000000c6b20000)
  from space 13696K,  54% used [0x00000000c6b20000, 0x00000000c7266ec0, 0x00000000c7880000)
  to   space 13696K,   0% used [0x00000000c7880000, 0x00000000c7880000, 0x00000000c85e0000)
 tenured generation   total 274044K, used 232235K [0x00000000d5550000, 0x00000000e60ef000, 0x0000000100000000)
   the space 274044K,  84% used [0x00000000d5550000, 0x00000000e381ae48, 0x00000000e381b000, 0x00000000e60ef000)
 Metaspace       used 74008K, capacity 78818K, committed 79104K, reserved 1118208K
  class space    used 9662K, capacity 10922K, committed 11008K, reserved 1048576K
Event: 57.087 GC heap after
Heap after GC invocations=195 (full 7):
 def new generation   total 123392K, used 7282K [0x00000000c0000000, 0x00000000c85e0000, 0x00000000d5550000)
  eden space 109696K,   0% used [0x00000000c0000000, 0x00000000c0000000, 0x00000000c6b20000)
  from space 13696K,  53% used [0x00000000c7880000, 0x00000000c7f9c810, 0x00000000c85e0000)
  to   space 13696K,   0% used [0x00000000c6b20000, 0x00000000c6b20000, 0x00000000c7880000)
 tenured generation   total 274044K, used 233700K [0x00000000d5550000, 0x00000000e60ef000, 0x0000000100000000)
   the space 274044K,  85% used [0x00000000d5550000, 0x00000000e3989208, 0x00000000e3989400, 0x00000000e60ef000)
 Metaspace       used 74008K, capacity 78818K, committed 79104K, reserved 1118208K
  class space    used 9662K, capacity 10922K, committed 11008K, reserved 1048576K
}
Event: 57.415 GC heap before
{Heap before GC invocations=195 (full 7):
 def new generation   total 123392K, used 116978K [0x00000000c0000000, 0x00000000c85e0000, 0x00000000d5550000)
  eden space 109696K, 100% used [0x00000000c0000000, 0x00000000c6b20000, 0x00000000c6b20000)
  from space 13696K,  53% used [0x00000000c7880000, 0x00000000c7f9c810, 0x00000000c85e0000)
  to   space 13696K,   0% used [0x00000000c6b20000, 0x00000000c6b20000, 0x00000000c7880000)
 tenured generation   total 274044K, used 233700K [0x00000000d5550000, 0x00000000e60ef000, 0x0000000100000000)
   the space 274044K,  85% used [0x00000000d5550000, 0x00000000e3989208, 0x00000000e3989400, 0x00000000e60ef000)
 Metaspace       used 74008K, capacity 78818K, committed 79104K, reserved 1118208K
  class space    used 9662K, capacity 10922K, committed 11008K, reserved 1048576K
Event: 57.430 GC heap after
Heap after GC invocations=196 (full 7):
 def new generation   total 123392K, used 6747K [0x00000000c0000000, 0x00000000c85e0000, 0x00000000d5550000)
  eden space 109696K,   0% used [0x00000000c0000000, 0x00000000c0000000, 0x00000000c6b20000)
  from space 13696K,  49% used [0x00000000c6b20000, 0x00000000c71b6e50, 0x00000000c7880000)
  to   space 13696K,   0% used [0x00000000c7880000, 0x00000000c7880000, 0x00000000c85e0000)
 tenured generation   total 274044K, used 235058K [0x00000000d5550000, 0x00000000e60ef000, 0x0000000100000000)
   the space 274044K,  85% used [0x00000000d5550000, 0x00000000e3adcbd8, 0x00000000e3adcc00, 0x00000000e60ef000)
 Metaspace       used 74008K, capacity 78818K, committed 79104K, reserved 1118208K
  class space    used 9662K, capacity 10922K, committed 11008K, reserved 1048576K
}
Event: 57.802 GC heap before
{Heap before GC invocations=196 (full 7):
 def new generation   total 123392K, used 116443K [0x00000000c0000000, 0x00000000c85e0000, 0x00000000d5550000)
  eden space 109696K, 100% used [0x00000000c0000000, 0x00000000c6b20000, 0x00000000c6b20000)
  from space 13696K,  49% used [0x00000000c6b20000, 0x00000000c71b6e50, 0x00000000c7880000)
  to   space 13696K,   0% used [0x00000000c7880000, 0x00000000c7880000, 0x00000000c85e0000)
 tenured generation   total 274044K, used 235058K [0x00000000d5550000, 0x00000000e60ef000, 0x0000000100000000)
   the space 274044K,  85% used [0x00000000d5550000, 0x00000000e3adcbd8, 0x00000000e3adcc00, 0x00000000e60ef000)
 Metaspace       used 74031K, capacity 78818K, committed 79104K, reserved 1118208K
  class space    used 9662K, capacity 10922K, committed 11008K, reserved 1048576K
Event: 57.825 GC heap after
Heap after GC invocations=197 (full 7):
 def new generation   total 123392K, used 7680K [0x00000000c0000000, 0x00000000c85e0000, 0x00000000d5550000)
  eden space 109696K,   0% used [0x00000000c0000000, 0x00000000c0000000, 0x00000000c6b20000)
  from space 13696K,  56% used [0x00000000c7880000, 0x00000000c80000b0, 0x00000000c85e0000)
  to   space 13696K,   0% used [0x00000000c6b20000, 0x00000000c6b20000, 0x00000000c7880000)
 tenured generation   total 274044K, used 235058K [0x00000000d5550000, 0x00000000e60ef000, 0x0000000100000000)
   the space 274044K,  85% used [0x00000000d5550000, 0x00000000e3adcbd8, 0x00000000e3adcc00, 0x00000000e60ef000)
 Metaspace       used 74031K, capacity 78818K, committed 79104K, reserved 1118208K
  class space    used 9662K, capacity 10922K, committed 11008K, reserved 1048576K
}
Event: 58.213 GC heap before
{Heap before GC invocations=197 (full 7):
 def new generation   total 123392K, used 117376K [0x00000000c0000000, 0x00000000c85e0000, 0x00000000d5550000)
  eden space 109696K, 100% used [0x00000000c0000000, 0x00000000c6b20000, 0x00000000c6b20000)
  from space 13696K,  56% used [0x00000000c7880000, 0x00000000c80000b0, 0x00000000c85e0000)
  to   space 13696K,   0% used [0x00000000c6b20000, 0x00000000c6b20000, 0x00000000c7880000)
 tenured generation   total 274044K, used 235058K [0x00000000d5550000, 0x00000000e60ef000, 0x0000000100000000)
   the space 274044K,  85% used [0x00000000d5550000, 0x00000000e3adcbd8, 0x00000000e3adcc00, 0x00000000e60ef000)
 Metaspace       used 74078K, capacity 78882K, committed 79104K, reserved 1118208K
  class space    used 9662K, capacity 10922K, committed 11008K, reserved 1048576K
Event: 58.233 GC heap after
Heap after GC invocations=198 (full 7):
 def new generation   total 123392K, used 9548K [0x00000000c0000000, 0x00000000c85e0000, 0x00000000d5550000)
  eden space 109696K,   0% used [0x00000000c0000000, 0x00000000c0000000, 0x00000000c6b20000)
  from space 13696K,  69% used [0x00000000c6b20000, 0x00000000c7473338, 0x00000000c7880000)
  to   space 13696K,   0% used [0x00000000c7880000, 0x00000000c7880000, 0x00000000c85e0000)
 tenured generation   total 274044K, used 236375K [0x00000000d5550000, 0x00000000e60ef000, 0x0000000100000000)
   the space 274044K,  86% used [0x00000000d5550000, 0x00000000e3c25ca8, 0x00000000e3c25e00, 0x00000000e60ef000)
 Metaspace       used 74078K, capacity 78882K, committed 79104K, reserved 1118208K
  class space    used 9662K, capacity 10922K, committed 11008K, reserved 1048576K
}
Event: 58.451 GC heap before
{Heap before GC invocations=198 (full 7):
 def new generation   total 123392K, used 119244K [0x00000000c0000000, 0x00000000c85e0000, 0x00000000d5550000)
  eden space 109696K, 100% used [0x00000000c0000000, 0x00000000c6b20000, 0x00000000c6b20000)
  from space 13696K,  69% used [0x00000000c6b20000, 0x00000000c7473338, 0x00000000c7880000)
  to   space 13696K,   0% used [0x00000000c7880000, 0x00000000c7880000, 0x00000000c85e0000)
 tenured generation   total 274044K, used 236375K [0x00000000d5550000, 0x00000000e60ef000, 0x0000000100000000)
   the space 274044K,  86% used [0x00000000d5550000, 0x00000000e3c25ca8, 0x00000000e3c25e00, 0x00000000e60ef000)
 Metaspace       used 74082K, capacity 78882K, committed 79104K, reserved 1118208K
  class space    used 9662K, capacity 10922K, committed 11008K, reserved 1048576K
Event: 58.467 GC heap after
Heap after GC invocations=199 (full 7):
 def new generation   total 123392K, used 6552K [0x00000000c0000000, 0x00000000c85e0000, 0x00000000d5550000)
  eden space 109696K,   0% used [0x00000000c0000000, 0x00000000c0000000, 0x00000000c6b20000)
  from space 13696K,  47% used [0x00000000c7880000, 0x00000000c7ee63a8, 0x00000000c85e0000)
  to   space 13696K,   0% used [0x00000000c6b20000, 0x00000000c6b20000, 0x00000000c7880000)
 tenured generation   total 274044K, used 239665K [0x00000000d5550000, 0x00000000e60ef000, 0x0000000100000000)
   the space 274044K,  87% used [0x00000000d5550000, 0x00000000e3f5c648, 0x00000000e3f5c800, 0x00000000e60ef000)
 Metaspace       used 74082K, capacity 78882K, committed 79104K, reserved 1118208K
  class space    used 9662K, capacity 10922K, committed 11008K, reserved 1048576K
}
Event: 58.681 GC heap before
{Heap before GC invocations=199 (full 7):
 def new generation   total 123392K, used 116248K [0x00000000c0000000, 0x00000000c85e0000, 0x00000000d5550000)
  eden space 109696K, 100% used [0x00000000c0000000, 0x00000000c6b20000, 0x00000000c6b20000)
  from space 13696K,  47% used [0x00000000c7880000, 0x00000000c7ee63a8, 0x00000000c85e0000)
  to   space 13696K,   0% used [0x00000000c6b20000, 0x00000000c6b20000, 0x00000000c7880000)
 tenured generation   total 274044K, used 239665K [0x00000000d5550000, 0x00000000e60ef000, 0x0000000100000000)
   the space 274044K,  87% used [0x00000000d5550000, 0x00000000e3f5c648, 0x00000000e3f5c800, 0x00000000e60ef000)
 Metaspace       used 74091K, capacity 78882K, committed 79104K, reserved 1118208K
  class space    used 9662K, capacity 10922K, committed 11008K, reserved 1048576K
Event: 58.693 GC heap after
Heap after GC invocations=200 (full 7):
 def new generation   total 123392K, used 6918K [0x00000000c0000000, 0x00000000c85e0000, 0x00000000d5550000)
  eden space 109696K,   0% used [0x00000000c0000000, 0x00000000c0000000, 0x00000000c6b20000)
  from space 13696K,  50% used [0x00000000c6b20000, 0x00000000c71e1b30, 0x00000000c7880000)
  to   space 13696K,   0% used [0x00000000c7880000, 0x00000000c7880000, 0x00000000c85e0000)
 tenured generation   total 274044K, used 239665K [0x00000000d5550000, 0x00000000e60ef000, 0x0000000100000000)
   the space 274044K,  87% used [0x00000000d5550000, 0x00000000e3f5c648, 0x00000000e3f5c800, 0x00000000e60ef000)
 Metaspace       used 74091K, capacity 78882K, committed 79104K, reserved 1118208K
  class space    used 9662K, capacity 10922K, committed 11008K, reserved 1048576K
}
Event: 58.957 GC heap before
{Heap before GC invocations=200 (full 7):
 def new generation   total 123392K, used 116614K [0x00000000c0000000, 0x00000000c85e0000, 0x00000000d5550000)
  eden space 109696K, 100% used [0x00000000c0000000, 0x00000000c6b20000, 0x00000000c6b20000)
  from space 13696K,  50% used [0x00000000c6b20000, 0x00000000c71e1b30, 0x00000000c7880000)
  to   space 13696K,   0% used [0x00000000c7880000, 0x00000000c7880000, 0x00000000c85e0000)
 tenured generation   total 274044K, used 239665K [0x00000000d5550000, 0x00000000e60ef000, 0x0000000100000000)
   the space 274044K,  87% used [0x00000000d5550000, 0x00000000e3f5c648, 0x00000000e3f5c800, 0x00000000e60ef000)
 Metaspace       used 74091K, capacity 78882K, committed 79104K, reserved 1118208K
  class space    used 9662K, capacity 10922K, committed 11008K, reserved 1048576K
Event: 58.971 GC heap after
Heap after GC invocations=201 (full 7):
 def new generation   total 123392K, used 6120K [0x00000000c0000000, 0x00000000c85e0000, 0x00000000d5550000)
  eden space 109696K,   0% used [0x00000000c0000000, 0x00000000c0000000, 0x00000000c6b20000)
  from space 13696K,  44% used [0x00000000c7880000, 0x00000000c7e7a3f8, 0x00000000c85e0000)
  to   space 13696K,   0% used [0x00000000c6b20000, 0x00000000c6b20000, 0x00000000c7880000)
 tenured generation   total 274044K, used 240896K [0x00000000d5550000, 0x00000000e60ef000, 0x0000000100000000)
   the space 274044K,  87% used [0x00000000d5550000, 0x00000000e40902c0, 0x00000000e4090400, 0x00000000e60ef000)
 Metaspace       used 74091K, capacity 78882K, committed 79104K, reserved 1118208K
  class space    used 9662K, capacity 10922K, committed 11008K, reserved 1048576K
}
Event: 59.263 GC heap before
{Heap before GC invocations=201 (full 7):
 def new generation   total 123392K, used 115816K [0x00000000c0000000, 0x00000000c85e0000, 0x00000000d5550000)
  eden space 109696K, 100% used [0x00000000c0000000, 0x00000000c6b20000, 0x00000000c6b20000)
  from space 13696K,  44% used [0x00000000c7880000, 0x00000000c7e7a3f8, 0x00000000c85e0000)
  to   space 13696K,   0% used [0x00000000c6b20000, 0x00000000c6b20000, 0x00000000c7880000)
 tenured generation   total 274044K, used 240896K [0x00000000d5550000, 0x00000000e60ef000, 0x0000000100000000)
   the space 274044K,  87% used [0x00000000d5550000, 0x00000000e40902c0, 0x00000000e4090400, 0x00000000e60ef000)
 Metaspace       used 74092K, capacity 78882K, committed 79104K, reserved 1118208K
  class space    used 9662K, capacity 10922K, committed 11008K, reserved 1048576K
Event: 59.283 GC heap after
Heap after GC invocations=202 (full 7):
 def new generation   total 123392K, used 6691K [0x00000000c0000000, 0x00000000c85e0000, 0x00000000d5550000)
  eden space 109696K,   0% used [0x00000000c0000000, 0x00000000c0000000, 0x00000000c6b20000)
  from space 13696K,  48% used [0x00000000c6b20000, 0x00000000c71a8cf0, 0x00000000c7880000)
  to   space 13696K,   0% used [0x00000000c7880000, 0x00000000c7880000, 0x00000000c85e0000)
 tenured generation   total 274044K, used 240896K [0x00000000d5550000, 0x00000000e60ef000, 0x0000000100000000)
   the space 274044K,  87% used [0x00000000d5550000, 0x00000000e40902c0, 0x00000000e4090400, 0x00000000e60ef000)
 Metaspace       used 74092K, capacity 78882K, committed 79104K, reserved 1118208K
  class space    used 9662K, capacity 10922K, committed 11008K, reserved 1048576K
}
Event: 59.644 GC heap before
{Heap before GC invocations=202 (full 7):
 def new generation   total 123392K, used 116387K [0x00000000c0000000, 0x00000000c85e0000, 0x00000000d5550000)
  eden space 109696K, 100% used [0x00000000c0000000, 0x00000000c6b20000, 0x00000000c6b20000)
  from space 13696K,  48% used [0x00000000c6b20000, 0x00000000c71a8cf0, 0x00000000c7880000)
  to   space 13696K,   0% used [0x00000000c7880000, 0x00000000c7880000, 0x00000000c85e0000)
 tenured generation   total 274044K, used 240896K [0x00000000d5550000, 0x00000000e60ef000, 0x0000000100000000)
   the space 274044K,  87% used [0x00000000d5550000, 0x00000000e40902c0, 0x00000000e4090400, 0x00000000e60ef000)
 Metaspace       used 74124K, capacity 78882K, committed 79104K, reserved 1118208K
  class space    used 9666K, capacity 10922K, committed 11008K, reserved 1048576K
Event: 59.672 GC heap after
Heap after GC invocations=203 (full 7):
 def new generation   total 123392K, used 7481K [0x00000000c0000000, 0x00000000c85e0000, 0x00000000d5550000)
  eden space 109696K,   0% used [0x00000000c0000000, 0x00000000c0000000, 0x00000000c6b20000)
  from space 13696K,  54% used [0x00000000c7880000, 0x00000000c7fce758, 0x00000000c85e0000)
  to   space 13696K,   0% used [0x00000000c6b20000, 0x00000000c6b20000, 0x00000000c7880000)
 tenured generation   total 274044K, used 240896K [0x00000000d5550000, 0x00000000e60ef000, 0x0000000100000000)
   the space 274044K,  87% used [0x00000000d5550000, 0x00000000e40902c0, 0x00000000e4090400, 0x00000000e60ef000)
 Metaspace       used 74124K, capacity 78882K, committed 79104K, reserved 1118208K
  class space    used 9666K, capacity 10922K, committed 11008K, reserved 1048576K
}
Event: 60.021 GC heap before
{Heap before GC invocations=203 (full 7):
 def new generation   total 123392K, used 117177K [0x00000000c0000000, 0x00000000c85e0000, 0x00000000d5550000)
  eden space 109696K, 100% used [0x00000000c0000000, 0x00000000c6b20000, 0x00000000c6b20000)
  from space 13696K,  54% used [0x00000000c7880000, 0x00000000c7fce758, 0x00000000c85e0000)
  to   space 13696K,   0% used [0x00000000c6b20000, 0x00000000c6b20000, 0x00000000c7880000)
 tenured generation   total 274044K, used 240896K [0x00000000d5550000, 0x00000000e60ef000, 0x0000000100000000)
   the space 274044K,  87% used [0x00000000d5550000, 0x00000000e40902c0, 0x00000000e4090400, 0x00000000e60ef000)
 Metaspace       used 74169K, capacity 78976K, committed 79104K, reserved 1118208K
  class space    used 9669K, capacity 10927K, committed 11008K, reserved 1048576K
Event: 60.053 GC heap after
Heap after GC invocations=204 (full 7):
 def new generation   total 123392K, used 7294K [0x00000000c0000000, 0x00000000c85e0000, 0x00000000d5550000)
  eden space 109696K,   0% used [0x00000000c0000000, 0x00000000c0000000, 0x00000000c6b20000)
  from space 13696K,  53% used [0x00000000c6b20000, 0x00000000c723fa18, 0x00000000c7880000)
  to   space 13696K,   0% used [0x00000000c7880000, 0x00000000c7880000, 0x00000000c85e0000)
 tenured generation   total 274044K, used 241779K [0x00000000d5550000, 0x00000000e60ef000, 0x0000000100000000)
   the space 274044K,  88% used [0x00000000d5550000, 0x00000000e416cdf0, 0x00000000e416ce00, 0x00000000e60ef000)
 Metaspace       used 74169K, capacity 78976K, committed 79104K, reserved 1118208K
  class space    used 9669K, capacity 10927K, committed 11008K, reserved 1048576K
}
Event: 60.410 GC heap before
{Heap before GC invocations=204 (full 7):
 def new generation   total 123392K, used 116990K [0x00000000c0000000, 0x00000000c85e0000, 0x00000000d5550000)
  eden space 109696K, 100% used [0x00000000c0000000, 0x00000000c6b20000, 0x00000000c6b20000)
  from space 13696K,  53% used [0x00000000c6b20000, 0x00000000c723fa18, 0x00000000c7880000)
  to   space 13696K,   0% used [0x00000000c7880000, 0x00000000c7880000, 0x00000000c85e0000)
 tenured generation   total 274044K, used 241779K [0x00000000d5550000, 0x00000000e60ef000, 0x0000000100000000)
   the space 274044K,  88% used [0x00000000d5550000, 0x00000000e416cdf0, 0x00000000e416ce00, 0x00000000e60ef000)
 Metaspace       used 74183K, capacity 78982K, committed 79104K, reserved 1118208K
  class space    used 9670K, capacity 10928K, committed 11008K, reserved 1048576K
Event: 60.444 GC heap after
Heap after GC invocations=205 (full 7):
 def new generation   total 123392K, used 6967K [0x00000000c0000000, 0x00000000c85e0000, 0x00000000d5550000)
  eden space 109696K,   0% used [0x00000000c0000000, 0x00000000c0000000, 0x00000000c6b20000)
  from space 13696K,  50% used [0x00000000c7880000, 0x00000000c7f4ddc8, 0x00000000c85e0000)
  to   space 13696K,   0% used [0x00000000c6b20000, 0x00000000c6b20000, 0x00000000c7880000)
 tenured generation   total 274044K, used 242707K [0x00000000d5550000, 0x00000000e60ef000, 0x0000000100000000)
   the space 274044K,  88% used [0x00000000d5550000, 0x00000000e4254d90, 0x00000000e4254e00, 0x00000000e60ef000)
 Metaspace       used 74183K, capacity 78982K, committed 79104K, reserved 1118208K
  class space    used 9670K, capacity 10928K, committed 11008K, reserved 1048576K
}
Event: 60.825 GC heap before
{Heap before GC invocations=205 (full 7):
 def new generation   total 123392K, used 116663K [0x00000000c0000000, 0x00000000c85e0000, 0x00000000d5550000)
  eden space 109696K, 100% used [0x00000000c0000000, 0x00000000c6b20000, 0x00000000c6b20000)
  from space 13696K,  50% used [0x00000000c7880000, 0x00000000c7f4ddc8, 0x00000000c85e0000)
  to   space 13696K,   0% used [0x00000000c6b20000, 0x00000000c6b20000, 0x00000000c7880000)
 tenured generation   total 274044K, used 242707K [0x00000000d5550000, 0x00000000e60ef000, 0x0000000100000000)
   the space 274044K,  88% used [0x00000000d5550000, 0x00000000e4254d90, 0x00000000e4254e00, 0x00000000e60ef000)
 Metaspace       used 74201K, capacity 78982K, committed 79104K, reserved 1118208K
  class space    used 9671K, capacity 10928K, committed 11008K, reserved 1048576K
Event: 60.857 GC heap after
Heap after GC invocations=206 (full 7):
 def new generation   total 123392K, used 5028K [0x00000000c0000000, 0x00000000c85e0000, 0x00000000d5550000)
  eden space 109696K,   0% used [0x00000000c0000000, 0x00000000c0000000, 0x00000000c6b20000)
  from space 13696K,  36% used [0x00000000c6b20000, 0x00000000c70091d0, 0x00000000c7880000)
  to   space 13696K,   0% used [0x00000000c7880000, 0x00000000c7880000, 0x00000000c85e0000)
 tenured generation   total 274044K, used 245035K [0x00000000d5550000, 0x00000000e60ef000, 0x0000000100000000)
   the space 274044K,  89% used [0x00000000d5550000, 0x00000000e449aed8, 0x00000000e449b000, 0x00000000e60ef000)
 Metaspace       used 74201K, capacity 78982K, committed 79104K, reserved 1118208K
  class space    used 9671K, capacity 10928K, committed 11008K, reserved 1048576K
}
Event: 61.395 GC heap before
{Heap before GC invocations=206 (full 7):
 def new generation   total 123392K, used 114724K [0x00000000c0000000, 0x00000000c85e0000, 0x00000000d5550000)
  eden space 109696K, 100% used [0x00000000c0000000, 0x00000000c6b20000, 0x00000000c6b20000)
  from space 13696K,  36% used [0x00000000c6b20000, 0x00000000c70091d0, 0x00000000c7880000)
  to   space 13696K,   0% used [0x00000000c7880000, 0x00000000c7880000, 0x00000000c85e0000)
 tenured generation   total 274044K, used 245035K [0x00000000d5550000, 0x00000000e60ef000, 0x0000000100000000)
   the space 274044K,  89% used [0x00000000d5550000, 0x00000000e449aed8, 0x00000000e449b000, 0x00000000e60ef000)
 Metaspace       used 74216K, capacity 78988K, committed 79104K, reserved 1118208K
  class space    used 9672K, capacity 10929K, committed 11008K, reserved 1048576K
Event: 61.427 GC heap after
Heap after GC invocations=207 (full 7):
 def new generation   total 123392K, used 7070K [0x00000000c0000000, 0x00000000c85e0000, 0x00000000d5550000)
  eden space 109696K,   0% used [0x00000000c0000000, 0x00000000c0000000, 0x00000000c6b20000)
  from space 13696K,  51% used [0x00000000c7880000, 0x00000000c7f678e0, 0x00000000c85e0000)
  to   space 13696K,   0% used [0x00000000c6b20000, 0x00000000c6b20000, 0x00000000c7880000)
 tenured generation   total 274044K, used 245035K [0x00000000d5550000, 0x00000000e60ef000, 0x0000000100000000)
   the space 274044K,  89% used [0x00000000d5550000, 0x00000000e449aed8, 0x00000000e449b000, 0x00000000e60ef000)
 Metaspace       used 74216K, capacity 78988K, committed 79104K, reserved 1118208K
  class space    used 9672K, capacity 10929K, committed 11008K, reserved 1048576K
}
Event: 62.045 GC heap before
{Heap before GC invocations=207 (full 7):
 def new generation   total 123392K, used 116766K [0x00000000c0000000, 0x00000000c85e0000, 0x00000000d5550000)
  eden space 109696K, 100% used [0x00000000c0000000, 0x00000000c6b20000, 0x00000000c6b20000)
  from space 13696K,  51% used [0x00000000c7880000, 0x00000000c7f678e0, 0x00000000c85e0000)
  to   space 13696K,   0% used [0x00000000c6b20000, 0x00000000c6b20000, 0x00000000c7880000)
 tenured generation   total 274044K, used 245035K [0x00000000d5550000, 0x00000000e60ef000, 0x0000000100000000)
   the space 274044K,  89% used [0x00000000d5550000, 0x00000000e449aed8, 0x00000000e449b000, 0x00000000e60ef000)
 Metaspace       used 74245K, capacity 79052K, committed 79360K, reserved 1118208K
  class space    used 9672K, capacity 10929K, committed 11008K, reserved 1048576K
Event: 62.081 GC heap after
Heap after GC invocations=208 (full 7):
 def new generation   total 123392K, used 12162K [0x00000000c0000000, 0x00000000c85e0000, 0x00000000d5550000)
  eden space 109696K,   0% used [0x00000000c0000000, 0x00000000c0000000, 0x00000000c6b20000)
  from space 13696K,  88% used [0x00000000c6b20000, 0x00000000c7700890, 0x00000000c7880000)
  to   space 13696K,   0% used [0x00000000c7880000, 0x00000000c7880000, 0x00000000c85e0000)
 tenured generation   total 274044K, used 245430K [0x00000000d5550000, 0x00000000e60ef000, 0x0000000100000000)
   the space 274044K,  89% used [0x00000000d5550000, 0x00000000e44fdb10, 0x00000000e44fdc00, 0x00000000e60ef000)
 Metaspace       used 74245K, capacity 79052K, committed 79360K, reserved 1118208K
  class space    used 9672K, capacity 10929K, committed 11008K, reserved 1048576K
}
Event: 62.504 GC heap before
{Heap before GC invocations=208 (full 7):
 def new generation   total 123392K, used 121858K [0x00000000c0000000, 0x00000000c85e0000, 0x00000000d5550000)
  eden space 109696K, 100% used [0x00000000c0000000, 0x00000000c6b20000, 0x00000000c6b20000)
  from space 13696K,  88% used [0x00000000c6b20000, 0x00000000c7700890, 0x00000000c7880000)
  to   space 13696K,   0% used [0x00000000c7880000, 0x00000000c7880000, 0x00000000c85e0000)
 tenured generation   total 274044K, used 245430K [0x00000000d5550000, 0x00000000e60ef000, 0x0000000100000000)
   the space 274044K,  89% used [0x00000000d5550000, 0x00000000e44fdb10, 0x00000000e44fdc00, 0x00000000e60ef000)
 Metaspace       used 74248K, capacity 79052K, committed 79360K, reserved 1118208K
  class space    used 9672K, capacity 10929K, committed 11008K, reserved 1048576K
Event: 62.536 GC heap after
Heap after GC invocations=209 (full 7):
 def new generation   total 123392K, used 6914K [0x00000000c0000000, 0x00000000c85e0000, 0x00000000d5550000)
  eden space 109696K,   0% used [0x00000000c0000000, 0x00000000c0000000, 0x00000000c6b20000)
  from space 13696K,  50% used [0x00000000c7880000, 0x00000000c7f40860, 0x00000000c85e0000)
  to   space 13696K,   0% used [0x00000000c6b20000, 0x00000000c6b20000, 0x00000000c7880000)
 tenured generation   total 274044K, used 252083K [0x00000000d5550000, 0x00000000e60ef000, 0x0000000100000000)
   the space 274044K,  91% used [0x00000000d5550000, 0x00000000e4b7cfb0, 0x00000000e4b7d000, 0x00000000e60ef000)
 Metaspace       used 74248K, capacity 79052K, committed 79360K, reserved 1118208K
  class space    used 9672K, capacity 10929K, committed 11008K, reserved 1048576K
}
Event: 62.991 GC heap before
{Heap before GC invocations=209 (full 7):
 def new generation   total 123392K, used 116610K [0x00000000c0000000, 0x00000000c85e0000, 0x00000000d5550000)
  eden space 109696K, 100% used [0x00000000c0000000, 0x00000000c6b20000, 0x00000000c6b20000)
  from space 13696K,  50% used [0x00000000c7880000, 0x00000000c7f40860, 0x00000000c85e0000)
  to   space 13696K,   0% used [0x00000000c6b20000, 0x00000000c6b20000, 0x00000000c7880000)
 tenured generation   total 274044K, used 252083K [0x00000000d5550000, 0x00000000e60ef000, 0x0000000100000000)
   the space 274044K,  91% used [0x00000000d5550000, 0x00000000e4b7cfb0, 0x00000000e4b7d000, 0x00000000e60ef000)
 Metaspace       used 74290K, capacity 79066K, committed 79360K, reserved 1118208K
  class space    used 9677K, capacity 10932K, committed 11008K, reserved 1048576K
Event: 63.019 GC heap after
Heap after GC invocations=210 (full 7):
 def new generation   total 123392K, used 3149K [0x00000000c0000000, 0x00000000c85e0000, 0x00000000d5550000)
  eden space 109696K,   0% used [0x00000000c0000000, 0x00000000c0000000, 0x00000000c6b20000)
  from space 13696K,  22% used [0x00000000c6b20000, 0x00000000c6e33430, 0x00000000c7880000)
  to   space 13696K,   0% used [0x00000000c7880000, 0x00000000c7880000, 0x00000000c85e0000)
 tenured generation   total 274044K, used 257574K [0x00000000d5550000, 0x00000000e60ef000, 0x0000000100000000)
   the space 274044K,  93% used [0x00000000d5550000, 0x00000000e50d9bc8, 0x00000000e50d9c00, 0x00000000e60ef000)
 Metaspace       used 74290K, capacity 79066K, committed 79360K, reserved 1118208K
  class space    used 9677K, capacity 10932K, committed 11008K, reserved 1048576K
}
Event: 70.523 GC heap before
{Heap before GC invocations=210 (full 7):
 def new generation   total 123392K, used 112845K [0x00000000c0000000, 0x00000000c85e0000, 0x00000000d5550000)
  eden space 109696K, 100% used [0x00000000c0000000, 0x00000000c6b20000, 0x00000000c6b20000)
  from space 13696K,  22% used [0x00000000c6b20000, 0x00000000c6e33430, 0x00000000c7880000)
  to   space 13696K,   0% used [0x00000000c7880000, 0x00000000c7880000, 0x00000000c85e0000)
 tenured generation   total 274044K, used 257574K [0x00000000d5550000, 0x00000000e60ef000, 0x0000000100000000)
   the space 274044K,  93% used [0x00000000d5550000, 0x00000000e50d9bc8, 0x00000000e50d9c00, 0x00000000e60ef000)
 Metaspace       used 74755K, capacity 79616K, committed 79872K, reserved 1118208K
  class space    used 9708K, capacity 10993K, committed 11008K, reserved 1048576K
Event: 70.544 GC heap after
Heap after GC invocations=211 (full 7):
 def new generation   total 123392K, used 13696K [0x00000000c0000000, 0x00000000c85e0000, 0x00000000d5550000)
  eden space 109696K,   0% used [0x00000000c0000000, 0x00000000c0000000, 0x00000000c6b20000)
  from space 13696K, 100% used [0x00000000c7880000, 0x00000000c85e0000, 0x00000000c85e0000)
  to   space 13696K,   0% used [0x00000000c6b20000, 0x00000000c6b20000, 0x00000000c7880000)
 tenured generation   total 274044K, used 258233K [0x00000000d5550000, 0x00000000e60ef000, 0x0000000100000000)
   the space 274044K,  94% used [0x00000000d5550000, 0x00000000e517e5a8, 0x00000000e517e600, 0x00000000e60ef000)
 Metaspace       used 74755K, capacity 79616K, committed 79872K, reserved 1118208K
  class space    used 9708K, capacity 10993K, committed 11008K, reserved 1048576K
}
Event: 71.484 GC heap before
{Heap before GC invocations=211 (full 7):
 def new generation   total 123392K, used 123392K [0x00000000c0000000, 0x00000000c85e0000, 0x00000000d5550000)
  eden space 109696K, 100% used [0x00000000c0000000, 0x00000000c6b20000, 0x00000000c6b20000)
  from space 13696K, 100% used [0x00000000c7880000, 0x00000000c85e0000, 0x00000000c85e0000)
  to   space 13696K,   0% used [0x00000000c6b20000, 0x00000000c6b20000, 0x00000000c7880000)
 tenured generation   total 274044K, used 258233K [0x00000000d5550000, 0x00000000e60ef000, 0x0000000100000000)
   the space 274044K,  94% used [0x00000000d5550000, 0x00000000e517e5a8, 0x00000000e517e600, 0x00000000e60ef000)
 Metaspace       used 74762K, capacity 79616K, committed 79872K, reserved 1118208K
  class space    used 9708K, capacity 10993K, committed 11008K, reserved 1048576K
Event: 71.507 GC heap after
Heap after GC invocations=212 (full 7):
 def new generation   total 123392K, used 404K [0x00000000c0000000, 0x00000000c85e0000, 0x00000000d5550000)
  eden space 109696K,   0% used [0x00000000c0000000, 0x00000000c0000000, 0x00000000c6b20000)
  from space 13696K,   2% used [0x00000000c6b20000, 0x00000000c6b85398, 0x00000000c7880000)
  to   space 13696K,   0% used [0x00000000c7880000, 0x00000000c7880000, 0x00000000c85e0000)
 tenured generation   total 274044K, used 271709K [0x00000000d5550000, 0x00000000e60ef000, 0x0000000100000000)
   the space 274044K,  99% used [0x00000000d5550000, 0x00000000e5ea7558, 0x00000000e5ea7600, 0x00000000e60ef000)
 Metaspace       used 74762K, capacity 79616K, committed 79872K, reserved 1118208K
  class space    used 9708K, capacity 10993K, committed 11008K, reserved 1048576K
}
Event: 72.392 GC heap before
{Heap before GC invocations=212 (full 7):
 def new generation   total 123392K, used 110100K [0x00000000c0000000, 0x00000000c85e0000, 0x00000000d5550000)
  eden space 109696K, 100% used [0x00000000c0000000, 0x00000000c6b20000, 0x00000000c6b20000)
  from space 13696K,   2% used [0x00000000c6b20000, 0x00000000c6b85398, 0x00000000c7880000)
  to   space 13696K,   0% used [0x00000000c7880000, 0x00000000c7880000, 0x00000000c85e0000)
 tenured generation   total 274044K, used 271709K [0x00000000d5550000, 0x00000000e60ef000, 0x0000000100000000)
   the space 274044K,  99% used [0x00000000d5550000, 0x00000000e5ea7558, 0x00000000e5ea7600, 0x00000000e60ef000)
 Metaspace       used 74763K, capacity 79616K, committed 79872K, reserved 1118208K
  class space    used 9708K, capacity 10993K, committed 11008K, reserved 1048576K
Event: 72.396 GC heap after
Heap after GC invocations=213 (full 7):
 def new generation   total 123392K, used 568K [0x00000000c0000000, 0x00000000c85e0000, 0x00000000d5550000)
  eden space 109696K,   0% used [0x00000000c0000000, 0x00000000c0000000, 0x00000000c6b20000)
  from space 13696K,   4% used [0x00000000c7880000, 0x00000000c790e320, 0x00000000c85e0000)
  to   space 13696K,   0% used [0x00000000c6b20000, 0x00000000c6b20000, 0x00000000c7880000)
 tenured generation   total 274044K, used 271709K [0x00000000d5550000, 0x00000000e60ef000, 0x0000000100000000)
   the space 274044K,  99% used [0x00000000d5550000, 0x00000000e5ea7558, 0x00000000e5ea7600, 0x00000000e60ef000)
 Metaspace       used 74763K, capacity 79616K, committed 79872K, reserved 1118208K
  class space    used 9708K, capacity 10993K, committed 11008K, reserved 1048576K
}
Event: 73.607 GC heap before
{Heap before GC invocations=213 (full 7):
 def new generation   total 123392K, used 110264K [0x00000000c0000000, 0x00000000c85e0000, 0x00000000d5550000)
  eden space 109696K, 100% used [0x00000000c0000000, 0x00000000c6b20000, 0x00000000c6b20000)
  from space 13696K,   4% used [0x00000000c7880000, 0x00000000c790e320, 0x00000000c85e0000)
  to   space 13696K,   0% used [0x00000000c6b20000, 0x00000000c6b20000, 0x00000000c7880000)
 tenured generation   total 274044K, used 271709K [0x00000000d5550000, 0x00000000e60ef000, 0x0000000100000000)
   the space 274044K,  99% used [0x00000000d5550000, 0x00000000e5ea7558, 0x00000000e5ea7600, 0x00000000e60ef000)
 Metaspace       used 74916K, capacity 79846K, committed 79872K, reserved 1118208K
  class space    used 9719K, capacity 10998K, committed 11008K, reserved 1048576K
Event: 73.623 GC heap after
Heap after GC invocations=214 (full 7):
 def new generation   total 123392K, used 10868K [0x00000000c0000000, 0x00000000c85e0000, 0x00000000d5550000)
  eden space 109696K,   0% used [0x00000000c0000000, 0x00000000c0000000, 0x00000000c6b20000)
  from space 13696K,  79% used [0x00000000c6b20000, 0x00000000c75bd038, 0x00000000c7880000)
  to   space 13696K,   0% used [0x00000000c7880000, 0x00000000c7880000, 0x00000000c85e0000)
 tenured generation   total 274044K, used 271709K [0x00000000d5550000, 0x00000000e60ef000, 0x0000000100000000)
   the space 274044K,  99% used [0x00000000d5550000, 0x00000000e5ea7558, 0x00000000e5ea7600, 0x00000000e60ef000)
 Metaspace       used 74916K, capacity 79846K, committed 79872K, reserved 1118208K
  class space    used 9719K, capacity 10998K, committed 11008K, reserved 1048576K
}
Event: 75.456 GC heap before
{Heap before GC invocations=214 (full 7):
 def new generation   total 123392K, used 120564K [0x00000000c0000000, 0x00000000c85e0000, 0x00000000d5550000)
  eden space 109696K, 100% used [0x00000000c0000000, 0x00000000c6b20000, 0x00000000c6b20000)
  from space 13696K,  79% used [0x00000000c6b20000, 0x00000000c75bd038, 0x00000000c7880000)
  to   space 13696K,   0% used [0x00000000c7880000, 0x00000000c7880000, 0x00000000c85e0000)
 tenured generation   total 274044K, used 271709K [0x00000000d5550000, 0x00000000e60ef000, 0x0000000100000000)
   the space 274044K,  99% used [0x00000000d5550000, 0x00000000e5ea7558, 0x00000000e5ea7600, 0x00000000e60ef000)
 Metaspace       used 75022K, capacity 79920K, committed 80128K, reserved 1118208K
  class space    used 9723K, capacity 11001K, committed 11008K, reserved 1048576K
Event: 76.498 GC heap after
Heap after GC invocations=215 (full 8):
 def new generation   total 140928K, used 0K [0x00000000c0000000, 0x00000000c98e0000, 0x00000000d5550000)
  eden space 125312K,   0% used [0x00000000c0000000, 0x00000000c0000000, 0x00000000c7a60000)
  from space 15616K,   0% used [0x00000000c7a60000, 0x00000000c7a60000, 0x00000000c89a0000)
  to   space 15616K,   0% used [0x00000000c89a0000, 0x00000000c89a0000, 0x00000000c98e0000)
 tenured generation   total 312864K, used 187718K [0x00000000d5550000, 0x00000000e86d8000, 0x0000000100000000)
   the space 312864K,  59% used [0x00000000d5550000, 0x00000000e0ca1830, 0x00000000e0ca1a00, 0x00000000e86d8000)
 Metaspace       used 75022K, capacity 79920K, committed 80128K, reserved 1118208K
  class space    used 9723K, capacity 11001K, committed 11008K, reserved 1048576K
}
Event: 78.783 GC heap before
{Heap before GC invocations=215 (full 8):
 def new generation   total 140928K, used 125312K [0x00000000c0000000, 0x00000000c98e0000, 0x00000000d5550000)
  eden space 125312K, 100% used [0x00000000c0000000, 0x00000000c7a60000, 0x00000000c7a60000)
  from space 15616K,   0% used [0x00000000c7a60000, 0x00000000c7a60000, 0x00000000c89a0000)
  to   space 15616K,   0% used [0x00000000c89a0000, 0x00000000c89a0000, 0x00000000c98e0000)
 tenured generation   total 312864K, used 187718K [0x00000000d5550000, 0x00000000e86d8000, 0x0000000100000000)
   the space 312864K,  59% used [0x00000000d5550000, 0x00000000e0ca1830, 0x00000000e0ca1a00, 0x00000000e86d8000)
 Metaspace       used 75076K, capacity 79984K, committed 80128K, reserved 1118208K
  class space    used 9724K, capacity 11001K, committed 11008K, reserved 1048576K
Event: 78.814 GC heap after
Heap after GC invocations=216 (full 8):
 def new generation   total 140928K, used 11503K [0x00000000c0000000, 0x00000000c98e0000, 0x00000000d5550000)
  eden space 125312K,   0% used [0x00000000c0000000, 0x00000000c0000000, 0x00000000c7a60000)
  from space 15616K,  73% used [0x00000000c89a0000, 0x00000000c94dbd40, 0x00000000c98e0000)
  to   space 15616K,   0% used [0x00000000c7a60000, 0x00000000c7a60000, 0x00000000c89a0000)
 tenured generation   total 312864K, used 187718K [0x00000000d5550000, 0x00000000e86d8000, 0x0000000100000000)
   the space 312864K,  59% used [0x00000000d5550000, 0x00000000e0ca1830, 0x00000000e0ca1a00, 0x00000000e86d8000)
 Metaspace       used 75076K, capacity 79984K, committed 80128K, reserved 1118208K
  class space    used 9724K, capacity 11001K, committed 11008K, reserved 1048576K
}
Event: 81.265 GC heap before
{Heap before GC invocations=216 (full 8):
 def new generation   total 140928K, used 136806K [0x00000000c0000000, 0x00000000c98e0000, 0x00000000d5550000)
  eden space 125312K,  99% used [0x00000000c0000000, 0x00000000c7a5dd28, 0x00000000c7a60000)
  from space 15616K,  73% used [0x00000000c89a0000, 0x00000000c94dbd40, 0x00000000c98e0000)
  to   space 15616K,   0% used [0x00000000c7a60000, 0x00000000c7a60000, 0x00000000c89a0000)
 tenured generation   total 312864K, used 187718K [0x00000000d5550000, 0x00000000e86d8000, 0x0000000100000000)
   the space 312864K,  59% used [0x00000000d5550000, 0x00000000e0ca1830, 0x00000000e0ca1a00, 0x00000000e86d8000)
 Metaspace       used 75150K, capacity 80048K, committed 80128K, reserved 1118208K
  class space    used 9724K, capacity 11001K, committed 11008K, reserved 1048576K
Event: 81.290 GC heap after
Heap after GC invocations=217 (full 8):
 def new generation   total 140928K, used 15053K [0x00000000c0000000, 0x00000000c98e0000, 0x00000000d5550000)
  eden space 125312K,   0% used [0x00000000c0000000, 0x00000000c0000000, 0x00000000c7a60000)
  from space 15616K,  96% used [0x00000000c7a60000, 0x00000000c8913738, 0x00000000c89a0000)
  to   space 15616K,   0% used [0x00000000c89a0000, 0x00000000c89a0000, 0x00000000c98e0000)
 tenured generation   total 312864K, used 198398K [0x00000000d5550000, 0x00000000e86d8000, 0x0000000100000000)
   the space 312864K,  63% used [0x00000000d5550000, 0x00000000e170fa00, 0x00000000e170fa00, 0x00000000e86d8000)
 Metaspace       used 75150K, capacity 80048K, committed 80128K, reserved 1118208K
  class space    used 9724K, capacity 11001K, committed 11008K, reserved 1048576K
}
Event: 88.771 GC heap before
{Heap before GC invocations=217 (full 8):
 def new generation   total 140928K, used 140365K [0x00000000c0000000, 0x00000000c98e0000, 0x00000000d5550000)
  eden space 125312K, 100% used [0x00000000c0000000, 0x00000000c7a60000, 0x00000000c7a60000)
  from space 15616K,  96% used [0x00000000c7a60000, 0x00000000c8913738, 0x00000000c89a0000)
  to   space 15616K,   0% used [0x00000000c89a0000, 0x00000000c89a0000, 0x00000000c98e0000)
 tenured generation   total 312864K, used 198398K [0x00000000d5550000, 0x00000000e86d8000, 0x0000000100000000)
   the space 312864K,  63% used [0x00000000d5550000, 0x00000000e170fa00, 0x00000000e170fa00, 0x00000000e86d8000)
 Metaspace       used 75338K, capacity 80150K, committed 80256K, reserved 1118208K
  class space    used 9742K, capacity 11036K, committed 11136K, reserved 1048576K
Event: 88.792 GC heap after
Heap after GC invocations=218 (full 8):
 def new generation   total 140928K, used 942K [0x00000000c0000000, 0x00000000c98e0000, 0x00000000d5550000)
  eden space 125312K,   0% used [0x00000000c0000000, 0x00000000c0000000, 0x00000000c7a60000)
  from space 15616K,   6% used [0x00000000c89a0000, 0x00000000c8a8bb38, 0x00000000c98e0000)
  to   space 15616K,   0% used [0x00000000c7a60000, 0x00000000c7a60000, 0x00000000c89a0000)
 tenured generation   total 312864K, used 212155K [0x00000000d5550000, 0x00000000e86d8000, 0x0000000100000000)
   the space 312864K,  67% used [0x00000000d5550000, 0x00000000e247eef8, 0x00000000e247f000, 0x00000000e86d8000)
 Metaspace       used 75338K, capacity 80150K, committed 80256K, reserved 1118208K
  class space    used 9742K, capacity 11036K, committed 11136K, reserved 1048576K
}
Event: 96.485 GC heap before
{Heap before GC invocations=218 (full 8):
 def new generation   total 140928K, used 126254K [0x00000000c0000000, 0x00000000c98e0000, 0x00000000d5550000)
  eden space 125312K, 100% used [0x00000000c0000000, 0x00000000c7a60000, 0x00000000c7a60000)
  from space 15616K,   6% used [0x00000000c89a0000, 0x00000000c8a8bb38, 0x00000000c98e0000)
  to   space 15616K,   0% used [0x00000000c7a60000, 0x00000000c7a60000, 0x00000000c89a0000)
 tenured generation   total 312864K, used 212155K [0x00000000d5550000, 0x00000000e86d8000, 0x0000000100000000)
   the space 312864K,  67% used [0x00000000d5550000, 0x00000000e247eef8, 0x00000000e247f000, 0x00000000e86d8000)
 Metaspace       used 75365K, capacity 80214K, committed 80512K, reserved 1118208K
  class space    used 9742K, capacity 11036K, committed 11136K, reserved 1048576K
Event: 96.490 GC heap after
Heap after GC invocations=219 (full 8):
 def new generation   total 140928K, used 874K [0x00000000c0000000, 0x00000000c98e0000, 0x00000000d5550000)
  eden space 125312K,   0% used [0x00000000c0000000, 0x00000000c0000000, 0x00000000c7a60000)
  from space 15616K,   5% used [0x00000000c7a60000, 0x00000000c7b3aac8, 0x00000000c89a0000)
  to   space 15616K,   0% used [0x00000000c89a0000, 0x00000000c89a0000, 0x00000000c98e0000)
 tenured generation   total 312864K, used 212155K [0x00000000d5550000, 0x00000000e86d8000, 0x0000000100000000)
   the space 312864K,  67% used [0x00000000d5550000, 0x00000000e247eef8, 0x00000000e247f000, 0x00000000e86d8000)
 Metaspace       used 75365K, capacity 80214K, committed 80512K, reserved 1118208K
  class space    used 9742K, capacity 11036K, committed 11136K, reserved 1048576K
}
Event: 100.496 GC heap before
{Heap before GC invocations=219 (full 8):
 def new generation   total 140928K, used 126186K [0x00000000c0000000, 0x00000000c98e0000, 0x00000000d5550000)
  eden space 125312K, 100% used [0x00000000c0000000, 0x00000000c7a60000, 0x00000000c7a60000)
  from space 15616K,   5% used [0x00000000c7a60000, 0x00000000c7b3aac8, 0x00000000c89a0000)
  to   space 15616K,   0% used [0x00000000c89a0000, 0x00000000c89a0000, 0x00000000c98e0000)
 tenured generation   total 312864K, used 212155K [0x00000000d5550000, 0x00000000e86d8000, 0x0000000100000000)
   the space 312864K,  67% used [0x00000000d5550000, 0x00000000e247eef8, 0x00000000e247f000, 0x00000000e86d8000)
 Metaspace       used 75413K, capacity 80292K, committed 80512K, reserved 1118208K
  class space    used 9745K, capacity 11039K, committed 11136K, reserved 1048576K
Event: 100.526 GC heap after
Heap after GC invocations=220 (full 8):
 def new generation   total 140928K, used 12416K [0x00000000c0000000, 0x00000000c98e0000, 0x00000000d5550000)
  eden space 125312K,   0% used [0x00000000c0000000, 0x00000000c0000000, 0x00000000c7a60000)
  from space 15616K,  79% used [0x00000000c89a0000, 0x00000000c95c0058, 0x00000000c98e0000)
  to   space 15616K,   0% used [0x00000000c7a60000, 0x00000000c7a60000, 0x00000000c89a0000)
 tenured generation   total 312864K, used 212155K [0x00000000d5550000, 0x00000000e86d8000, 0x0000000100000000)
   the space 312864K,  67% used [0x00000000d5550000, 0x00000000e247eef8, 0x00000000e247f000, 0x00000000e86d8000)
 Metaspace       used 75413K, capacity 80292K, committed 80512K, reserved 1118208K
  class space    used 9745K, capacity 11039K, committed 11136K, reserved 1048576K
}
Event: 105.308 GC heap before
{Heap before GC invocations=220 (full 8):
 def new generation   total 140928K, used 137728K [0x00000000c0000000, 0x00000000c98e0000, 0x00000000d5550000)
  eden space 125312K, 100% used [0x00000000c0000000, 0x00000000c7a60000, 0x00000000c7a60000)
  from space 15616K,  79% used [0x00000000c89a0000, 0x00000000c95c0058, 0x00000000c98e0000)
  to   space 15616K,   0% used [0x00000000c7a60000, 0x00000000c7a60000, 0x00000000c89a0000)
 tenured generation   total 312864K, used 212155K [0x00000000d5550000, 0x00000000e86d8000, 0x0000000100000000)
   the space 312864K,  67% used [0x00000000d5550000, 0x00000000e247eef8, 0x00000000e247f000, 0x00000000e86d8000)
 Metaspace       used 75477K, capacity 80368K, committed 80512K, reserved 1118208K
  class space    used 9746K, capacity 11041K, committed 11136K, reserved 1048576K
Event: 105.356 GC heap after
Heap after GC invocations=221 (full 8):
 def new generation   total 140928K, used 14313K [0x00000000c0000000, 0x00000000c98e0000, 0x00000000d5550000)
  eden space 125312K,   0% used [0x00000000c0000000, 0x00000000c0000000, 0x00000000c7a60000)
  from space 15616K,  91% used [0x00000000c7a60000, 0x00000000c885a600, 0x00000000c89a0000)
  to   space 15616K,   0% used [0x00000000c89a0000, 0x00000000c89a0000, 0x00000000c98e0000)
 tenured generation   total 312864K, used 217396K [0x00000000d5550000, 0x00000000e86d8000, 0x0000000100000000)
   the space 312864K,  69% used [0x00000000d5550000, 0x00000000e299d3d0, 0x00000000e299d400, 0x00000000e86d8000)
 Metaspace       used 75477K, capacity 80368K, committed 80512K, reserved 1118208K
  class space    used 9746K, capacity 11041K, committed 11136K, reserved 1048576K
}
Event: 107.048 GC heap before
{Heap before GC invocations=221 (full 8):
 def new generation   total 140928K, used 139625K [0x00000000c0000000, 0x00000000c98e0000, 0x00000000d5550000)
  eden space 125312K, 100% used [0x00000000c0000000, 0x00000000c7a60000, 0x00000000c7a60000)
  from space 15616K,  91% used [0x00000000c7a60000, 0x00000000c885a600, 0x00000000c89a0000)
  to   space 15616K,   0% used [0x00000000c89a0000, 0x00000000c89a0000, 0x00000000c98e0000)
 tenured generation   total 312864K, used 217396K [0x00000000d5550000, 0x00000000e86d8000, 0x0000000100000000)
   the space 312864K,  69% used [0x00000000d5550000, 0x00000000e299d3d0, 0x00000000e299d400, 0x00000000e86d8000)
 Metaspace       used 75507K, capacity 80378K, committed 80512K, reserved 1118208K
  class space    used 9747K, capacity 11042K, committed 11136K, reserved 1048576K
Event: 107.100 GC heap after
Heap after GC invocations=222 (full 8):
 def new generation   total 140928K, used 15615K [0x00000000c0000000, 0x00000000c98e0000, 0x00000000d5550000)
  eden space 125312K,   0% used [0x00000000c0000000, 0x00000000c0000000, 0x00000000c7a60000)
  from space 15616K,  99% used [0x00000000c89a0000, 0x00000000c98dfff8, 0x00000000c98e0000)
  to   space 15616K,   0% used [0x00000000c7a60000, 0x00000000c7a60000, 0x00000000c89a0000)
 tenured generation   total 312864K, used 229647K [0x00000000d5550000, 0x00000000e86d8000, 0x0000000100000000)
   the space 312864K,  73% used [0x00000000d5550000, 0x00000000e3593f20, 0x00000000e3594000, 0x00000000e86d8000)
 Metaspace       used 75507K, capacity 80378K, committed 80512K, reserved 1118208K
  class space    used 9747K, capacity 11042K, committed 11136K, reserved 1048576K
}
Event: 108.867 GC heap before
{Heap before GC invocations=222 (full 8):
 def new generation   total 140928K, used 140927K [0x00000000c0000000, 0x00000000c98e0000, 0x00000000d5550000)
  eden space 125312K, 100% used [0x00000000c0000000, 0x00000000c7a60000, 0x00000000c7a60000)
  from space 15616K,  99% used [0x00000000c89a0000, 0x00000000c98dfff8, 0x00000000c98e0000)
  to   space 15616K,   0% used [0x00000000c7a60000, 0x00000000c7a60000, 0x00000000c89a0000)
 tenured generation   total 312864K, used 229647K [0x00000000d5550000, 0x00000000e86d8000, 0x0000000100000000)
   the space 312864K,  73% used [0x00000000d5550000, 0x00000000e3593f20, 0x00000000e3594000, 0x00000000e86d8000)
 Metaspace       used 75523K, capacity 80378K, committed 80512K, reserved 1118208K
  class space    used 9747K, capacity 11042K, committed 11136K, reserved 1048576K
Event: 108.913 GC heap after
Heap after GC invocations=223 (full 8):
 def new generation   total 140928K, used 10470K [0x00000000c0000000, 0x00000000c98e0000, 0x00000000d5550000)
  eden space 125312K,   0% used [0x00000000c0000000, 0x00000000c0000000, 0x00000000c7a60000)
  from space 15616K,  67% used [0x00000000c7a60000, 0x00000000c8499938, 0x00000000c89a0000)
  to   space 15616K,   0% used [0x00000000c89a0000, 0x00000000c89a0000, 0x00000000c98e0000)
 tenured generation   total 312864K, used 244881K [0x00000000d5550000, 0x00000000e86d8000, 0x0000000100000000)
   the space 312864K,  78% used [0x00000000d5550000, 0x00000000e44746e8, 0x00000000e4474800, 0x00000000e86d8000)
 Metaspace       used 75523K, capacity 80378K, committed 80512K, reserved 1118208K
  class space    used 9747K, capacity 11042K, committed 11136K, reserved 1048576K
}
Event: 110.267 GC heap before
{Heap before GC invocations=223 (full 8):
 def new generation   total 140928K, used 135782K [0x00000000c0000000, 0x00000000c98e0000, 0x00000000d5550000)
  eden space 125312K, 100% used [0x00000000c0000000, 0x00000000c7a60000, 0x00000000c7a60000)
  from space 15616K,  67% used [0x00000000c7a60000, 0x00000000c8499938, 0x00000000c89a0000)
  to   space 15616K,   0% used [0x00000000c89a0000, 0x00000000c89a0000, 0x00000000c98e0000)
 tenured generation   total 312864K, used 244881K [0x00000000d5550000, 0x00000000e86d8000, 0x0000000100000000)
   the space 312864K,  78% used [0x00000000d5550000, 0x00000000e44746e8, 0x00000000e4474800, 0x00000000e86d8000)
 Metaspace       used 75545K, capacity 80442K, committed 80768K, reserved 1118208K
  class space    used 9748K, capacity 11042K, committed 11136K, reserved 1048576K
Event: 110.299 GC heap after
Heap after GC invocations=224 (full 8):
 def new generation   total 140928K, used 13371K [0x00000000c0000000, 0x00000000c98e0000, 0x00000000d5550000)
  eden space 125312K,   0% used [0x00000000c0000000, 0x00000000c0000000, 0x00000000c7a60000)
  from space 15616K,  85% used [0x00000000c89a0000, 0x00000000c96aeeb8, 0x00000000c98e0000)
  to   space 15616K,   0% used [0x00000000c7a60000, 0x00000000c7a60000, 0x00000000c89a0000)
 tenured generation   total 312864K, used 254495K [0x00000000d5550000, 0x00000000e86d8000, 0x0000000100000000)
   the space 312864K,  81% used [0x00000000d5550000, 0x00000000e4dd7f68, 0x00000000e4dd8000, 0x00000000e86d8000)
 Metaspace       used 75545K, capacity 80442K, committed 80768K, reserved 1118208K
  class space    used 9748K, capacity 11042K, committed 11136K, reserved 1048576K
}
Event: 111.375 GC heap before
{Heap before GC invocations=224 (full 8):
 def new generation   total 140928K, used 138683K [0x00000000c0000000, 0x00000000c98e0000, 0x00000000d5550000)
  eden space 125312K, 100% used [0x00000000c0000000, 0x00000000c7a60000, 0x00000000c7a60000)
  from space 15616K,  85% used [0x00000000c89a0000, 0x00000000c96aeeb8, 0x00000000c98e0000)
  to   space 15616K,   0% used [0x00000000c7a60000, 0x00000000c7a60000, 0x00000000c89a0000)
 tenured generation   total 312864K, used 254495K [0x00000000d5550000, 0x00000000e86d8000, 0x0000000100000000)
   the space 312864K,  81% used [0x00000000d5550000, 0x00000000e4dd7f68, 0x00000000e4dd8000, 0x00000000e86d8000)
 Metaspace       used 75580K, capacity 80446K, committed 80768K, reserved 1118208K
  class space    used 9748K, capacity 11042K, committed 11136K, reserved 1048576K
Event: 111.412 GC heap after
Heap after GC invocations=225 (full 8):
 def new generation   total 140928K, used 8331K [0x00000000c0000000, 0x00000000c98e0000, 0x00000000d5550000)
  eden space 125312K,   0% used [0x00000000c0000000, 0x00000000c0000000, 0x00000000c7a60000)
  from space 15616K,  53% used [0x00000000c7a60000, 0x00000000c8282cf0, 0x00000000c89a0000)
  to   space 15616K,   0% used [0x00000000c89a0000, 0x00000000c89a0000, 0x00000000c98e0000)
 tenured generation   total 312864K, used 267494K [0x00000000d5550000, 0x00000000e86d8000, 0x0000000100000000)
   the space 312864K,  85% used [0x00000000d5550000, 0x00000000e5a89900, 0x00000000e5a89a00, 0x00000000e86d8000)
 Metaspace       used 75580K, capacity 80446K, committed 80768K, reserved 1118208K
  class space    used 9748K, capacity 11042K, committed 11136K, reserved 1048576K
}
Event: 112.593 GC heap before
{Heap before GC invocations=225 (full 8):
 def new generation   total 140928K, used 133643K [0x00000000c0000000, 0x00000000c98e0000, 0x00000000d5550000)
  eden space 125312K, 100% used [0x00000000c0000000, 0x00000000c7a60000, 0x00000000c7a60000)
  from space 15616K,  53% used [0x00000000c7a60000, 0x00000000c8282cf0, 0x00000000c89a0000)
  to   space 15616K,   0% used [0x00000000c89a0000, 0x00000000c89a0000, 0x00000000c98e0000)
 tenured generation   total 312864K, used 267494K [0x00000000d5550000, 0x00000000e86d8000, 0x0000000100000000)
   the space 312864K,  85% used [0x00000000d5550000, 0x00000000e5a89900, 0x00000000e5a89a00, 0x00000000e86d8000)
 Metaspace       used 75593K, capacity 80446K, committed 80768K, reserved 1118208K
  class space    used 9748K, capacity 11042K, committed 11136K, reserved 1048576K
Event: 112.611 GC heap after
Heap after GC invocations=226 (full 8):
 def new generation   total 140928K, used 10299K [0x00000000c0000000, 0x00000000c98e0000, 0x00000000d5550000)
  eden space 125312K,   0% used [0x00000000c0000000, 0x00000000c0000000, 0x00000000c7a60000)
  from space 15616K,  65% used [0x00000000c89a0000, 0x00000000c93aeec8, 0x00000000c98e0000)
  to   space 15616K,   0% used [0x00000000c7a60000, 0x00000000c7a60000, 0x00000000c89a0000)
 tenured generation   total 312864K, used 275436K [0x00000000d5550000, 0x00000000e86d8000, 0x0000000100000000)
   the space 312864K,  88% used [0x00000000d5550000, 0x00000000e624b080, 0x00000000e624b200, 0x00000000e86d8000)
 Metaspace       used 75593K, capacity 80446K, committed 80768K, reserved 1118208K
  class space    used 9748K, capacity 11042K, committed 11136K, reserved 1048576K
}
Event: 113.775 GC heap before
{Heap before GC invocations=226 (full 8):
 def new generation   total 140928K, used 135611K [0x00000000c0000000, 0x00000000c98e0000, 0x00000000d5550000)
  eden space 125312K, 100% used [0x00000000c0000000, 0x00000000c7a60000, 0x00000000c7a60000)
  from space 15616K,  65% used [0x00000000c89a0000, 0x00000000c93aeec8, 0x00000000c98e0000)
  to   space 15616K,   0% used [0x00000000c7a60000, 0x00000000c7a60000, 0x00000000c89a0000)
 tenured generation   total 312864K, used 275436K [0x00000000d5550000, 0x00000000e86d8000, 0x0000000100000000)
   the space 312864K,  88% used [0x00000000d5550000, 0x00000000e624b080, 0x00000000e624b200, 0x00000000e86d8000)
 Metaspace       used 75594K, capacity 80446K, committed 80768K, reserved 1118208K
  class space    used 9748K, capacity 11042K, committed 11136K, reserved 1048576K
Event: 113.800 GC heap after
Heap after GC invocations=227 (full 8):
 def new generation   total 140928K, used 8074K [0x00000000c0000000, 0x00000000c98e0000, 0x00000000d5550000)
  eden space 125312K,   0% used [0x00000000c0000000, 0x00000000c0000000, 0x00000000c7a60000)
  from space 15616K,  51% used [0x00000000c7a60000, 0x00000000c8242ad0, 0x00000000c89a0000)
  to   space 15616K,   0% used [0x00000000c89a0000, 0x00000000c89a0000, 0x00000000c98e0000)
 tenured generation   total 312864K, used 285105K [0x00000000d5550000, 0x00000000e86d8000, 0x0000000100000000)
   the space 312864K,  91% used [0x00000000d5550000, 0x00000000e6bbc598, 0x00000000e6bbc600, 0x00000000e86d8000)
 Metaspace       used 75594K, capacity 80446K, committed 80768K, reserved 1118208K
  class space    used 9748K, capacity 11042K, committed 11136K, reserved 1048576K
}
Event: 114.955 GC heap before
{Heap before GC invocations=227 (full 8):
 def new generation   total 140928K, used 133386K [0x00000000c0000000, 0x00000000c98e0000, 0x00000000d5550000)
  eden space 125312K, 100% used [0x00000000c0000000, 0x00000000c7a60000, 0x00000000c7a60000)
  from space 15616K,  51% used [0x00000000c7a60000, 0x00000000c8242ad0, 0x00000000c89a0000)
  to   space 15616K,   0% used [0x00000000c89a0000, 0x00000000c89a0000, 0x00000000c98e0000)
 tenured generation   total 312864K, used 285105K [0x00000000d5550000, 0x00000000e86d8000, 0x0000000100000000)
   the space 312864K,  91% used [0x00000000d5550000, 0x00000000e6bbc598, 0x00000000e6bbc600, 0x00000000e86d8000)
 Metaspace       used 75601K, capacity 80510K, committed 80768K, reserved 1118208K
  class space    used 9748K, capacity 11042K, committed 11136K, reserved 1048576K
Event: 114.988 GC heap after
Heap after GC invocations=228 (full 8):
 def new generation   total 140928K, used 9708K [0x00000000c0000000, 0x00000000c98e0000, 0x00000000d5550000)
  eden space 125312K,   0% used [0x00000000c0000000, 0x00000000c0000000, 0x00000000c7a60000)
  from space 15616K,  62% used [0x00000000c89a0000, 0x00000000c931b258, 0x00000000c98e0000)
  to   space 15616K,   0% used [0x00000000c7a60000, 0x00000000c7a60000, 0x00000000c89a0000)
 tenured generation   total 312864K, used 292550K [0x00000000d5550000, 0x00000000e86d8000, 0x0000000100000000)
   the space 312864K,  93% used [0x00000000d5550000, 0x00000000e7301b40, 0x00000000e7301c00, 0x00000000e86d8000)
 Metaspace       used 75601K, capacity 80510K, committed 80768K, reserved 1118208K
  class space    used 9748K, capacity 11042K, committed 11136K, reserved 1048576K
}
Event: 116.427 GC heap before
{Heap before GC invocations=228 (full 8):
 def new generation   total 140928K, used 135020K [0x00000000c0000000, 0x00000000c98e0000, 0x00000000d5550000)
  eden space 125312K, 100% used [0x00000000c0000000, 0x00000000c7a60000, 0x00000000c7a60000)
  from space 15616K,  62% used [0x00000000c89a0000, 0x00000000c931b258, 0x00000000c98e0000)
  to   space 15616K,   0% used [0x00000000c7a60000, 0x00000000c7a60000, 0x00000000c89a0000)
 tenured generation   total 312864K, used 292550K [0x00000000d5550000, 0x00000000e86d8000, 0x0000000100000000)
   the space 312864K,  93% used [0x00000000d5550000, 0x00000000e7301b40, 0x00000000e7301c00, 0x00000000e86d8000)
 Metaspace       used 75605K, capacity 80510K, committed 80768K, reserved 1118208K
  class space    used 9748K, capacity 11042K, committed 11136K, reserved 1048576K
Event: 116.475 GC heap after
Heap after GC invocations=229 (full 8):
 def new generation   total 140928K, used 13730K [0x00000000c0000000, 0x00000000c98e0000, 0x00000000d5550000)
  eden space 125312K,   0% used [0x00000000c0000000, 0x00000000c0000000, 0x00000000c7a60000)
  from space 15616K,  87% used [0x00000000c7a60000, 0x00000000c87c89d8, 0x00000000c89a0000)
  to   space 15616K,   0% used [0x00000000c89a0000, 0x00000000c89a0000, 0x00000000c98e0000)
 tenured generation   total 312864K, used 301623K [0x00000000d5550000, 0x00000000e86d8000, 0x0000000100000000)
   the space 312864K,  96% used [0x00000000d5550000, 0x00000000e7bddd20, 0x00000000e7bdde00, 0x00000000e86d8000)
 Metaspace       used 75605K, capacity 80510K, committed 80768K, reserved 1118208K
  class space    used 9748K, capacity 11042K, committed 11136K, reserved 1048576K
}
Event: 118.155 GC heap before
{Heap before GC invocations=229 (full 8):
 def new generation   total 140928K, used 139042K [0x00000000c0000000, 0x00000000c98e0000, 0x00000000d5550000)
  eden space 125312K, 100% used [0x00000000c0000000, 0x00000000c7a60000, 0x00000000c7a60000)
  from space 15616K,  87% used [0x00000000c7a60000, 0x00000000c87c89d8, 0x00000000c89a0000)
  to   space 15616K,   0% used [0x00000000c89a0000, 0x00000000c89a0000, 0x00000000c98e0000)
 tenured generation   total 312864K, used 301623K [0x00000000d5550000, 0x00000000e86d8000, 0x0000000100000000)
   the space 312864K,  96% used [0x00000000d5550000, 0x00000000e7bddd20, 0x00000000e7bdde00, 0x00000000e86d8000)
 Metaspace       used 75613K, capacity 80510K, committed 80768K, reserved 1118208K
  class space    used 9748K, capacity 11042K, committed 11136K, reserved 1048576K

